CRITICAL - 2023-09-03 00:34:21 --> Undefined index: harga
in APPPATH\Views\v_JenisSampah.php on line 53.
 1 APPPATH\Views\v_JenisSampah.php(53): CodeIgniter\Debug\Exceptions->errorHandler(8, 'Undefined index: harga', 'APPPATH\\Views\\v_JenisSampah.php', 53, [...])
 2 SYSTEMPATH\View\View.php(213): include('APPPATH\\Views\\v_JenisSampah.php')
 3 SYSTEMPATH\View\View.php(216): CodeIgniter\View\View->CodeIgniter\View\{closure}()
 4 SYSTEMPATH\Common.php(1135): CodeIgniter\View\View->render('v_JenisSampah', [], true)
 5 APPPATH\Controllers\JenisSampah.php(23): view('v_JenisSampah', [...])
 6 SYSTEMPATH\CodeIgniter.php(896): App\Controllers\JenisSampah->index()
 7 SYSTEMPATH\CodeIgniter.php(466): CodeIgniter\CodeIgniter->runController(Object(App\Controllers\JenisSampah))
 8 SYSTEMPATH\CodeIgniter.php(349): CodeIgniter\CodeIgniter->handleRequest(null, Object(Config\Cache), false)
 9 FCPATH\index.php(55): CodeIgniter\CodeIgniter->run()
10 SYSTEMPATH\Commands\Server\rewrite.php(43): require_once('FCPATH\\index.php')
CRITICAL - 2023-09-03 04:24:21 --> Undefined index: jenis_sampah
in APPPATH\Views\v_TransaksiSampah.php on line 58.
 1 APPPATH\Views\v_TransaksiSampah.php(58): CodeIgniter\Debug\Exceptions->errorHandler(8, 'Undefined index: jenis_sampah', 'APPPATH\\Views\\v_TransaksiSampah.php', 58, [...])
 2 SYSTEMPATH\View\View.php(213): include('APPPATH\\Views\\v_TransaksiSampah.php')
 3 SYSTEMPATH\View\View.php(216): CodeIgniter\View\View->CodeIgniter\View\{closure}()
 4 SYSTEMPATH\Common.php(1135): CodeIgniter\View\View->render('v_TransaksiSampah', [], true)
 5 APPPATH\Controllers\TransaksiSampah.php(31): view('v_TransaksiSampah', [...])
 6 SYSTEMPATH\CodeIgniter.php(896): App\Controllers\TransaksiSampah->index()
 7 SYSTEMPATH\CodeIgniter.php(466): CodeIgniter\CodeIgniter->runController(Object(App\Controllers\TransaksiSampah))
 8 SYSTEMPATH\CodeIgniter.php(349): CodeIgniter\CodeIgniter->handleRequest(null, Object(Config\Cache), false)
 9 FCPATH\index.php(55): CodeIgniter\CodeIgniter->run()
10 SYSTEMPATH\Commands\Server\rewrite.php(43): require_once('FCPATH\\index.php')
CRITICAL - 2023-09-03 04:26:21 --> Undefined variable: mutasi
in APPPATH\Views\v_detailTransaksiSampah.php on line 28.
 1 APPPATH\Views\v_detailTransaksiSampah.php(28): CodeIgniter\Debug\Exceptions->errorHandler(8, 'Undefined variable: mutasi', 'APPPATH\\Views\\v_detailTransaksiSampah.php', 28, [...])
 2 SYSTEMPATH\View\View.php(213): include('APPPATH\\Views\\v_detailTransaksiSampah.php')
 3 SYSTEMPATH\View\View.php(216): CodeIgniter\View\View->CodeIgniter\View\{closure}()
 4 SYSTEMPATH\Common.php(1135): CodeIgniter\View\View->render('v_detailTransaksiSampah', [], true)
 5 APPPATH\Controllers\TransaksiSampah.php(83): view('v_detailTransaksiSampah', [...])
 6 SYSTEMPATH\CodeIgniter.php(896): App\Controllers\TransaksiSampah->detailTransaksiSampah('2')
 7 SYSTEMPATH\CodeIgniter.php(466): CodeIgniter\CodeIgniter->runController(Object(App\Controllers\TransaksiSampah))
 8 SYSTEMPATH\CodeIgniter.php(349): CodeIgniter\CodeIgniter->handleRequest(null, Object(Config\Cache), false)
 9 FCPATH\index.php(55): CodeIgniter\CodeIgniter->run()
10 SYSTEMPATH\Commands\Server\rewrite.php(43): require_once('FCPATH\\index.php')
CRITICAL - 2023-09-03 04:27:26 --> Undefined index: id_mutasi
in APPPATH\Views\v_detailTransaksiSampah.php on line 73.
 1 APPPATH\Views\v_detailTransaksiSampah.php(73): CodeIgniter\Debug\Exceptions->errorHandler(8, 'Undefined index: id_mutasi', 'APPPATH\\Views\\v_detailTransaksiSampah.php', 73, [...])
 2 SYSTEMPATH\View\View.php(213): include('APPPATH\\Views\\v_detailTransaksiSampah.php')
 3 SYSTEMPATH\View\View.php(216): CodeIgniter\View\View->CodeIgniter\View\{closure}()
 4 SYSTEMPATH\Common.php(1135): CodeIgniter\View\View->render('v_detailTransaksiSampah', [], true)
 5 APPPATH\Controllers\TransaksiSampah.php(83): view('v_detailTransaksiSampah', [...])
 6 SYSTEMPATH\CodeIgniter.php(896): App\Controllers\TransaksiSampah->detailTransaksiSampah('2')
 7 SYSTEMPATH\CodeIgniter.php(466): CodeIgniter\CodeIgniter->runController(Object(App\Controllers\TransaksiSampah))
 8 SYSTEMPATH\CodeIgniter.php(349): CodeIgniter\CodeIgniter->handleRequest(null, Object(Config\Cache), false)
 9 FCPATH\index.php(55): CodeIgniter\CodeIgniter->run()
10 SYSTEMPATH\Commands\Server\rewrite.php(43): require_once('FCPATH\\index.php')
CRITICAL - 2023-09-03 04:35:06 --> Undefined variable: jenissampah
in APPPATH\Views\v_detailTransaksiSampah.php on line 120.
 1 APPPATH\Views\v_detailTransaksiSampah.php(120): CodeIgniter\Debug\Exceptions->errorHandler(8, 'Undefined variable: jenissampah', 'APPPATH\\Views\\v_detailTransaksiSampah.php', 120, [...])
 2 SYSTEMPATH\View\View.php(213): include('APPPATH\\Views\\v_detailTransaksiSampah.php')
 3 SYSTEMPATH\View\View.php(216): CodeIgniter\View\View->CodeIgniter\View\{closure}()
 4 SYSTEMPATH\Common.php(1135): CodeIgniter\View\View->render('v_detailTransaksiSampah', [], true)
 5 APPPATH\Controllers\TransaksiSampah.php(83): view('v_detailTransaksiSampah', [...])
 6 SYSTEMPATH\CodeIgniter.php(896): App\Controllers\TransaksiSampah->detailTransaksiSampah('2')
 7 SYSTEMPATH\CodeIgniter.php(466): CodeIgniter\CodeIgniter->runController(Object(App\Controllers\TransaksiSampah))
 8 SYSTEMPATH\CodeIgniter.php(349): CodeIgniter\CodeIgniter->handleRequest(null, Object(Config\Cache), false)
 9 FCPATH\index.php(55): CodeIgniter\CodeIgniter->run()
10 SYSTEMPATH\Commands\Server\rewrite.php(43): require_once('FCPATH\\index.php')
CRITICAL - 2023-09-03 04:36:42 --> Illegal string offset 'id_jenis_sampah'
in APPPATH\Views\v_detailTransaksiSampah.php on line 121.
 1 APPPATH\Views\v_detailTransaksiSampah.php(121): CodeIgniter\Debug\Exceptions->errorHandler(2, 'Illegal string offset \'id_jenis_sampah\'', 'APPPATH\\Views\\v_detailTransaksiSampah.php', 121, [...])
 2 SYSTEMPATH\View\View.php(213): include('APPPATH\\Views\\v_detailTransaksiSampah.php')
 3 SYSTEMPATH\View\View.php(216): CodeIgniter\View\View->CodeIgniter\View\{closure}()
 4 SYSTEMPATH\Common.php(1135): CodeIgniter\View\View->render('v_detailTransaksiSampah', [], true)
 5 APPPATH\Controllers\TransaksiSampah.php(85): view('v_detailTransaksiSampah', [...])
 6 SYSTEMPATH\CodeIgniter.php(896): App\Controllers\TransaksiSampah->detailTransaksiSampah('2')
 7 SYSTEMPATH\CodeIgniter.php(466): CodeIgniter\CodeIgniter->runController(Object(App\Controllers\TransaksiSampah))
 8 SYSTEMPATH\CodeIgniter.php(349): CodeIgniter\CodeIgniter->handleRequest(null, Object(Config\Cache), false)
 9 FCPATH\index.php(55): CodeIgniter\CodeIgniter->run()
10 SYSTEMPATH\Commands\Server\rewrite.php(43): require_once('FCPATH\\index.php')
CRITICAL - 2023-09-03 04:38:34 --> Illegal string offset 'id_jenis_sampah'
in APPPATH\Views\v_detailTransaksiSampah.php on line 121.
 1 APPPATH\Views\v_detailTransaksiSampah.php(121): CodeIgniter\Debug\Exceptions->errorHandler(2, 'Illegal string offset \'id_jenis_sampah\'', 'APPPATH\\Views\\v_detailTransaksiSampah.php', 121, [...])
 2 SYSTEMPATH\View\View.php(213): include('APPPATH\\Views\\v_detailTransaksiSampah.php')
 3 SYSTEMPATH\View\View.php(216): CodeIgniter\View\View->CodeIgniter\View\{closure}()
 4 SYSTEMPATH\Common.php(1135): CodeIgniter\View\View->render('v_detailTransaksiSampah', [], true)
 5 APPPATH\Controllers\TransaksiSampah.php(85): view('v_detailTransaksiSampah', [...])
 6 SYSTEMPATH\CodeIgniter.php(896): App\Controllers\TransaksiSampah->detailTransaksiSampah('2')
 7 SYSTEMPATH\CodeIgniter.php(466): CodeIgniter\CodeIgniter->runController(Object(App\Controllers\TransaksiSampah))
 8 SYSTEMPATH\CodeIgniter.php(349): CodeIgniter\CodeIgniter->handleRequest(null, Object(Config\Cache), false)
 9 FCPATH\index.php(55): CodeIgniter\CodeIgniter->run()
10 SYSTEMPATH\Commands\Server\rewrite.php(43): require_once('FCPATH\\index.php')
CRITICAL - 2023-09-03 04:38:47 --> Too few arguments to function App\Models\ModelJenisSampah::detailData(), 0 passed in C:\xampp\htdocs\gogosampah\app\Controllers\TransaksiSampah.php on line 69 and exactly 1 expected
in APPPATH\Models\ModelJenisSampah.php on line 37.
 1 APPPATH\Controllers\TransaksiSampah.php(69): App\Models\ModelJenisSampah->detailData()
 2 SYSTEMPATH\CodeIgniter.php(896): App\Controllers\TransaksiSampah->detailTransaksiSampah('2')
 3 SYSTEMPATH\CodeIgniter.php(466): CodeIgniter\CodeIgniter->runController(Object(App\Controllers\TransaksiSampah))
 4 SYSTEMPATH\CodeIgniter.php(349): CodeIgniter\CodeIgniter->handleRequest(null, Object(Config\Cache), false)
 5 FCPATH\index.php(55): CodeIgniter\CodeIgniter->run()
 6 SYSTEMPATH\Commands\Server\rewrite.php(43): require_once('FCPATH\\index.php')
CRITICAL - 2023-09-03 04:39:55 --> Trying to access array offset on value of type null
in APPPATH\Views\v_detailTransaksiSampah.php on line 119.
 1 APPPATH\Views\v_detailTransaksiSampah.php(119): CodeIgniter\Debug\Exceptions->errorHandler(8, 'Trying to access array offset on value of type null', 'APPPATH\\Views\\v_detailTransaksiSampah.php', 119, [...])
 2 SYSTEMPATH\View\View.php(213): include('APPPATH\\Views\\v_detailTransaksiSampah.php')
 3 SYSTEMPATH\View\View.php(216): CodeIgniter\View\View->CodeIgniter\View\{closure}()
 4 SYSTEMPATH\Common.php(1135): CodeIgniter\View\View->render('v_detailTransaksiSampah', [], true)
 5 APPPATH\Controllers\TransaksiSampah.php(85): view('v_detailTransaksiSampah', [...])
 6 SYSTEMPATH\CodeIgniter.php(896): App\Controllers\TransaksiSampah->detailTransaksiSampah('2')
 7 SYSTEMPATH\CodeIgniter.php(466): CodeIgniter\CodeIgniter->runController(Object(App\Controllers\TransaksiSampah))
 8 SYSTEMPATH\CodeIgniter.php(349): CodeIgniter\CodeIgniter->handleRequest(null, Object(Config\Cache), false)
 9 FCPATH\index.php(55): CodeIgniter\CodeIgniter->run()
10 SYSTEMPATH\Commands\Server\rewrite.php(43): require_once('FCPATH\\index.php')
CRITICAL - 2023-09-03 04:40:09 --> Undefined variable: jenissampah
in APPPATH\Views\v_detailTransaksiSampah.php on line 120.
 1 APPPATH\Views\v_detailTransaksiSampah.php(120): CodeIgniter\Debug\Exceptions->errorHandler(8, 'Undefined variable: jenissampah', 'APPPATH\\Views\\v_detailTransaksiSampah.php', 120, [...])
 2 SYSTEMPATH\View\View.php(213): include('APPPATH\\Views\\v_detailTransaksiSampah.php')
 3 SYSTEMPATH\View\View.php(216): CodeIgniter\View\View->CodeIgniter\View\{closure}()
 4 SYSTEMPATH\Common.php(1135): CodeIgniter\View\View->render('v_detailTransaksiSampah', [], true)
 5 APPPATH\Controllers\TransaksiSampah.php(85): view('v_detailTransaksiSampah', [...])
 6 SYSTEMPATH\CodeIgniter.php(896): App\Controllers\TransaksiSampah->detailTransaksiSampah('2')
 7 SYSTEMPATH\CodeIgniter.php(466): CodeIgniter\CodeIgniter->runController(Object(App\Controllers\TransaksiSampah))
 8 SYSTEMPATH\CodeIgniter.php(349): CodeIgniter\CodeIgniter->handleRequest(null, Object(Config\Cache), false)
 9 FCPATH\index.php(55): CodeIgniter\CodeIgniter->run()
10 SYSTEMPATH\Commands\Server\rewrite.php(43): require_once('FCPATH\\index.php')
CRITICAL - 2023-09-03 04:40:21 --> Invalid argument supplied for foreach()
in APPPATH\Views\v_detailTransaksiSampah.php on line 120.
 1 APPPATH\Views\v_detailTransaksiSampah.php(120): CodeIgniter\Debug\Exceptions->errorHandler(2, 'Invalid argument supplied for foreach()', 'APPPATH\\Views\\v_detailTransaksiSampah.php', 120, [...])
 2 SYSTEMPATH\View\View.php(213): include('APPPATH\\Views\\v_detailTransaksiSampah.php')
 3 SYSTEMPATH\View\View.php(216): CodeIgniter\View\View->CodeIgniter\View\{closure}()
 4 SYSTEMPATH\Common.php(1135): CodeIgniter\View\View->render('v_detailTransaksiSampah', [], true)
 5 APPPATH\Controllers\TransaksiSampah.php(85): view('v_detailTransaksiSampah', [...])
 6 SYSTEMPATH\CodeIgniter.php(896): App\Controllers\TransaksiSampah->detailTransaksiSampah('2')
 7 SYSTEMPATH\CodeIgniter.php(466): CodeIgniter\CodeIgniter->runController(Object(App\Controllers\TransaksiSampah))
 8 SYSTEMPATH\CodeIgniter.php(349): CodeIgniter\CodeIgniter->handleRequest(null, Object(Config\Cache), false)
 9 FCPATH\index.php(55): CodeIgniter\CodeIgniter->run()
10 SYSTEMPATH\Commands\Server\rewrite.php(43): require_once('FCPATH\\index.php')
CRITICAL - 2023-09-03 04:40:39 --> Illegal string offset 'id_jenis_sampah'
in APPPATH\Views\v_detailTransaksiSampah.php on line 121.
 1 APPPATH\Views\v_detailTransaksiSampah.php(121): CodeIgniter\Debug\Exceptions->errorHandler(2, 'Illegal string offset \'id_jenis_sampah\'', 'APPPATH\\Views\\v_detailTransaksiSampah.php', 121, [...])
 2 SYSTEMPATH\View\View.php(213): include('APPPATH\\Views\\v_detailTransaksiSampah.php')
 3 SYSTEMPATH\View\View.php(216): CodeIgniter\View\View->CodeIgniter\View\{closure}()
 4 SYSTEMPATH\Common.php(1135): CodeIgniter\View\View->render('v_detailTransaksiSampah', [], true)
 5 APPPATH\Controllers\TransaksiSampah.php(85): view('v_detailTransaksiSampah', [...])
 6 SYSTEMPATH\CodeIgniter.php(896): App\Controllers\TransaksiSampah->detailTransaksiSampah('2')
 7 SYSTEMPATH\CodeIgniter.php(466): CodeIgniter\CodeIgniter->runController(Object(App\Controllers\TransaksiSampah))
 8 SYSTEMPATH\CodeIgniter.php(349): CodeIgniter\CodeIgniter->handleRequest(null, Object(Config\Cache), false)
 9 FCPATH\index.php(55): CodeIgniter\CodeIgniter->run()
10 SYSTEMPATH\Commands\Server\rewrite.php(43): require_once('FCPATH\\index.php')
CRITICAL - 2023-09-03 04:41:00 --> Illegal string offset 'id_jenis_sampah'
in APPPATH\Views\v_detailTransaksiSampah.php on line 121.
 1 APPPATH\Views\v_detailTransaksiSampah.php(121): CodeIgniter\Debug\Exceptions->errorHandler(2, 'Illegal string offset \'id_jenis_sampah\'', 'APPPATH\\Views\\v_detailTransaksiSampah.php', 121, [...])
 2 SYSTEMPATH\View\View.php(213): include('APPPATH\\Views\\v_detailTransaksiSampah.php')
 3 SYSTEMPATH\View\View.php(216): CodeIgniter\View\View->CodeIgniter\View\{closure}()
 4 SYSTEMPATH\Common.php(1135): CodeIgniter\View\View->render('v_detailTransaksiSampah', [], true)
 5 APPPATH\Controllers\TransaksiSampah.php(85): view('v_detailTransaksiSampah', [...])
 6 SYSTEMPATH\CodeIgniter.php(896): App\Controllers\TransaksiSampah->detailTransaksiSampah('2')
 7 SYSTEMPATH\CodeIgniter.php(466): CodeIgniter\CodeIgniter->runController(Object(App\Controllers\TransaksiSampah))
 8 SYSTEMPATH\CodeIgniter.php(349): CodeIgniter\CodeIgniter->handleRequest(null, Object(Config\Cache), false)
 9 FCPATH\index.php(55): CodeIgniter\CodeIgniter->run()
10 SYSTEMPATH\Commands\Server\rewrite.php(43): require_once('FCPATH\\index.php')
CRITICAL - 2023-09-03 04:42:57 --> Illegal string offset 'id_jenis_sampah'
in APPPATH\Views\v_detailTransaksiSampah.php on line 121.
 1 APPPATH\Views\v_detailTransaksiSampah.php(121): CodeIgniter\Debug\Exceptions->errorHandler(2, 'Illegal string offset \'id_jenis_sampah\'', 'APPPATH\\Views\\v_detailTransaksiSampah.php', 121, [...])
 2 SYSTEMPATH\View\View.php(213): include('APPPATH\\Views\\v_detailTransaksiSampah.php')
 3 SYSTEMPATH\View\View.php(216): CodeIgniter\View\View->CodeIgniter\View\{closure}()
 4 SYSTEMPATH\Common.php(1135): CodeIgniter\View\View->render('v_detailTransaksiSampah', [], true)
 5 APPPATH\Controllers\TransaksiSampah.php(85): view('v_detailTransaksiSampah', [...])
 6 SYSTEMPATH\CodeIgniter.php(896): App\Controllers\TransaksiSampah->detailTransaksiSampah('2')
 7 SYSTEMPATH\CodeIgniter.php(466): CodeIgniter\CodeIgniter->runController(Object(App\Controllers\TransaksiSampah))
 8 SYSTEMPATH\CodeIgniter.php(349): CodeIgniter\CodeIgniter->handleRequest(null, Object(Config\Cache), false)
 9 FCPATH\index.php(55): CodeIgniter\CodeIgniter->run()
10 SYSTEMPATH\Commands\Server\rewrite.php(43): require_once('FCPATH\\index.php')
CRITICAL - 2023-09-03 04:43:22 --> Illegal string offset 'id_jenis_sampah'
in APPPATH\Views\v_detailTransaksiSampah.php on line 121.
 1 APPPATH\Views\v_detailTransaksiSampah.php(121): CodeIgniter\Debug\Exceptions->errorHandler(2, 'Illegal string offset \'id_jenis_sampah\'', 'APPPATH\\Views\\v_detailTransaksiSampah.php', 121, [...])
 2 SYSTEMPATH\View\View.php(213): include('APPPATH\\Views\\v_detailTransaksiSampah.php')
 3 SYSTEMPATH\View\View.php(216): CodeIgniter\View\View->CodeIgniter\View\{closure}()
 4 SYSTEMPATH\Common.php(1135): CodeIgniter\View\View->render('v_detailTransaksiSampah', [], true)
 5 APPPATH\Controllers\TransaksiSampah.php(85): view('v_detailTransaksiSampah', [...])
 6 SYSTEMPATH\CodeIgniter.php(896): App\Controllers\TransaksiSampah->detailTransaksiSampah('2')
 7 SYSTEMPATH\CodeIgniter.php(466): CodeIgniter\CodeIgniter->runController(Object(App\Controllers\TransaksiSampah))
 8 SYSTEMPATH\CodeIgniter.php(349): CodeIgniter\CodeIgniter->handleRequest(null, Object(Config\Cache), false)
 9 FCPATH\index.php(55): CodeIgniter\CodeIgniter->run()
10 SYSTEMPATH\Commands\Server\rewrite.php(43): require_once('FCPATH\\index.php')
CRITICAL - 2023-09-03 04:48:15 --> Illegal string offset 'id_jenis_sampah'
in APPPATH\Views\v_detailTransaksiSampah.php on line 121.
 1 APPPATH\Views\v_detailTransaksiSampah.php(121): CodeIgniter\Debug\Exceptions->errorHandler(2, 'Illegal string offset \'id_jenis_sampah\'', 'APPPATH\\Views\\v_detailTransaksiSampah.php', 121, [...])
 2 SYSTEMPATH\View\View.php(213): include('APPPATH\\Views\\v_detailTransaksiSampah.php')
 3 SYSTEMPATH\View\View.php(216): CodeIgniter\View\View->CodeIgniter\View\{closure}()
 4 SYSTEMPATH\Common.php(1135): CodeIgniter\View\View->render('v_detailTransaksiSampah', [], true)
 5 APPPATH\Controllers\TransaksiSampah.php(85): view('v_detailTransaksiSampah', [...])
 6 SYSTEMPATH\CodeIgniter.php(896): App\Controllers\TransaksiSampah->detailTransaksiSampah('2')
 7 SYSTEMPATH\CodeIgniter.php(466): CodeIgniter\CodeIgniter->runController(Object(App\Controllers\TransaksiSampah))
 8 SYSTEMPATH\CodeIgniter.php(349): CodeIgniter\CodeIgniter->handleRequest(null, Object(Config\Cache), false)
 9 FCPATH\index.php(55): CodeIgniter\CodeIgniter->run()
10 SYSTEMPATH\Commands\Server\rewrite.php(43): require_once('FCPATH\\index.php')
CRITICAL - 2023-09-03 04:48:48 --> Illegal string offset 'id_jenis_sampah'
in APPPATH\Views\v_detailTransaksiSampah.php on line 121.
 1 APPPATH\Views\v_detailTransaksiSampah.php(121): CodeIgniter\Debug\Exceptions->errorHandler(2, 'Illegal string offset \'id_jenis_sampah\'', 'APPPATH\\Views\\v_detailTransaksiSampah.php', 121, [...])
 2 SYSTEMPATH\View\View.php(213): include('APPPATH\\Views\\v_detailTransaksiSampah.php')
 3 SYSTEMPATH\View\View.php(216): CodeIgniter\View\View->CodeIgniter\View\{closure}()
 4 SYSTEMPATH\Common.php(1135): CodeIgniter\View\View->render('v_detailTransaksiSampah', [], true)
 5 APPPATH\Controllers\TransaksiSampah.php(85): view('v_detailTransaksiSampah', [...])
 6 SYSTEMPATH\CodeIgniter.php(896): App\Controllers\TransaksiSampah->detailTransaksiSampah('2')
 7 SYSTEMPATH\CodeIgniter.php(466): CodeIgniter\CodeIgniter->runController(Object(App\Controllers\TransaksiSampah))
 8 SYSTEMPATH\CodeIgniter.php(349): CodeIgniter\CodeIgniter->handleRequest(null, Object(Config\Cache), false)
 9 FCPATH\index.php(55): CodeIgniter\CodeIgniter->run()
10 SYSTEMPATH\Commands\Server\rewrite.php(43): require_once('FCPATH\\index.php')
CRITICAL - 2023-09-03 04:50:28 --> Undefined index: jumlah
in APPPATH\Views\v_detailTransaksiSampah.php on line 127.
 1 APPPATH\Views\v_detailTransaksiSampah.php(127): CodeIgniter\Debug\Exceptions->errorHandler(8, 'Undefined index: jumlah', 'APPPATH\\Views\\v_detailTransaksiSampah.php', 127, [...])
 2 SYSTEMPATH\View\View.php(213): include('APPPATH\\Views\\v_detailTransaksiSampah.php')
 3 SYSTEMPATH\View\View.php(216): CodeIgniter\View\View->CodeIgniter\View\{closure}()
 4 SYSTEMPATH\Common.php(1135): CodeIgniter\View\View->render('v_detailTransaksiSampah', [], true)
 5 APPPATH\Controllers\TransaksiSampah.php(85): view('v_detailTransaksiSampah', [...])
 6 SYSTEMPATH\CodeIgniter.php(896): App\Controllers\TransaksiSampah->detailTransaksiSampah('2')
 7 SYSTEMPATH\CodeIgniter.php(466): CodeIgniter\CodeIgniter->runController(Object(App\Controllers\TransaksiSampah))
 8 SYSTEMPATH\CodeIgniter.php(349): CodeIgniter\CodeIgniter->handleRequest(null, Object(Config\Cache), false)
 9 FCPATH\index.php(55): CodeIgniter\CodeIgniter->run()
10 SYSTEMPATH\Commands\Server\rewrite.php(43): require_once('FCPATH\\index.php')
CRITICAL - 2023-09-03 05:03:48 --> Undefined index: id_jenis_sampah
in APPPATH\Views\v_detailTransaksiSampah.php on line 121.
 1 APPPATH\Views\v_detailTransaksiSampah.php(121): CodeIgniter\Debug\Exceptions->errorHandler(8, 'Undefined index: id_jenis_sampah', 'APPPATH\\Views\\v_detailTransaksiSampah.php', 121, [...])
 2 SYSTEMPATH\View\View.php(213): include('APPPATH\\Views\\v_detailTransaksiSampah.php')
 3 SYSTEMPATH\View\View.php(216): CodeIgniter\View\View->CodeIgniter\View\{closure}()
 4 SYSTEMPATH\Common.php(1135): CodeIgniter\View\View->render('v_detailTransaksiSampah', [], true)
 5 APPPATH\Controllers\TransaksiSampah.php(85): view('v_detailTransaksiSampah', [...])
 6 SYSTEMPATH\CodeIgniter.php(896): App\Controllers\TransaksiSampah->detailTransaksiSampah('2')
 7 SYSTEMPATH\CodeIgniter.php(466): CodeIgniter\CodeIgniter->runController(Object(App\Controllers\TransaksiSampah))
 8 SYSTEMPATH\CodeIgniter.php(349): CodeIgniter\CodeIgniter->handleRequest(null, Object(Config\Cache), false)
 9 FCPATH\index.php(55): CodeIgniter\CodeIgniter->run()
10 SYSTEMPATH\Commands\Server\rewrite.php(43): require_once('FCPATH\\index.php')
CRITICAL - 2023-09-03 05:05:17 --> Undefined index: id_jenis_sampah
in APPPATH\Views\v_detailTransaksiSampah.php on line 121.
 1 APPPATH\Views\v_detailTransaksiSampah.php(121): CodeIgniter\Debug\Exceptions->errorHandler(8, 'Undefined index: id_jenis_sampah', 'APPPATH\\Views\\v_detailTransaksiSampah.php', 121, [...])
 2 SYSTEMPATH\View\View.php(213): include('APPPATH\\Views\\v_detailTransaksiSampah.php')
 3 SYSTEMPATH\View\View.php(216): CodeIgniter\View\View->CodeIgniter\View\{closure}()
 4 SYSTEMPATH\Common.php(1135): CodeIgniter\View\View->render('v_detailTransaksiSampah', [], true)
 5 APPPATH\Controllers\TransaksiSampah.php(85): view('v_detailTransaksiSampah', [...])
 6 SYSTEMPATH\CodeIgniter.php(896): App\Controllers\TransaksiSampah->detailTransaksiSampah('2')
 7 SYSTEMPATH\CodeIgniter.php(466): CodeIgniter\CodeIgniter->runController(Object(App\Controllers\TransaksiSampah))
 8 SYSTEMPATH\CodeIgniter.php(349): CodeIgniter\CodeIgniter->handleRequest(null, Object(Config\Cache), false)
 9 FCPATH\index.php(55): CodeIgniter\CodeIgniter->run()
10 SYSTEMPATH\Commands\Server\rewrite.php(43): require_once('FCPATH\\index.php')
CRITICAL - 2023-09-03 05:05:21 --> Undefined index: id_jenis_sampah
in APPPATH\Views\v_detailTransaksiSampah.php on line 121.
 1 APPPATH\Views\v_detailTransaksiSampah.php(121): CodeIgniter\Debug\Exceptions->errorHandler(8, 'Undefined index: id_jenis_sampah', 'APPPATH\\Views\\v_detailTransaksiSampah.php', 121, [...])
 2 SYSTEMPATH\View\View.php(213): include('APPPATH\\Views\\v_detailTransaksiSampah.php')
 3 SYSTEMPATH\View\View.php(216): CodeIgniter\View\View->CodeIgniter\View\{closure}()
 4 SYSTEMPATH\Common.php(1135): CodeIgniter\View\View->render('v_detailTransaksiSampah', [], true)
 5 APPPATH\Controllers\TransaksiSampah.php(85): view('v_detailTransaksiSampah', [...])
 6 SYSTEMPATH\CodeIgniter.php(896): App\Controllers\TransaksiSampah->detailTransaksiSampah('2')
 7 SYSTEMPATH\CodeIgniter.php(466): CodeIgniter\CodeIgniter->runController(Object(App\Controllers\TransaksiSampah))
 8 SYSTEMPATH\CodeIgniter.php(349): CodeIgniter\CodeIgniter->handleRequest(null, Object(Config\Cache), false)
 9 FCPATH\index.php(55): CodeIgniter\CodeIgniter->run()
10 SYSTEMPATH\Commands\Server\rewrite.php(43): require_once('FCPATH\\index.php')
CRITICAL - 2023-09-03 05:08:04 --> Undefined index: jenis_sampah
in APPPATH\Views\v_detailTransaksiSampah.php on line 121.
 1 APPPATH\Views\v_detailTransaksiSampah.php(121): CodeIgniter\Debug\Exceptions->errorHandler(8, 'Undefined index: jenis_sampah', 'APPPATH\\Views\\v_detailTransaksiSampah.php', 121, [...])
 2 SYSTEMPATH\View\View.php(213): include('APPPATH\\Views\\v_detailTransaksiSampah.php')
 3 SYSTEMPATH\View\View.php(216): CodeIgniter\View\View->CodeIgniter\View\{closure}()
 4 SYSTEMPATH\Common.php(1135): CodeIgniter\View\View->render('v_detailTransaksiSampah', [], true)
 5 APPPATH\Controllers\TransaksiSampah.php(85): view('v_detailTransaksiSampah', [...])
 6 SYSTEMPATH\CodeIgniter.php(896): App\Controllers\TransaksiSampah->detailTransaksiSampah('2')
 7 SYSTEMPATH\CodeIgniter.php(466): CodeIgniter\CodeIgniter->runController(Object(App\Controllers\TransaksiSampah))
 8 SYSTEMPATH\CodeIgniter.php(349): CodeIgniter\CodeIgniter->handleRequest(null, Object(Config\Cache), false)
 9 FCPATH\index.php(55): CodeIgniter\CodeIgniter->run()
10 SYSTEMPATH\Commands\Server\rewrite.php(43): require_once('FCPATH\\index.php')
CRITICAL - 2023-09-03 05:08:13 --> Undefined index: id_jenis_sampah
in APPPATH\Views\v_detailTransaksiSampah.php on line 121.
 1 APPPATH\Views\v_detailTransaksiSampah.php(121): CodeIgniter\Debug\Exceptions->errorHandler(8, 'Undefined index: id_jenis_sampah', 'APPPATH\\Views\\v_detailTransaksiSampah.php', 121, [...])
 2 SYSTEMPATH\View\View.php(213): include('APPPATH\\Views\\v_detailTransaksiSampah.php')
 3 SYSTEMPATH\View\View.php(216): CodeIgniter\View\View->CodeIgniter\View\{closure}()
 4 SYSTEMPATH\Common.php(1135): CodeIgniter\View\View->render('v_detailTransaksiSampah', [], true)
 5 APPPATH\Controllers\TransaksiSampah.php(85): view('v_detailTransaksiSampah', [...])
 6 SYSTEMPATH\CodeIgniter.php(896): App\Controllers\TransaksiSampah->detailTransaksiSampah('2')
 7 SYSTEMPATH\CodeIgniter.php(466): CodeIgniter\CodeIgniter->runController(Object(App\Controllers\TransaksiSampah))
 8 SYSTEMPATH\CodeIgniter.php(349): CodeIgniter\CodeIgniter->handleRequest(null, Object(Config\Cache), false)
 9 FCPATH\index.php(55): CodeIgniter\CodeIgniter->run()
10 SYSTEMPATH\Commands\Server\rewrite.php(43): require_once('FCPATH\\index.php')
CRITICAL - 2023-09-03 05:12:02 --> Illegal string offset 'id_jenis_sampah'
in APPPATH\Views\v_detailTransaksiSampah.php on line 121.
 1 APPPATH\Views\v_detailTransaksiSampah.php(121): CodeIgniter\Debug\Exceptions->errorHandler(2, 'Illegal string offset \'id_jenis_sampah\'', 'APPPATH\\Views\\v_detailTransaksiSampah.php', 121, [...])
 2 SYSTEMPATH\View\View.php(213): include('APPPATH\\Views\\v_detailTransaksiSampah.php')
 3 SYSTEMPATH\View\View.php(216): CodeIgniter\View\View->CodeIgniter\View\{closure}()
 4 SYSTEMPATH\Common.php(1135): CodeIgniter\View\View->render('v_detailTransaksiSampah', [], true)
 5 APPPATH\Controllers\TransaksiSampah.php(85): view('v_detailTransaksiSampah', [...])
 6 SYSTEMPATH\CodeIgniter.php(896): App\Controllers\TransaksiSampah->detailTransaksiSampah('2')
 7 SYSTEMPATH\CodeIgniter.php(466): CodeIgniter\CodeIgniter->runController(Object(App\Controllers\TransaksiSampah))
 8 SYSTEMPATH\CodeIgniter.php(349): CodeIgniter\CodeIgniter->handleRequest(null, Object(Config\Cache), false)
 9 FCPATH\index.php(55): CodeIgniter\CodeIgniter->run()
10 SYSTEMPATH\Commands\Server\rewrite.php(43): require_once('FCPATH\\index.php')
CRITICAL - 2023-09-03 05:12:07 --> Illegal string offset 'id_jenis_sampah'
in APPPATH\Views\v_detailTransaksiSampah.php on line 121.
 1 APPPATH\Views\v_detailTransaksiSampah.php(121): CodeIgniter\Debug\Exceptions->errorHandler(2, 'Illegal string offset \'id_jenis_sampah\'', 'APPPATH\\Views\\v_detailTransaksiSampah.php', 121, [...])
 2 SYSTEMPATH\View\View.php(213): include('APPPATH\\Views\\v_detailTransaksiSampah.php')
 3 SYSTEMPATH\View\View.php(216): CodeIgniter\View\View->CodeIgniter\View\{closure}()
 4 SYSTEMPATH\Common.php(1135): CodeIgniter\View\View->render('v_detailTransaksiSampah', [], true)
 5 APPPATH\Controllers\TransaksiSampah.php(85): view('v_detailTransaksiSampah', [...])
 6 SYSTEMPATH\CodeIgniter.php(896): App\Controllers\TransaksiSampah->detailTransaksiSampah('2')
 7 SYSTEMPATH\CodeIgniter.php(466): CodeIgniter\CodeIgniter->runController(Object(App\Controllers\TransaksiSampah))
 8 SYSTEMPATH\CodeIgniter.php(349): CodeIgniter\CodeIgniter->handleRequest(null, Object(Config\Cache), false)
 9 FCPATH\index.php(55): CodeIgniter\CodeIgniter->run()
10 SYSTEMPATH\Commands\Server\rewrite.php(43): require_once('FCPATH\\index.php')
CRITICAL - 2023-09-03 05:12:22 --> Undefined index: id_jenis_sampah
in APPPATH\Views\v_detailTransaksiSampah.php on line 121.
 1 APPPATH\Views\v_detailTransaksiSampah.php(121): CodeIgniter\Debug\Exceptions->errorHandler(8, 'Undefined index: id_jenis_sampah', 'APPPATH\\Views\\v_detailTransaksiSampah.php', 121, [...])
 2 SYSTEMPATH\View\View.php(213): include('APPPATH\\Views\\v_detailTransaksiSampah.php')
 3 SYSTEMPATH\View\View.php(216): CodeIgniter\View\View->CodeIgniter\View\{closure}()
 4 SYSTEMPATH\Common.php(1135): CodeIgniter\View\View->render('v_detailTransaksiSampah', [], true)
 5 APPPATH\Controllers\TransaksiSampah.php(85): view('v_detailTransaksiSampah', [...])
 6 SYSTEMPATH\CodeIgniter.php(896): App\Controllers\TransaksiSampah->detailTransaksiSampah('2')
 7 SYSTEMPATH\CodeIgniter.php(466): CodeIgniter\CodeIgniter->runController(Object(App\Controllers\TransaksiSampah))
 8 SYSTEMPATH\CodeIgniter.php(349): CodeIgniter\CodeIgniter->handleRequest(null, Object(Config\Cache), false)
 9 FCPATH\index.php(55): CodeIgniter\CodeIgniter->run()
10 SYSTEMPATH\Commands\Server\rewrite.php(43): require_once('FCPATH\\index.php')
