CRITICAL - 2023-08-29 08:36:13 --> Invalid file: v_Login-admin.php
in SYSTEMPATH\Exceptions\FrameworkException.php on line 33.
 1 SYSTEMPATH\View\View.php(201): CodeIgniter\Exceptions\FrameworkException::forInvalidFile('v_Login-admin.php')
 2 SYSTEMPATH\Common.php(1135): CodeIgniter\View\View->render('v_Login-admin', [], true)
 3 APPPATH\Controllers\Auth.php(29): view('v_Login-admin', [...])
 4 SYSTEMPATH\CodeIgniter.php(896): App\Controllers\Auth->login_adm()
 5 SYSTEMPATH\CodeIgniter.php(466): CodeIgniter\CodeIgniter->runController(Object(App\Controllers\Auth))
 6 SYSTEMPATH\CodeIgniter.php(349): CodeIgniter\CodeIgniter->handleRequest(null, Object(Config\Cache), false)
 7 FCPATH\index.php(55): CodeIgniter\CodeIgniter->run()
 8 SYSTEMPATH\Commands\Server\rewrite.php(43): require_once('FCPATH\\index.php')
CRITICAL - 2023-08-29 08:37:12 --> Invalid file: v_Login-admin.php
in SYSTEMPATH\Exceptions\FrameworkException.php on line 33.
 1 SYSTEMPATH\View\View.php(201): CodeIgniter\Exceptions\FrameworkException::forInvalidFile('v_Login-admin.php')
 2 SYSTEMPATH\Common.php(1135): CodeIgniter\View\View->render('v_Login-admin', [], true)
 3 APPPATH\Controllers\Auth.php(29): view('v_Login-admin', [...])
 4 SYSTEMPATH\CodeIgniter.php(896): App\Controllers\Auth->login_adm()
 5 SYSTEMPATH\CodeIgniter.php(466): CodeIgniter\CodeIgniter->runController(Object(App\Controllers\Auth))
 6 SYSTEMPATH\CodeIgniter.php(349): CodeIgniter\CodeIgniter->handleRequest(null, Object(Config\Cache), false)
 7 FCPATH\index.php(55): CodeIgniter\CodeIgniter->run()
 8 SYSTEMPATH\Commands\Server\rewrite.php(43): require_once('FCPATH\\index.php')
CRITICAL - 2023-08-29 08:37:16 --> Invalid file: v_Login-admin.php
in SYSTEMPATH\Exceptions\FrameworkException.php on line 33.
 1 SYSTEMPATH\View\View.php(201): CodeIgniter\Exceptions\FrameworkException::forInvalidFile('v_Login-admin.php')
 2 SYSTEMPATH\Common.php(1135): CodeIgniter\View\View->render('v_Login-admin', [], true)
 3 APPPATH\Controllers\Auth.php(29): view('v_Login-admin', [...])
 4 SYSTEMPATH\CodeIgniter.php(896): App\Controllers\Auth->login_adm()
 5 SYSTEMPATH\CodeIgniter.php(466): CodeIgniter\CodeIgniter->runController(Object(App\Controllers\Auth))
 6 SYSTEMPATH\CodeIgniter.php(349): CodeIgniter\CodeIgniter->handleRequest(null, Object(Config\Cache), false)
 7 FCPATH\index.php(55): CodeIgniter\CodeIgniter->run()
 8 SYSTEMPATH\Commands\Server\rewrite.php(43): require_once('FCPATH\\index.php')
CRITICAL - 2023-08-29 08:37:27 --> Invalid file: v_Login-admin.php
in SYSTEMPATH\Exceptions\FrameworkException.php on line 33.
 1 SYSTEMPATH\View\View.php(201): CodeIgniter\Exceptions\FrameworkException::forInvalidFile('v_Login-admin.php')
 2 SYSTEMPATH\Common.php(1135): CodeIgniter\View\View->render('v_Login-admin', [], true)
 3 APPPATH\Controllers\Auth.php(29): view('v_Login-admin', [...])
 4 SYSTEMPATH\CodeIgniter.php(896): App\Controllers\Auth->login_adm()
 5 SYSTEMPATH\CodeIgniter.php(466): CodeIgniter\CodeIgniter->runController(Object(App\Controllers\Auth))
 6 SYSTEMPATH\CodeIgniter.php(349): CodeIgniter\CodeIgniter->handleRequest(null, Object(Config\Cache), false)
 7 FCPATH\index.php(55): CodeIgniter\CodeIgniter->run()
 8 SYSTEMPATH\Commands\Server\rewrite.php(43): require_once('FCPATH\\index.php')
CRITICAL - 2023-08-29 08:39:50 --> You must set the database table to be used with your query.
in SYSTEMPATH\Database\BaseConnection.php on line 874.
 1 SYSTEMPATH\Model.php(586): CodeIgniter\Database\BaseConnection->table(null)
 2 SYSTEMPATH\Model.php(763): CodeIgniter\Model->builder()
 3 APPPATH\Controllers\Auth.php(53): CodeIgniter\Model->__call('login_adm', [...])
 4 SYSTEMPATH\CodeIgniter.php(896): App\Controllers\Auth->cek_login_adm()
 5 SYSTEMPATH\CodeIgniter.php(466): CodeIgniter\CodeIgniter->runController(Object(App\Controllers\Auth))
 6 SYSTEMPATH\CodeIgniter.php(349): CodeIgniter\CodeIgniter->handleRequest(null, Object(Config\Cache), false)
 7 FCPATH\index.php(55): CodeIgniter\CodeIgniter->run()
 8 SYSTEMPATH\Commands\Server\rewrite.php(43): require_once('FCPATH\\index.php')
CRITICAL - 2023-08-29 09:00:58 --> You must set the database table to be used with your query.
in SYSTEMPATH\Database\BaseConnection.php on line 874.
 1 SYSTEMPATH\Model.php(586): CodeIgniter\Database\BaseConnection->table(null)
 2 SYSTEMPATH\Model.php(763): CodeIgniter\Model->builder()
 3 APPPATH\Controllers\Auth.php(51): CodeIgniter\Model->__call('login_admin', [...])
 4 SYSTEMPATH\CodeIgniter.php(896): App\Controllers\Auth->cek_login_admin()
 5 SYSTEMPATH\CodeIgniter.php(466): CodeIgniter\CodeIgniter->runController(Object(App\Controllers\Auth))
 6 SYSTEMPATH\CodeIgniter.php(349): CodeIgniter\CodeIgniter->handleRequest(null, Object(Config\Cache), false)
 7 FCPATH\index.php(55): CodeIgniter\CodeIgniter->run()
 8 SYSTEMPATH\Commands\Server\rewrite.php(43): require_once('FCPATH\\index.php')
CRITICAL - 2023-08-29 09:01:47 --> Class 'App\Filters\FilterKaryawan' not found
in SYSTEMPATH\Filters\Filters.php on line 166.
 1 SYSTEMPATH\CodeIgniter.php(440): CodeIgniter\Filters\Filters->run('Admin', 'before')
 2 SYSTEMPATH\CodeIgniter.php(349): CodeIgniter\CodeIgniter->handleRequest(null, Object(Config\Cache), false)
 3 FCPATH\index.php(55): CodeIgniter\CodeIgniter->run()
 4 SYSTEMPATH\Commands\Server\rewrite.php(43): require_once('FCPATH\\index.php')
ERROR - 2023-08-29 19:52:48 --> Table 'db_gogogreen.tbl_level' doesn't exist
CRITICAL - 2023-08-29 19:52:48 --> Table 'db_gogogreen.tbl_level' doesn't exist
in SYSTEMPATH\Database\MySQLi\Connection.php on line 292.
 1 SYSTEMPATH\Database\MySQLi\Connection.php(292): mysqli->query('SELECT *
FROM `tbl_user`
LEFT JOIN `tbl_level` ON `tbl_level`.`id_level` = `tbl_user`.`id_level`
ORDER BY `id_user` ASC', 0)
 2 SYSTEMPATH\Database\BaseConnection.php(695): CodeIgniter\Database\MySQLi\Connection->execute('SELECT *
FROM `tbl_user`
LEFT JOIN `tbl_level` ON `tbl_level`.`id_level` = `tbl_user`.`id_level`
ORDER BY `id_user` ASC')
 3 SYSTEMPATH\Database\BaseConnection.php(609): CodeIgniter\Database\BaseConnection->simpleQuery('SELECT *
FROM `tbl_user`
LEFT JOIN `tbl_level` ON `tbl_level`.`id_level` = `tbl_user`.`id_level`
ORDER BY `id_user` ASC')
 4 SYSTEMPATH\Database\BaseBuilder.php(1585): CodeIgniter\Database\BaseConnection->query('SELECT *
FROM `tbl_user`
LEFT JOIN `tbl_level` ON `tbl_level`.`id_level` = `tbl_user`.`id_level`
ORDER BY `id_user` ASC', [], false)
 5 APPPATH\Models\ModelPengguna.php(14): CodeIgniter\Database\BaseBuilder->get()
 6 APPPATH\Controllers\Pengguna.php(22): App\Models\ModelPengguna->getAllData()
 7 SYSTEMPATH\CodeIgniter.php(896): App\Controllers\Pengguna->index()
 8 SYSTEMPATH\CodeIgniter.php(466): CodeIgniter\CodeIgniter->runController(Object(App\Controllers\Pengguna))
 9 SYSTEMPATH\CodeIgniter.php(349): CodeIgniter\CodeIgniter->handleRequest(null, Object(Config\Cache), false)
10 FCPATH\index.php(55): CodeIgniter\CodeIgniter->run()
11 SYSTEMPATH\Commands\Server\rewrite.php(43): require_once('FCPATH\\index.php')
CRITICAL - 2023-08-29 19:53:35 --> Invalid file: v_Pengguna.php
in SYSTEMPATH\Exceptions\FrameworkException.php on line 33.
 1 SYSTEMPATH\View\View.php(201): CodeIgniter\Exceptions\FrameworkException::forInvalidFile('v_Pengguna.php')
 2 SYSTEMPATH\Common.php(1135): CodeIgniter\View\View->render('v_Pengguna', [], true)
 3 APPPATH\Controllers\Pengguna.php(24): view('v_Pengguna', [...])
 4 SYSTEMPATH\CodeIgniter.php(896): App\Controllers\Pengguna->index()
 5 SYSTEMPATH\CodeIgniter.php(466): CodeIgniter\CodeIgniter->runController(Object(App\Controllers\Pengguna))
 6 SYSTEMPATH\CodeIgniter.php(349): CodeIgniter\CodeIgniter->handleRequest(null, Object(Config\Cache), false)
 7 FCPATH\index.php(55): CodeIgniter\CodeIgniter->run()
 8 SYSTEMPATH\Commands\Server\rewrite.php(43): require_once('FCPATH\\index.php')
CRITICAL - 2023-08-29 19:54:40 --> Invalid file: v_Pengguna.php
in SYSTEMPATH\Exceptions\FrameworkException.php on line 33.
 1 SYSTEMPATH\View\View.php(201): CodeIgniter\Exceptions\FrameworkException::forInvalidFile('v_Pengguna.php')
 2 SYSTEMPATH\Common.php(1135): CodeIgniter\View\View->render('v_Pengguna', [], true)
 3 APPPATH\Controllers\Pengguna.php(24): view('v_Pengguna', [...])
 4 SYSTEMPATH\CodeIgniter.php(896): App\Controllers\Pengguna->index()
 5 SYSTEMPATH\CodeIgniter.php(466): CodeIgniter\CodeIgniter->runController(Object(App\Controllers\Pengguna))
 6 SYSTEMPATH\CodeIgniter.php(349): CodeIgniter\CodeIgniter->handleRequest(null, Object(Config\Cache), false)
 7 FCPATH\index.php(55): CodeIgniter\CodeIgniter->run()
 8 SYSTEMPATH\Commands\Server\rewrite.php(43): require_once('FCPATH\\index.php')
CRITICAL - 2023-08-29 19:54:54 --> Invalid file: v_Pengguna.php
in SYSTEMPATH\Exceptions\FrameworkException.php on line 33.
 1 SYSTEMPATH\View\View.php(201): CodeIgniter\Exceptions\FrameworkException::forInvalidFile('v_Pengguna.php')
 2 SYSTEMPATH\Common.php(1135): CodeIgniter\View\View->render('v_Pengguna', [], true)
 3 APPPATH\Controllers\Pengguna.php(24): view('v_Pengguna', [...])
 4 SYSTEMPATH\CodeIgniter.php(896): App\Controllers\Pengguna->index()
 5 SYSTEMPATH\CodeIgniter.php(466): CodeIgniter\CodeIgniter->runController(Object(App\Controllers\Pengguna))
 6 SYSTEMPATH\CodeIgniter.php(349): CodeIgniter\CodeIgniter->handleRequest(null, Object(Config\Cache), false)
 7 FCPATH\index.php(55): CodeIgniter\CodeIgniter->run()
 8 SYSTEMPATH\Commands\Server\rewrite.php(43): require_once('FCPATH\\index.php')
CRITICAL - 2023-08-29 19:55:06 --> Undefined index: nama
in APPPATH\Views\v_Pengguna.php on line 55.
 1 APPPATH\Views\v_Pengguna.php(55): CodeIgniter\Debug\Exceptions->errorHandler(8, 'Undefined index: nama', 'APPPATH\\Views\\v_Pengguna.php', 55, [...])
 2 SYSTEMPATH\View\View.php(213): include('APPPATH\\Views\\v_Pengguna.php')
 3 SYSTEMPATH\View\View.php(216): CodeIgniter\View\View->CodeIgniter\View\{closure}()
 4 SYSTEMPATH\Common.php(1135): CodeIgniter\View\View->render('v_Pengguna', [], true)
 5 APPPATH\Controllers\Pengguna.php(24): view('v_Pengguna', [...])
 6 SYSTEMPATH\CodeIgniter.php(896): App\Controllers\Pengguna->index()
 7 SYSTEMPATH\CodeIgniter.php(466): CodeIgniter\CodeIgniter->runController(Object(App\Controllers\Pengguna))
 8 SYSTEMPATH\CodeIgniter.php(349): CodeIgniter\CodeIgniter->handleRequest(null, Object(Config\Cache), false)
 9 FCPATH\index.php(55): CodeIgniter\CodeIgniter->run()
10 SYSTEMPATH\Commands\Server\rewrite.php(43): require_once('FCPATH\\index.php')
CRITICAL - 2023-08-29 19:55:35 --> Undefined index: foto
in APPPATH\Views\v_Pengguna.php on line 56.
 1 APPPATH\Views\v_Pengguna.php(56): CodeIgniter\Debug\Exceptions->errorHandler(8, 'Undefined index: foto', 'APPPATH\\Views\\v_Pengguna.php', 56, [...])
 2 SYSTEMPATH\View\View.php(213): include('APPPATH\\Views\\v_Pengguna.php')
 3 SYSTEMPATH\View\View.php(216): CodeIgniter\View\View->CodeIgniter\View\{closure}()
 4 SYSTEMPATH\Common.php(1135): CodeIgniter\View\View->render('v_Pengguna', [], true)
 5 APPPATH\Controllers\Pengguna.php(24): view('v_Pengguna', [...])
 6 SYSTEMPATH\CodeIgniter.php(896): App\Controllers\Pengguna->index()
 7 SYSTEMPATH\CodeIgniter.php(466): CodeIgniter\CodeIgniter->runController(Object(App\Controllers\Pengguna))
 8 SYSTEMPATH\CodeIgniter.php(349): CodeIgniter\CodeIgniter->handleRequest(null, Object(Config\Cache), false)
 9 FCPATH\index.php(55): CodeIgniter\CodeIgniter->run()
10 SYSTEMPATH\Commands\Server\rewrite.php(43): require_once('FCPATH\\index.php')
CRITICAL - 2023-08-29 19:56:25 --> Undefined variable: level
in APPPATH\Views\v_Pengguna.php on line 101.
 1 APPPATH\Views\v_Pengguna.php(101): CodeIgniter\Debug\Exceptions->errorHandler(8, 'Undefined variable: level', 'APPPATH\\Views\\v_Pengguna.php', 101, [...])
 2 SYSTEMPATH\View\View.php(213): include('APPPATH\\Views\\v_Pengguna.php')
 3 SYSTEMPATH\View\View.php(216): CodeIgniter\View\View->CodeIgniter\View\{closure}()
 4 SYSTEMPATH\Common.php(1135): CodeIgniter\View\View->render('v_Pengguna', [], true)
 5 APPPATH\Controllers\Pengguna.php(24): view('v_Pengguna', [...])
 6 SYSTEMPATH\CodeIgniter.php(896): App\Controllers\Pengguna->index()
 7 SYSTEMPATH\CodeIgniter.php(466): CodeIgniter\CodeIgniter->runController(Object(App\Controllers\Pengguna))
 8 SYSTEMPATH\CodeIgniter.php(349): CodeIgniter\CodeIgniter->handleRequest(null, Object(Config\Cache), false)
 9 FCPATH\index.php(55): CodeIgniter\CodeIgniter->run()
10 SYSTEMPATH\Commands\Server\rewrite.php(43): require_once('FCPATH\\index.php')
CRITICAL - 2023-08-29 19:59:40 --> Undefined index: nama
in APPPATH\Views\v_Pengguna.php on line 136.
 1 APPPATH\Views\v_Pengguna.php(136): CodeIgniter\Debug\Exceptions->errorHandler(8, 'Undefined index: nama', 'APPPATH\\Views\\v_Pengguna.php', 136, [...])
 2 SYSTEMPATH\View\View.php(213): include('APPPATH\\Views\\v_Pengguna.php')
 3 SYSTEMPATH\View\View.php(216): CodeIgniter\View\View->CodeIgniter\View\{closure}()
 4 SYSTEMPATH\Common.php(1135): CodeIgniter\View\View->render('v_Pengguna', [], true)
 5 APPPATH\Controllers\Pengguna.php(23): view('v_Pengguna', [...])
 6 SYSTEMPATH\CodeIgniter.php(896): App\Controllers\Pengguna->index()
 7 SYSTEMPATH\CodeIgniter.php(466): CodeIgniter\CodeIgniter->runController(Object(App\Controllers\Pengguna))
 8 SYSTEMPATH\CodeIgniter.php(349): CodeIgniter\CodeIgniter->handleRequest(null, Object(Config\Cache), false)
 9 FCPATH\index.php(55): CodeIgniter\CodeIgniter->run()
10 SYSTEMPATH\Commands\Server\rewrite.php(43): require_once('FCPATH\\index.php')
CRITICAL - 2023-08-29 20:07:28 --> Undefined variable: level
in APPPATH\Views\v_Pengguna.php on line 102.
 1 APPPATH\Views\v_Pengguna.php(102): CodeIgniter\Debug\Exceptions->errorHandler(8, 'Undefined variable: level', 'APPPATH\\Views\\v_Pengguna.php', 102, [...])
 2 SYSTEMPATH\View\View.php(213): include('APPPATH\\Views\\v_Pengguna.php')
 3 SYSTEMPATH\View\View.php(216): CodeIgniter\View\View->CodeIgniter\View\{closure}()
 4 SYSTEMPATH\Common.php(1135): CodeIgniter\View\View->render('v_Pengguna', [], true)
 5 APPPATH\Controllers\Pengguna.php(23): view('v_Pengguna', [...])
 6 SYSTEMPATH\CodeIgniter.php(896): App\Controllers\Pengguna->index()
 7 SYSTEMPATH\CodeIgniter.php(466): CodeIgniter\CodeIgniter->runController(Object(App\Controllers\Pengguna))
 8 SYSTEMPATH\CodeIgniter.php(349): CodeIgniter\CodeIgniter->handleRequest(null, Object(Config\Cache), false)
 9 FCPATH\index.php(55): CodeIgniter\CodeIgniter->run()
10 SYSTEMPATH\Commands\Server\rewrite.php(43): require_once('FCPATH\\index.php')
CRITICAL - 2023-08-29 20:08:21 --> Undefined variable: level
in APPPATH\Views\v_Pengguna.php on line 102.
 1 APPPATH\Views\v_Pengguna.php(102): CodeIgniter\Debug\Exceptions->errorHandler(8, 'Undefined variable: level', 'APPPATH\\Views\\v_Pengguna.php', 102, [...])
 2 SYSTEMPATH\View\View.php(213): include('APPPATH\\Views\\v_Pengguna.php')
 3 SYSTEMPATH\View\View.php(216): CodeIgniter\View\View->CodeIgniter\View\{closure}()
 4 SYSTEMPATH\Common.php(1135): CodeIgniter\View\View->render('v_Pengguna', [], true)
 5 APPPATH\Controllers\Pengguna.php(23): view('v_Pengguna', [...])
 6 SYSTEMPATH\CodeIgniter.php(896): App\Controllers\Pengguna->index()
 7 SYSTEMPATH\CodeIgniter.php(466): CodeIgniter\CodeIgniter->runController(Object(App\Controllers\Pengguna))
 8 SYSTEMPATH\CodeIgniter.php(349): CodeIgniter\CodeIgniter->handleRequest(null, Object(Config\Cache), false)
 9 FCPATH\index.php(55): CodeIgniter\CodeIgniter->run()
10 SYSTEMPATH\Commands\Server\rewrite.php(43): require_once('FCPATH\\index.php')
CRITICAL - 2023-08-29 20:08:56 --> Undefined variable: level
in APPPATH\Views\v_Pengguna.php on line 102.
 1 APPPATH\Views\v_Pengguna.php(102): CodeIgniter\Debug\Exceptions->errorHandler(8, 'Undefined variable: level', 'APPPATH\\Views\\v_Pengguna.php', 102, [...])
 2 SYSTEMPATH\View\View.php(213): include('APPPATH\\Views\\v_Pengguna.php')
 3 SYSTEMPATH\View\View.php(216): CodeIgniter\View\View->CodeIgniter\View\{closure}()
 4 SYSTEMPATH\Common.php(1135): CodeIgniter\View\View->render('v_Pengguna', [], true)
 5 APPPATH\Controllers\Pengguna.php(25): view('v_Pengguna', [...])
 6 SYSTEMPATH\CodeIgniter.php(896): App\Controllers\Pengguna->index()
 7 SYSTEMPATH\CodeIgniter.php(466): CodeIgniter\CodeIgniter->runController(Object(App\Controllers\Pengguna))
 8 SYSTEMPATH\CodeIgniter.php(349): CodeIgniter\CodeIgniter->handleRequest(null, Object(Config\Cache), false)
 9 FCPATH\index.php(55): CodeIgniter\CodeIgniter->run()
10 SYSTEMPATH\Commands\Server\rewrite.php(43): require_once('FCPATH\\index.php')
CRITICAL - 2023-08-29 20:53:04 --> Undefined variable: pengguna
in APPPATH\Views\v_Pengguna.php on line 51.
 1 APPPATH\Views\v_Pengguna.php(51): CodeIgniter\Debug\Exceptions->errorHandler(8, 'Undefined variable: pengguna', 'APPPATH\\Views\\v_Pengguna.php', 51, [...])
 2 SYSTEMPATH\View\View.php(213): include('APPPATH\\Views\\v_Pengguna.php')
 3 SYSTEMPATH\View\View.php(216): CodeIgniter\View\View->CodeIgniter\View\{closure}()
 4 SYSTEMPATH\Common.php(1135): CodeIgniter\View\View->render('v_Pengguna', [], true)
 5 APPPATH\Controllers\Nasabah.php(26): view('v_Pengguna', [...])
 6 SYSTEMPATH\CodeIgniter.php(896): App\Controllers\Nasabah->index()
 7 SYSTEMPATH\CodeIgniter.php(466): CodeIgniter\CodeIgniter->runController(Object(App\Controllers\Nasabah))
 8 SYSTEMPATH\CodeIgniter.php(349): CodeIgniter\CodeIgniter->handleRequest(null, Object(Config\Cache), false)
 9 FCPATH\index.php(55): CodeIgniter\CodeIgniter->run()
10 SYSTEMPATH\Commands\Server\rewrite.php(43): require_once('FCPATH\\index.php')
CRITICAL - 2023-08-29 22:15:38 --> Undefined index: id_user
in APPPATH\Views\v_Nasabah.php on line 70.
 1 APPPATH\Views\v_Nasabah.php(70): CodeIgniter\Debug\Exceptions->errorHandler(8, 'Undefined index: id_user', 'APPPATH\\Views\\v_Nasabah.php', 70, [...])
 2 SYSTEMPATH\View\View.php(213): include('APPPATH\\Views\\v_Nasabah.php')
 3 SYSTEMPATH\View\View.php(216): CodeIgniter\View\View->CodeIgniter\View\{closure}()
 4 SYSTEMPATH\Common.php(1135): CodeIgniter\View\View->render('v_Nasabah', [], true)
 5 APPPATH\Controllers\Nasabah.php(26): view('v_Nasabah', [...])
 6 SYSTEMPATH\CodeIgniter.php(896): App\Controllers\Nasabah->index()
 7 SYSTEMPATH\CodeIgniter.php(466): CodeIgniter\CodeIgniter->runController(Object(App\Controllers\Nasabah))
 8 SYSTEMPATH\CodeIgniter.php(349): CodeIgniter\CodeIgniter->handleRequest(null, Object(Config\Cache), false)
 9 FCPATH\index.php(55): CodeIgniter\CodeIgniter->run()
10 SYSTEMPATH\Commands\Server\rewrite.php(43): require_once('FCPATH\\index.php')
CRITICAL - 2023-08-29 22:25:05 --> Undefined index: id_nasabah
in APPPATH\Models\ModelNasabah.php on line 35.
 1 APPPATH\Models\ModelNasabah.php(35): CodeIgniter\Debug\Exceptions->errorHandler(8, 'Undefined index: id_nasabah', 'APPPATH\\Models\\ModelNasabah.php', 35, [...])
 2 APPPATH\Controllers\Nasabah.php(63): App\Models\ModelNasabah->editData([...])
 3 SYSTEMPATH\CodeIgniter.php(896): App\Controllers\Nasabah->editData('1')
 4 SYSTEMPATH\CodeIgniter.php(466): CodeIgniter\CodeIgniter->runController(Object(App\Controllers\Nasabah))
 5 SYSTEMPATH\CodeIgniter.php(349): CodeIgniter\CodeIgniter->handleRequest(null, Object(Config\Cache), false)
 6 FCPATH\index.php(55): CodeIgniter\CodeIgniter->run()
 7 SYSTEMPATH\Commands\Server\rewrite.php(43): require_once('FCPATH\\index.php')
CRITICAL - 2023-08-29 22:38:19 --> Class 'App\Filters\FilterNasabah' not found
in SYSTEMPATH\Filters\Filters.php on line 166.
 1 SYSTEMPATH\CodeIgniter.php(440): CodeIgniter\Filters\Filters->run('Nasabah', 'before')
 2 SYSTEMPATH\CodeIgniter.php(349): CodeIgniter\CodeIgniter->handleRequest(null, Object(Config\Cache), false)
 3 FCPATH\index.php(55): CodeIgniter\CodeIgniter->run()
 4 SYSTEMPATH\Commands\Server\rewrite.php(43): require_once('FCPATH\\index.php')
CRITICAL - 2023-08-29 22:38:48 --> Undefined variable: karyawan
in APPPATH\Views\template\template-nasabah.php on line 103.
 1 APPPATH\Views\template\template-nasabah.php(103): CodeIgniter\Debug\Exceptions->errorHandler(8, 'Undefined variable: karyawan', 'APPPATH\\Views\\template\\template-nasabah.php', 103, [...])
 2 SYSTEMPATH\View\View.php(213): include('APPPATH\\Views\\template\\template-nasabah.php')
 3 SYSTEMPATH\View\View.php(216): CodeIgniter\View\View->CodeIgniter\View\{closure}()
 4 SYSTEMPATH\View\View.php(229): CodeIgniter\View\View->render('template/template-nasabah', [], true)
 5 SYSTEMPATH\Common.php(1135): CodeIgniter\View\View->render('Nasabah/v_Dashboard', [], true)
 6 APPPATH\Controllers\Home.php(15): view('Nasabah/v_Dashboard', [...])
 7 SYSTEMPATH\CodeIgniter.php(896): App\Controllers\Home->index()
 8 SYSTEMPATH\CodeIgniter.php(466): CodeIgniter\CodeIgniter->runController(Object(App\Controllers\Home))
 9 SYSTEMPATH\CodeIgniter.php(349): CodeIgniter\CodeIgniter->handleRequest(null, Object(Config\Cache), false)
10 FCPATH\index.php(55): CodeIgniter\CodeIgniter->run()
11 SYSTEMPATH\Commands\Server\rewrite.php(43): require_once('FCPATH\\index.php')
CRITICAL - 2023-08-29 22:41:18 --> Undefined variable: karyawan
in APPPATH\Views\template\template-nasabah.php on line 103.
 1 APPPATH\Views\template\template-nasabah.php(103): CodeIgniter\Debug\Exceptions->errorHandler(8, 'Undefined variable: karyawan', 'APPPATH\\Views\\template\\template-nasabah.php', 103, [...])
 2 SYSTEMPATH\View\View.php(213): include('APPPATH\\Views\\template\\template-nasabah.php')
 3 SYSTEMPATH\View\View.php(216): CodeIgniter\View\View->CodeIgniter\View\{closure}()
 4 SYSTEMPATH\View\View.php(229): CodeIgniter\View\View->render('template/template-nasabah', [], true)
 5 SYSTEMPATH\Common.php(1135): CodeIgniter\View\View->render('Nasabah/v_Dashboard', [], true)
 6 APPPATH\Controllers\Home.php(15): view('Nasabah/v_Dashboard', [...])
 7 SYSTEMPATH\CodeIgniter.php(896): App\Controllers\Home->index()
 8 SYSTEMPATH\CodeIgniter.php(466): CodeIgniter\CodeIgniter->runController(Object(App\Controllers\Home))
 9 SYSTEMPATH\CodeIgniter.php(349): CodeIgniter\CodeIgniter->handleRequest(null, Object(Config\Cache), false)
10 FCPATH\index.php(55): CodeIgniter\CodeIgniter->run()
11 SYSTEMPATH\Commands\Server\rewrite.php(43): require_once('FCPATH\\index.php')
CRITICAL - 2023-08-29 22:42:07 --> Call to undefined function form_open()
in APPPATH\Views\v_login-nasabah.php on line 48.
 1 SYSTEMPATH\View\View.php(213): include()
 2 SYSTEMPATH\View\View.php(216): CodeIgniter\View\View->CodeIgniter\View\{closure}()
 3 SYSTEMPATH\Common.php(1135): CodeIgniter\View\View->render('v_Login-nasabah', [], true)
 4 APPPATH\Controllers\Home.php(14): view('v_Login-nasabah', [...])
 5 SYSTEMPATH\CodeIgniter.php(896): App\Controllers\Home->index()
 6 SYSTEMPATH\CodeIgniter.php(466): CodeIgniter\CodeIgniter->runController(Object(App\Controllers\Home))
 7 SYSTEMPATH\CodeIgniter.php(349): CodeIgniter\CodeIgniter->handleRequest(null, Object(Config\Cache), false)
 8 FCPATH\index.php(55): CodeIgniter\CodeIgniter->run()
 9 SYSTEMPATH\Commands\Server\rewrite.php(43): require_once('FCPATH\\index.php')
CRITICAL - 2023-08-29 22:47:22 --> You must set the database table to be used with your query.
in SYSTEMPATH\Database\BaseConnection.php on line 874.
 1 SYSTEMPATH\Model.php(586): CodeIgniter\Database\BaseConnection->table(null)
 2 SYSTEMPATH\Model.php(763): CodeIgniter\Model->builder()
 3 APPPATH\Controllers\Auth.php(104): CodeIgniter\Model->__call('login_karyawan', [...])
 4 SYSTEMPATH\CodeIgniter.php(896): App\Controllers\Auth->cek_login_nasabah()
 5 SYSTEMPATH\CodeIgniter.php(466): CodeIgniter\CodeIgniter->runController(Object(App\Controllers\Auth))
 6 SYSTEMPATH\CodeIgniter.php(349): CodeIgniter\CodeIgniter->handleRequest(null, Object(Config\Cache), false)
 7 FCPATH\index.php(55): CodeIgniter\CodeIgniter->run()
 8 SYSTEMPATH\Commands\Server\rewrite.php(43): require_once('FCPATH\\index.php')
ERROR - 2023-08-29 22:49:26 --> Unknown column 'username_nasabah' in 'where clause'
CRITICAL - 2023-08-29 22:49:26 --> Unknown column 'username_nasabah' in 'where clause'
in SYSTEMPATH\Database\MySQLi\Connection.php on line 292.
 1 SYSTEMPATH\Database\MySQLi\Connection.php(292): mysqli->query('SELECT *
FROM `tbl_user`
WHERE `username_nasabah` = \'Ricky\'
AND `password_nasabah` = \'123456\'', 0)
 2 SYSTEMPATH\Database\BaseConnection.php(695): CodeIgniter\Database\MySQLi\Connection->execute('SELECT *
FROM `tbl_user`
WHERE `username_nasabah` = \'Ricky\'
AND `password_nasabah` = \'123456\'')
 3 SYSTEMPATH\Database\BaseConnection.php(609): CodeIgniter\Database\BaseConnection->simpleQuery('SELECT *
FROM `tbl_user`
WHERE `username_nasabah` = \'Ricky\'
AND `password_nasabah` = \'123456\'')
 4 SYSTEMPATH\Database\BaseBuilder.php(1585): CodeIgniter\Database\BaseConnection->query('SELECT *
FROM `tbl_user`
WHERE `username_nasabah` = :username_nasabah:
AND `password_nasabah` = :password_nasabah:', [...], false)
 5 APPPATH\Models\ModelAuth.php(26): CodeIgniter\Database\BaseBuilder->get()
 6 APPPATH\Controllers\Auth.php(104): App\Models\ModelAuth->login_nasabah('Ricky', '123456')
 7 SYSTEMPATH\CodeIgniter.php(896): App\Controllers\Auth->cek_login_nasabah()
 8 SYSTEMPATH\CodeIgniter.php(466): CodeIgniter\CodeIgniter->runController(Object(App\Controllers\Auth))
 9 SYSTEMPATH\CodeIgniter.php(349): CodeIgniter\CodeIgniter->handleRequest(null, Object(Config\Cache), false)
10 FCPATH\index.php(55): CodeIgniter\CodeIgniter->run()
11 SYSTEMPATH\Commands\Server\rewrite.php(43): require_once('FCPATH\\index.php')
CRITICAL - 2023-08-29 22:52:48 --> Undefined variable: karyawan
in APPPATH\Views\template\template-nasabah.php on line 103.
 1 APPPATH\Views\template\template-nasabah.php(103): CodeIgniter\Debug\Exceptions->errorHandler(8, 'Undefined variable: karyawan', 'APPPATH\\Views\\template\\template-nasabah.php', 103, [...])
 2 SYSTEMPATH\View\View.php(213): include('APPPATH\\Views\\template\\template-nasabah.php')
 3 SYSTEMPATH\View\View.php(216): CodeIgniter\View\View->CodeIgniter\View\{closure}()
 4 SYSTEMPATH\View\View.php(229): CodeIgniter\View\View->render('template/template-nasabah', [], true)
 5 SYSTEMPATH\Common.php(1135): CodeIgniter\View\View->render('Nasabah/v_dashboard', [], true)
 6 APPPATH\Controllers\Main.php(23): view('Nasabah/v_dashboard', [...])
 7 SYSTEMPATH\CodeIgniter.php(896): App\Controllers\Main->index()
 8 SYSTEMPATH\CodeIgniter.php(466): CodeIgniter\CodeIgniter->runController(Object(App\Controllers\Main))
 9 SYSTEMPATH\CodeIgniter.php(349): CodeIgniter\CodeIgniter->handleRequest(null, Object(Config\Cache), false)
10 FCPATH\index.php(55): CodeIgniter\CodeIgniter->run()
11 SYSTEMPATH\Commands\Server\rewrite.php(43): require_once('FCPATH\\index.php')
CRITICAL - 2023-08-29 22:55:49 --> Undefined variable: nasabah
in APPPATH\Views\template\template-nasabah.php on line 103.
 1 APPPATH\Views\template\template-nasabah.php(103): CodeIgniter\Debug\Exceptions->errorHandler(8, 'Undefined variable: nasabah', 'APPPATH\\Views\\template\\template-nasabah.php', 103, [...])
 2 SYSTEMPATH\View\View.php(213): include('APPPATH\\Views\\template\\template-nasabah.php')
 3 SYSTEMPATH\View\View.php(216): CodeIgniter\View\View->CodeIgniter\View\{closure}()
 4 SYSTEMPATH\View\View.php(229): CodeIgniter\View\View->render('template/template-nasabah', [], true)
 5 SYSTEMPATH\Common.php(1135): CodeIgniter\View\View->render('Nasabah/v_dashboard', [], true)
 6 APPPATH\Controllers\Main.php(23): view('Nasabah/v_dashboard', [...])
 7 SYSTEMPATH\CodeIgniter.php(896): App\Controllers\Main->index()
 8 SYSTEMPATH\CodeIgniter.php(466): CodeIgniter\CodeIgniter->runController(Object(App\Controllers\Main))
 9 SYSTEMPATH\CodeIgniter.php(349): CodeIgniter\CodeIgniter->handleRequest(null, Object(Config\Cache), false)
10 FCPATH\index.php(55): CodeIgniter\CodeIgniter->run()
11 SYSTEMPATH\Commands\Server\rewrite.php(43): require_once('FCPATH\\index.php')
CRITICAL - 2023-08-29 22:57:20 --> Undefined variable: username_nasabah
in APPPATH\Views\template\template-nasabah.php on line 103.
 1 APPPATH\Views\template\template-nasabah.php(103): CodeIgniter\Debug\Exceptions->errorHandler(8, 'Undefined variable: username_nasabah', 'APPPATH\\Views\\template\\template-nasabah.php', 103, [...])
 2 SYSTEMPATH\View\View.php(213): include('APPPATH\\Views\\template\\template-nasabah.php')
 3 SYSTEMPATH\View\View.php(216): CodeIgniter\View\View->CodeIgniter\View\{closure}()
 4 SYSTEMPATH\View\View.php(229): CodeIgniter\View\View->render('template/template-nasabah', [], true)
 5 SYSTEMPATH\Common.php(1135): CodeIgniter\View\View->render('Nasabah/v_dashboard', [], true)
 6 APPPATH\Controllers\Main.php(23): view('Nasabah/v_dashboard', [...])
 7 SYSTEMPATH\CodeIgniter.php(896): App\Controllers\Main->index()
 8 SYSTEMPATH\CodeIgniter.php(466): CodeIgniter\CodeIgniter->runController(Object(App\Controllers\Main))
 9 SYSTEMPATH\CodeIgniter.php(349): CodeIgniter\CodeIgniter->handleRequest(null, Object(Config\Cache), false)
10 FCPATH\index.php(55): CodeIgniter\CodeIgniter->run()
11 SYSTEMPATH\Commands\Server\rewrite.php(43): require_once('FCPATH\\index.php')
CRITICAL - 2023-08-29 23:00:28 --> Undefined variable: username_nasabah
in APPPATH\Views\template\template-nasabah.php on line 103.
 1 APPPATH\Views\template\template-nasabah.php(103): CodeIgniter\Debug\Exceptions->errorHandler(8, 'Undefined variable: username_nasabah', 'APPPATH\\Views\\template\\template-nasabah.php', 103, [...])
 2 SYSTEMPATH\View\View.php(213): include('APPPATH\\Views\\template\\template-nasabah.php')
 3 SYSTEMPATH\View\View.php(216): CodeIgniter\View\View->CodeIgniter\View\{closure}()
 4 SYSTEMPATH\View\View.php(229): CodeIgniter\View\View->render('template/template-nasabah', [], true)
 5 SYSTEMPATH\Common.php(1135): CodeIgniter\View\View->render('Nasabah/v_dashboard', [], true)
 6 APPPATH\Controllers\Main.php(19): view('Nasabah/v_dashboard', [...])
 7 SYSTEMPATH\CodeIgniter.php(896): App\Controllers\Main->index()
 8 SYSTEMPATH\CodeIgniter.php(466): CodeIgniter\CodeIgniter->runController(Object(App\Controllers\Main))
 9 SYSTEMPATH\CodeIgniter.php(349): CodeIgniter\CodeIgniter->handleRequest(null, Object(Config\Cache), false)
10 FCPATH\index.php(55): CodeIgniter\CodeIgniter->run()
11 SYSTEMPATH\Commands\Server\rewrite.php(43): require_once('FCPATH\\index.php')
