CRITICAL - 2023-09-01 00:31:01 --> Illegal string offset 'tgl_masuk'
in APPPATH\Views\v_detailTabungan.php on line 53.
 1 APPPATH\Views\v_detailTabungan.php(53): CodeIgniter\Debug\Exceptions->errorHandler(2, 'Illegal string offset \'tgl_masuk\'', 'APPPATH\\Views\\v_detailTabungan.php', 53, [...])
 2 SYSTEMPATH\View\View.php(213): include('APPPATH\\Views\\v_detailTabungan.php')
 3 SYSTEMPATH\View\View.php(216): CodeIgniter\View\View->CodeIgniter\View\{closure}()
 4 SYSTEMPATH\Common.php(1135): CodeIgniter\View\View->render('v_detailTabungan', [], true)
 5 APPPATH\Controllers\Tabungan.php(37): view('v_detailTabungan', [...])
 6 SYSTEMPATH\CodeIgniter.php(896): App\Controllers\Tabungan->detailTabungan('2')
 7 SYSTEMPATH\CodeIgniter.php(466): CodeIgniter\CodeIgniter->runController(Object(App\Controllers\Tabungan))
 8 SYSTEMPATH\CodeIgniter.php(349): CodeIgniter\CodeIgniter->handleRequest(null, Object(Config\Cache), false)
 9 FCPATH\index.php(55): CodeIgniter\CodeIgniter->run()
10 SYSTEMPATH\Commands\Server\rewrite.php(43): require_once('FCPATH\\index.php')
ERROR - 2023-09-01 00:37:07 --> Error connecting to the database: Access denied for user ''@'localhost' (using password: NO)
CRITICAL - 2023-09-01 00:37:07 --> Unable to connect to the database.
Main connection [MySQLi]: Access denied for user ''@'localhost' (using password: NO)
in SYSTEMPATH\Database\BaseConnection.php on line 416.
 1 SYSTEMPATH\Database\BaseConnection.php(586): CodeIgniter\Database\BaseConnection->initialize()
 2 SYSTEMPATH\Database\BaseBuilder.php(1585): CodeIgniter\Database\BaseConnection->query('SELECT *
FROM `tbl_nasabah`
WHERE `id_nasabah` = :id_nasabah:', [...], false)
 3 APPPATH\Models\ModelNasabah.php(50): CodeIgniter\Database\BaseBuilder->get()
 4 APPPATH\Controllers\Tabungan.php(32): App\Models\ModelNasabah->detailData('2')
 5 SYSTEMPATH\CodeIgniter.php(896): App\Controllers\Tabungan->detailTabungan('2')
 6 SYSTEMPATH\CodeIgniter.php(466): CodeIgniter\CodeIgniter->runController(Object(App\Controllers\Tabungan))
 7 SYSTEMPATH\CodeIgniter.php(349): CodeIgniter\CodeIgniter->handleRequest(null, Object(Config\Cache), false)
 8 FCPATH\index.php(55): CodeIgniter\CodeIgniter->run()
 9 SYSTEMPATH\Commands\Server\rewrite.php(43): require_once('FCPATH\\index.php')
ERROR - 2023-09-01 00:37:11 --> Error connecting to the database: Access denied for user ''@'localhost' (using password: NO)
CRITICAL - 2023-09-01 00:37:11 --> Unable to connect to the database.
Main connection [MySQLi]: Access denied for user ''@'localhost' (using password: NO)
in SYSTEMPATH\Database\BaseConnection.php on line 416.
 1 SYSTEMPATH\Database\BaseConnection.php(586): CodeIgniter\Database\BaseConnection->initialize()
 2 SYSTEMPATH\Database\BaseBuilder.php(1585): CodeIgniter\Database\BaseConnection->query('SELECT *
FROM `tbl_tabungan`
LEFT JOIN `tbl_nasabah` ON `tbl_nasabah`.`id_nasabah` = `tbl_tabungan`.`nasabah_id`
ORDER BY `id_tabungan` ASC', [], false)
 3 APPPATH\Models\ModelTabungan.php(14): CodeIgniter\Database\BaseBuilder->get()
 4 APPPATH\Controllers\Tabungan.php(23): App\Models\ModelTabungan->getAllData()
 5 SYSTEMPATH\CodeIgniter.php(896): App\Controllers\Tabungan->index()
 6 SYSTEMPATH\CodeIgniter.php(466): CodeIgniter\CodeIgniter->runController(Object(App\Controllers\Tabungan))
 7 SYSTEMPATH\CodeIgniter.php(349): CodeIgniter\CodeIgniter->handleRequest(null, Object(Config\Cache), false)
 8 FCPATH\index.php(55): CodeIgniter\CodeIgniter->run()
 9 SYSTEMPATH\Commands\Server\rewrite.php(43): require_once('FCPATH\\index.php')
ERROR - 2023-09-01 00:37:18 --> Error connecting to the database: Access denied for user ''@'localhost' (using password: NO)
CRITICAL - 2023-09-01 00:37:18 --> Unable to connect to the database.
Main connection [MySQLi]: Access denied for user ''@'localhost' (using password: NO)
in SYSTEMPATH\Database\BaseConnection.php on line 416.
 1 SYSTEMPATH\Database\BaseConnection.php(586): CodeIgniter\Database\BaseConnection->initialize()
 2 SYSTEMPATH\Database\BaseBuilder.php(1585): CodeIgniter\Database\BaseConnection->query('SELECT *
FROM `tbl_tabungan`
LEFT JOIN `tbl_nasabah` ON `tbl_nasabah`.`id_nasabah` = `tbl_tabungan`.`nasabah_id`
ORDER BY `id_tabungan` ASC', [], false)
 3 APPPATH\Models\ModelTabungan.php(14): CodeIgniter\Database\BaseBuilder->get()
 4 APPPATH\Controllers\Tabungan.php(23): App\Models\ModelTabungan->getAllData()
 5 SYSTEMPATH\CodeIgniter.php(896): App\Controllers\Tabungan->index()
 6 SYSTEMPATH\CodeIgniter.php(466): CodeIgniter\CodeIgniter->runController(Object(App\Controllers\Tabungan))
 7 SYSTEMPATH\CodeIgniter.php(349): CodeIgniter\CodeIgniter->handleRequest(null, Object(Config\Cache), false)
 8 FCPATH\index.php(55): CodeIgniter\CodeIgniter->run()
 9 SYSTEMPATH\Commands\Server\rewrite.php(43): require_once('FCPATH\\index.php')
CRITICAL - 2023-09-01 00:59:38 --> Array to string conversion
in APPPATH\Views\v_detailTabungan.php on line 28.
 1 APPPATH\Views\v_detailTabungan.php(28): CodeIgniter\Debug\Exceptions->errorHandler(8, 'Array to string conversion', 'APPPATH\\Views\\v_detailTabungan.php', 28, [...])
 2 SYSTEMPATH\View\View.php(213): include('APPPATH\\Views\\v_detailTabungan.php')
 3 SYSTEMPATH\View\View.php(216): CodeIgniter\View\View->CodeIgniter\View\{closure}()
 4 SYSTEMPATH\Common.php(1135): CodeIgniter\View\View->render('v_detailTabungan', [], true)
 5 APPPATH\Controllers\Tabungan.php(43): view('v_detailTabungan', [...])
 6 SYSTEMPATH\CodeIgniter.php(896): App\Controllers\Tabungan->detailTabungan('2')
 7 SYSTEMPATH\CodeIgniter.php(466): CodeIgniter\CodeIgniter->runController(Object(App\Controllers\Tabungan))
 8 SYSTEMPATH\CodeIgniter.php(349): CodeIgniter\CodeIgniter->handleRequest(null, Object(Config\Cache), false)
 9 FCPATH\index.php(55): CodeIgniter\CodeIgniter->run()
10 SYSTEMPATH\Commands\Server\rewrite.php(43): require_once('FCPATH\\index.php')
CRITICAL - 2023-09-01 01:51:59 --> Array to string conversion
in SYSTEMPATH\Database\Query.php on line 329.
 1 [internal function]: CodeIgniter\Debug\Exceptions->errorHandler(8, 'Array to string conversion', 'SYSTEMPATH\\Database\\Query.php', 329, [...])
 2 SYSTEMPATH\Database\Query.php(329): implode(',', [...])
 3 SYSTEMPATH\Database\Query.php(310): CodeIgniter\Database\Query->matchNamedBinds('DELETE FROM `tbl_tabungan`
WHERE `id_tabungan` = :id_tabungan:
AND `id_tabungan` = :id_tabungan.1:', [...])
 4 SYSTEMPATH\Database\Query.php(159): CodeIgniter\Database\Query->compileBinds()
 5 SYSTEMPATH\Debug\Toolbar\Collectors\Database.php(86): CodeIgniter\Database\Query->getQuery()
 6 SYSTEMPATH\Events\Events.php(149): CodeIgniter\Debug\Toolbar\Collectors\Database::collect(Object(CodeIgniter\Database\Query))
 7 SYSTEMPATH\Database\BaseConnection.php(639): CodeIgniter\Events\Events::trigger('DBQuery', Object(CodeIgniter\Database\Query))
 8 SYSTEMPATH\Database\BaseBuilder.php(2358): CodeIgniter\Database\BaseConnection->query('DELETE FROM `tbl_tabungan`
WHERE `id_tabungan` = :id_tabungan:
AND `id_tabungan` = :id_tabungan.1:', [...], false)
 9 APPPATH\Models\ModelTabungan.php(36): CodeIgniter\Database\BaseBuilder->delete([...])
10 APPPATH\Controllers\Tabungan.php(64): App\Models\ModelTabungan->deleteData([...])
11 SYSTEMPATH\CodeIgniter.php(896): App\Controllers\Tabungan->deleteData([...])
12 SYSTEMPATH\CodeIgniter.php(466): CodeIgniter\CodeIgniter->runController(Object(App\Controllers\Tabungan))
13 SYSTEMPATH\CodeIgniter.php(349): CodeIgniter\CodeIgniter->handleRequest(null, Object(Config\Cache), false)
14 FCPATH\index.php(55): CodeIgniter\CodeIgniter->run()
15 SYSTEMPATH\Commands\Server\rewrite.php(43): require_once('FCPATH\\index.php')
CRITICAL - 2023-09-01 01:58:05 --> Array to string conversion
in SYSTEMPATH\Database\Query.php on line 329.
 1 [internal function]: CodeIgniter\Debug\Exceptions->errorHandler(8, 'Array to string conversion', 'SYSTEMPATH\\Database\\Query.php', 329, [...])
 2 SYSTEMPATH\Database\Query.php(329): implode(',', [...])
 3 SYSTEMPATH\Database\Query.php(310): CodeIgniter\Database\Query->matchNamedBinds('DELETE FROM `tbl_tabungan`
WHERE `id_tabungan` = :id_tabungan:
AND `id_tabungan` = :id_tabungan.1:', [...])
 4 SYSTEMPATH\Database\Query.php(159): CodeIgniter\Database\Query->compileBinds()
 5 SYSTEMPATH\Debug\Toolbar\Collectors\Database.php(86): CodeIgniter\Database\Query->getQuery()
 6 SYSTEMPATH\Events\Events.php(149): CodeIgniter\Debug\Toolbar\Collectors\Database::collect(Object(CodeIgniter\Database\Query))
 7 SYSTEMPATH\Database\BaseConnection.php(639): CodeIgniter\Events\Events::trigger('DBQuery', Object(CodeIgniter\Database\Query))
 8 SYSTEMPATH\Database\BaseBuilder.php(2358): CodeIgniter\Database\BaseConnection->query('DELETE FROM `tbl_tabungan`
WHERE `id_tabungan` = :id_tabungan:
AND `id_tabungan` = :id_tabungan.1:', [...], false)
 9 APPPATH\Models\ModelTabungan.php(36): CodeIgniter\Database\BaseBuilder->delete([...])
10 APPPATH\Controllers\Tabungan.php(64): App\Models\ModelTabungan->deleteData([...])
11 SYSTEMPATH\CodeIgniter.php(896): App\Controllers\Tabungan->deleteData([...])
12 SYSTEMPATH\CodeIgniter.php(466): CodeIgniter\CodeIgniter->runController(Object(App\Controllers\Tabungan))
13 SYSTEMPATH\CodeIgniter.php(349): CodeIgniter\CodeIgniter->handleRequest(null, Object(Config\Cache), false)
14 FCPATH\index.php(55): CodeIgniter\CodeIgniter->run()
15 SYSTEMPATH\Commands\Server\rewrite.php(43): require_once('FCPATH\\index.php')
ERROR - 2023-09-01 02:10:30 --> Unknown column 'nama_lembaga' in 'field list'
CRITICAL - 2023-09-01 02:10:30 --> Unknown column 'nama_lembaga' in 'field list'
in SYSTEMPATH\Database\MySQLi\Connection.php on line 292.
 1 SYSTEMPATH\Database\MySQLi\Connection.php(292): mysqli->query('UPDATE `tbl_tabungan` SET `id_tabungan` = \'16\', `nama_lembaga` = NULL, `telp` = NULL, `alamat` = NULL
WHERE `id_tabungan` = \'16\'', 0)
 2 SYSTEMPATH\Database\BaseConnection.php(695): CodeIgniter\Database\MySQLi\Connection->execute('UPDATE `tbl_tabungan` SET `id_tabungan` = \'16\', `nama_lembaga` = NULL, `telp` = NULL, `alamat` = NULL
WHERE `id_tabungan` = \'16\'')
 3 SYSTEMPATH\Database\BaseConnection.php(609): CodeIgniter\Database\BaseConnection->simpleQuery('UPDATE `tbl_tabungan` SET `id_tabungan` = \'16\', `nama_lembaga` = NULL, `telp` = NULL, `alamat` = NULL
WHERE `id_tabungan` = \'16\'')
 4 SYSTEMPATH\Database\BaseBuilder.php(2046): CodeIgniter\Database\BaseConnection->query('UPDATE `tbl_tabungan` SET `id_tabungan` = :id_tabungan.1:, `nama_lembaga` = :nama_lembaga:, `telp` = :telp:, `alamat` = :alamat:
WHERE `id_tabungan` = :id_tabungan:', [...], false)
 5 APPPATH\Models\ModelTabungan.php(28): CodeIgniter\Database\BaseBuilder->update([...])
 6 APPPATH\Controllers\Tabungan.php(66): App\Models\ModelTabungan->editData([...])
 7 SYSTEMPATH\CodeIgniter.php(896): App\Controllers\Tabungan->editData('16')
 8 SYSTEMPATH\CodeIgniter.php(466): CodeIgniter\CodeIgniter->runController(Object(App\Controllers\Tabungan))
 9 SYSTEMPATH\CodeIgniter.php(349): CodeIgniter\CodeIgniter->handleRequest(null, Object(Config\Cache), false)
10 FCPATH\index.php(55): CodeIgniter\CodeIgniter->run()
11 SYSTEMPATH\Commands\Server\rewrite.php(43): require_once('FCPATH\\index.php')
CRITICAL - 2023-09-01 02:13:45 --> Undefined variable: nasabah
in APPPATH\Views\v_detailTabungan.php on line 12.
 1 APPPATH\Views\v_detailTabungan.php(12): CodeIgniter\Debug\Exceptions->errorHandler(8, 'Undefined variable: nasabah', 'APPPATH\\Views\\v_detailTabungan.php', 12, [...])
 2 SYSTEMPATH\View\View.php(213): include('APPPATH\\Views\\v_detailTabungan.php')
 3 SYSTEMPATH\View\View.php(216): CodeIgniter\View\View->CodeIgniter\View\{closure}()
 4 SYSTEMPATH\Common.php(1135): CodeIgniter\View\View->render('v_detailTabungan', [], true)
 5 APPPATH\Controllers\Tabungan.php(67): view('v_detailTabungan', [...])
 6 SYSTEMPATH\CodeIgniter.php(896): App\Controllers\Tabungan->editData('16')
 7 SYSTEMPATH\CodeIgniter.php(466): CodeIgniter\CodeIgniter->runController(Object(App\Controllers\Tabungan))
 8 SYSTEMPATH\CodeIgniter.php(349): CodeIgniter\CodeIgniter->handleRequest(null, Object(Config\Cache), false)
 9 FCPATH\index.php(55): CodeIgniter\CodeIgniter->run()
10 SYSTEMPATH\Commands\Server\rewrite.php(43): require_once('FCPATH\\index.php')
CRITICAL - 2023-09-01 02:14:22 --> Undefined variable: id_nasabah
in APPPATH\Controllers\Tabungan.php on line 61.
 1 APPPATH\Controllers\Tabungan.php(61): CodeIgniter\Debug\Exceptions->errorHandler(8, 'Undefined variable: id_nasabah', 'APPPATH\\Controllers\\Tabungan.php', 61, [...])
 2 SYSTEMPATH\CodeIgniter.php(896): App\Controllers\Tabungan->editData('16')
 3 SYSTEMPATH\CodeIgniter.php(466): CodeIgniter\CodeIgniter->runController(Object(App\Controllers\Tabungan))
 4 SYSTEMPATH\CodeIgniter.php(349): CodeIgniter\CodeIgniter->handleRequest(null, Object(Config\Cache), false)
 5 FCPATH\index.php(55): CodeIgniter\CodeIgniter->run()
 6 SYSTEMPATH\Commands\Server\rewrite.php(43): require_once('FCPATH\\index.php')
CRITICAL - 2023-09-01 02:15:37 --> Too few arguments to function App\Controllers\Tabungan::editData(), 1 passed in C:\xampp\htdocs\gogosampah\system\CodeIgniter.php on line 896 and exactly 2 expected
in APPPATH\Controllers\Tabungan.php on line 58.
 1 SYSTEMPATH\CodeIgniter.php(896): App\Controllers\Tabungan->editData('16')
 2 SYSTEMPATH\CodeIgniter.php(466): CodeIgniter\CodeIgniter->runController(Object(App\Controllers\Tabungan))
 3 SYSTEMPATH\CodeIgniter.php(349): CodeIgniter\CodeIgniter->handleRequest(null, Object(Config\Cache), false)
 4 FCPATH\index.php(55): CodeIgniter\CodeIgniter->run()
 5 SYSTEMPATH\Commands\Server\rewrite.php(43): require_once('FCPATH\\index.php')
ERROR - 2023-09-01 02:15:55 --> You have an error in your SQL syntax; check the manual that corresponds to your MariaDB server version for the right syntax to use near '), `tot_saldo` = (NULL)
WHERE `id_tabungan` = '16'' at line 1
CRITICAL - 2023-09-01 02:15:55 --> You have an error in your SQL syntax; check the manual that corresponds to your MariaDB server version for the right syntax to use near '), `tot_saldo` = (NULL)
WHERE `id_tabungan` = '16'' at line 1
in SYSTEMPATH\Database\MySQLi\Connection.php on line 292.
 1 SYSTEMPATH\Database\MySQLi\Connection.php(292): mysqli->query('UPDATE `tbl_tabungan` SET `id_tabungan` = \'16\', `nominal_masuk` = \'2000000\', `tgl_masuk` = \'2023-08-31\', `nasabah` = NULL, `tabungan` = (), `tot_saldo` = (NULL)
WHERE `id_tabungan` = \'16\'', 0)
 2 SYSTEMPATH\Database\BaseConnection.php(695): CodeIgniter\Database\MySQLi\Connection->execute('UPDATE `tbl_tabungan` SET `id_tabungan` = \'16\', `nominal_masuk` = \'2000000\', `tgl_masuk` = \'2023-08-31\', `nasabah` = NULL, `tabungan` = (), `tot_saldo` = (NULL)
WHERE `id_tabungan` = \'16\'')
 3 SYSTEMPATH\Database\BaseConnection.php(609): CodeIgniter\Database\BaseConnection->simpleQuery('UPDATE `tbl_tabungan` SET `id_tabungan` = \'16\', `nominal_masuk` = \'2000000\', `tgl_masuk` = \'2023-08-31\', `nasabah` = NULL, `tabungan` = (), `tot_saldo` = (NULL)
WHERE `id_tabungan` = \'16\'')
 4 SYSTEMPATH\Database\BaseBuilder.php(2046): CodeIgniter\Database\BaseConnection->query('UPDATE `tbl_tabungan` SET `id_tabungan` = :id_tabungan.1:, `nominal_masuk` = :nominal_masuk:, `tgl_masuk` = :tgl_masuk:, `nasabah` = :nasabah:, `tabungan` = :tabungan:, `tot_saldo` = :tot_saldo:
WHERE `id_tabungan` = :id_tabungan:', [...], false)
 5 APPPATH\Models\ModelTabungan.php(28): CodeIgniter\Database\BaseBuilder->update([...])
 6 APPPATH\Controllers\Tabungan.php(72): App\Models\ModelTabungan->editData([...])
 7 SYSTEMPATH\CodeIgniter.php(896): App\Controllers\Tabungan->editData('16')
 8 SYSTEMPATH\CodeIgniter.php(466): CodeIgniter\CodeIgniter->runController(Object(App\Controllers\Tabungan))
 9 SYSTEMPATH\CodeIgniter.php(349): CodeIgniter\CodeIgniter->handleRequest(null, Object(Config\Cache), false)
10 FCPATH\index.php(55): CodeIgniter\CodeIgniter->run()
11 SYSTEMPATH\Commands\Server\rewrite.php(43): require_once('FCPATH\\index.php')
ERROR - 2023-09-01 02:19:22 --> You have an error in your SQL syntax; check the manual that corresponds to your MariaDB server version for the right syntax to use near '), `tot_saldo` = (NULL)
WHERE `id_tabungan` = '16'' at line 1
CRITICAL - 2023-09-01 02:19:22 --> You have an error in your SQL syntax; check the manual that corresponds to your MariaDB server version for the right syntax to use near '), `tot_saldo` = (NULL)
WHERE `id_tabungan` = '16'' at line 1
in SYSTEMPATH\Database\MySQLi\Connection.php on line 292.
 1 SYSTEMPATH\Database\MySQLi\Connection.php(292): mysqli->query('UPDATE `tbl_tabungan` SET `id_tabungan` = \'16\', `nominal_masuk` = \'1000000\', `tgl_masuk` = \'2023-08-31\', `nasabah` = NULL, `tabungan` = (), `tot_saldo` = (NULL)
WHERE `id_tabungan` = \'16\'', 0)
 2 SYSTEMPATH\Database\BaseConnection.php(695): CodeIgniter\Database\MySQLi\Connection->execute('UPDATE `tbl_tabungan` SET `id_tabungan` = \'16\', `nominal_masuk` = \'1000000\', `tgl_masuk` = \'2023-08-31\', `nasabah` = NULL, `tabungan` = (), `tot_saldo` = (NULL)
WHERE `id_tabungan` = \'16\'')
 3 SYSTEMPATH\Database\BaseConnection.php(609): CodeIgniter\Database\BaseConnection->simpleQuery('UPDATE `tbl_tabungan` SET `id_tabungan` = \'16\', `nominal_masuk` = \'1000000\', `tgl_masuk` = \'2023-08-31\', `nasabah` = NULL, `tabungan` = (), `tot_saldo` = (NULL)
WHERE `id_tabungan` = \'16\'')
 4 SYSTEMPATH\Database\BaseBuilder.php(2046): CodeIgniter\Database\BaseConnection->query('UPDATE `tbl_tabungan` SET `id_tabungan` = :id_tabungan.1:, `nominal_masuk` = :nominal_masuk:, `tgl_masuk` = :tgl_masuk:, `nasabah` = :nasabah:, `tabungan` = :tabungan:, `tot_saldo` = :tot_saldo:
WHERE `id_tabungan` = :id_tabungan:', [...], false)
 5 APPPATH\Models\ModelTabungan.php(29): CodeIgniter\Database\BaseBuilder->update([...])
 6 APPPATH\Controllers\Tabungan.php(72): App\Models\ModelTabungan->editData([...])
 7 SYSTEMPATH\CodeIgniter.php(896): App\Controllers\Tabungan->editData('16')
 8 SYSTEMPATH\CodeIgniter.php(466): CodeIgniter\CodeIgniter->runController(Object(App\Controllers\Tabungan))
 9 SYSTEMPATH\CodeIgniter.php(349): CodeIgniter\CodeIgniter->handleRequest(null, Object(Config\Cache), false)
10 FCPATH\index.php(55): CodeIgniter\CodeIgniter->run()
11 SYSTEMPATH\Commands\Server\rewrite.php(43): require_once('FCPATH\\index.php')
CRITICAL - 2023-09-01 02:24:53 --> Undefined index: id_nasabah
in APPPATH\Controllers\Tabungan.php on line 62.
 1 APPPATH\Controllers\Tabungan.php(62): CodeIgniter\Debug\Exceptions->errorHandler(8, 'Undefined index: id_nasabah', 'APPPATH\\Controllers\\Tabungan.php', 62, [...])
 2 SYSTEMPATH\CodeIgniter.php(896): App\Controllers\Tabungan->editData('16')
 3 SYSTEMPATH\CodeIgniter.php(466): CodeIgniter\CodeIgniter->runController(Object(App\Controllers\Tabungan))
 4 SYSTEMPATH\CodeIgniter.php(349): CodeIgniter\CodeIgniter->handleRequest(null, Object(Config\Cache), false)
 5 FCPATH\index.php(55): CodeIgniter\CodeIgniter->run()
 6 SYSTEMPATH\Commands\Server\rewrite.php(43): require_once('FCPATH\\index.php')
CRITICAL - 2023-09-01 02:25:12 --> Undefined index: nasabah_id
in APPPATH\Controllers\Tabungan.php on line 62.
 1 APPPATH\Controllers\Tabungan.php(62): CodeIgniter\Debug\Exceptions->errorHandler(8, 'Undefined index: nasabah_id', 'APPPATH\\Controllers\\Tabungan.php', 62, [...])
 2 SYSTEMPATH\CodeIgniter.php(896): App\Controllers\Tabungan->editData('16')
 3 SYSTEMPATH\CodeIgniter.php(466): CodeIgniter\CodeIgniter->runController(Object(App\Controllers\Tabungan))
 4 SYSTEMPATH\CodeIgniter.php(349): CodeIgniter\CodeIgniter->handleRequest(null, Object(Config\Cache), false)
 5 FCPATH\index.php(55): CodeIgniter\CodeIgniter->run()
 6 SYSTEMPATH\Commands\Server\rewrite.php(43): require_once('FCPATH\\index.php')
CRITICAL - 2023-09-01 02:25:38 --> Undefined index: nasabah_id
in APPPATH\Controllers\Tabungan.php on line 62.
 1 APPPATH\Controllers\Tabungan.php(62): CodeIgniter\Debug\Exceptions->errorHandler(8, 'Undefined index: nasabah_id', 'APPPATH\\Controllers\\Tabungan.php', 62, [...])
 2 SYSTEMPATH\CodeIgniter.php(896): App\Controllers\Tabungan->editData('16')
 3 SYSTEMPATH\CodeIgniter.php(466): CodeIgniter\CodeIgniter->runController(Object(App\Controllers\Tabungan))
 4 SYSTEMPATH\CodeIgniter.php(349): CodeIgniter\CodeIgniter->handleRequest(null, Object(Config\Cache), false)
 5 FCPATH\index.php(55): CodeIgniter\CodeIgniter->run()
 6 SYSTEMPATH\Commands\Server\rewrite.php(43): require_once('FCPATH\\index.php')
CRITICAL - 2023-09-01 02:26:48 --> Undefined variable: nasabah
in APPPATH\Views\v_detailTabungan.php on line 12.
 1 APPPATH\Views\v_detailTabungan.php(12): CodeIgniter\Debug\Exceptions->errorHandler(8, 'Undefined variable: nasabah', 'APPPATH\\Views\\v_detailTabungan.php', 12, [...])
 2 SYSTEMPATH\View\View.php(213): include('APPPATH\\Views\\v_detailTabungan.php')
 3 SYSTEMPATH\View\View.php(216): CodeIgniter\View\View->CodeIgniter\View\{closure}()
 4 SYSTEMPATH\Common.php(1135): CodeIgniter\View\View->render('v_detailTabungan', [], true)
 5 APPPATH\Controllers\Tabungan.php(67): view('v_detailTabungan', [...])
 6 SYSTEMPATH\CodeIgniter.php(896): App\Controllers\Tabungan->editData('16')
 7 SYSTEMPATH\CodeIgniter.php(466): CodeIgniter\CodeIgniter->runController(Object(App\Controllers\Tabungan))
 8 SYSTEMPATH\CodeIgniter.php(349): CodeIgniter\CodeIgniter->handleRequest(null, Object(Config\Cache), false)
 9 FCPATH\index.php(55): CodeIgniter\CodeIgniter->run()
10 SYSTEMPATH\Commands\Server\rewrite.php(43): require_once('FCPATH\\index.php')
CRITICAL - 2023-09-01 02:31:15 --> Undefined variable: id_nasabah
in APPPATH\Controllers\Tabungan.php on line 60.
 1 APPPATH\Controllers\Tabungan.php(60): CodeIgniter\Debug\Exceptions->errorHandler(8, 'Undefined variable: id_nasabah', 'APPPATH\\Controllers\\Tabungan.php', 60, [...])
 2 SYSTEMPATH\CodeIgniter.php(896): App\Controllers\Tabungan->editData('16')
 3 SYSTEMPATH\CodeIgniter.php(466): CodeIgniter\CodeIgniter->runController(Object(App\Controllers\Tabungan))
 4 SYSTEMPATH\CodeIgniter.php(349): CodeIgniter\CodeIgniter->handleRequest(null, Object(Config\Cache), false)
 5 FCPATH\index.php(55): CodeIgniter\CodeIgniter->run()
 6 SYSTEMPATH\Commands\Server\rewrite.php(43): require_once('FCPATH\\index.php')
CRITICAL - 2023-09-01 02:31:36 --> Too few arguments to function App\Controllers\Tabungan::editData(), 1 passed in C:\xampp\htdocs\gogosampah\system\CodeIgniter.php on line 896 and exactly 2 expected
in APPPATH\Controllers\Tabungan.php on line 58.
 1 SYSTEMPATH\CodeIgniter.php(896): App\Controllers\Tabungan->editData('16')
 2 SYSTEMPATH\CodeIgniter.php(466): CodeIgniter\CodeIgniter->runController(Object(App\Controllers\Tabungan))
 3 SYSTEMPATH\CodeIgniter.php(349): CodeIgniter\CodeIgniter->handleRequest(null, Object(Config\Cache), false)
 4 FCPATH\index.php(55): CodeIgniter\CodeIgniter->run()
 5 SYSTEMPATH\Commands\Server\rewrite.php(43): require_once('FCPATH\\index.php')
CRITICAL - 2023-09-01 02:34:59 --> Too few arguments to function App\Controllers\Tabungan::editData(), 1 passed in C:\xampp\htdocs\gogosampah\system\CodeIgniter.php on line 896 and exactly 2 expected
in APPPATH\Controllers\Tabungan.php on line 76.
 1 SYSTEMPATH\CodeIgniter.php(896): App\Controllers\Tabungan->editData('16')
 2 SYSTEMPATH\CodeIgniter.php(466): CodeIgniter\CodeIgniter->runController(Object(App\Controllers\Tabungan))
 3 SYSTEMPATH\CodeIgniter.php(349): CodeIgniter\CodeIgniter->handleRequest(null, Object(Config\Cache), false)
 4 FCPATH\index.php(55): CodeIgniter\CodeIgniter->run()
 5 SYSTEMPATH\Commands\Server\rewrite.php(43): require_once('FCPATH\\index.php')
CRITICAL - 2023-09-01 02:35:13 --> Too few arguments to function App\Controllers\Tabungan::editData(), 1 passed in C:\xampp\htdocs\gogosampah\system\CodeIgniter.php on line 896 and exactly 2 expected
in APPPATH\Controllers\Tabungan.php on line 76.
 1 SYSTEMPATH\CodeIgniter.php(896): App\Controllers\Tabungan->editData('16')
 2 SYSTEMPATH\CodeIgniter.php(466): CodeIgniter\CodeIgniter->runController(Object(App\Controllers\Tabungan))
 3 SYSTEMPATH\CodeIgniter.php(349): CodeIgniter\CodeIgniter->handleRequest(null, Object(Config\Cache), false)
 4 FCPATH\index.php(55): CodeIgniter\CodeIgniter->run()
 5 SYSTEMPATH\Commands\Server\rewrite.php(43): require_once('FCPATH\\index.php')
CRITICAL - 2023-09-01 02:44:32 --> Array to string conversion
in SYSTEMPATH\Database\Query.php on line 329.
 1 [internal function]: CodeIgniter\Debug\Exceptions->errorHandler(8, 'Array to string conversion', 'SYSTEMPATH\\Database\\Query.php', 329, [...])
 2 SYSTEMPATH\Database\Query.php(329): implode(',', [...])
 3 SYSTEMPATH\Database\Query.php(310): CodeIgniter\Database\Query->matchNamedBinds('UPDATE `tbl_tabungan` SET `nasabah_id` = :nasabah_id.1:, `nominal_masuk` = :nominal_masuk:, `tgl_masuk` = :tgl_masuk:, `nasabah` = :nasabah:, `tabungan` = :tabungan:, `tot_saldo` = :tot_saldo:
WHERE `nasabah_id` = :nasabah_id:', [...])
 4 SYSTEMPATH\Database\Query.php(159): CodeIgniter\Database\Query->compileBinds()
 5 SYSTEMPATH\Debug\Toolbar\Collectors\Database.php(86): CodeIgniter\Database\Query->getQuery()
 6 SYSTEMPATH\Events\Events.php(149): CodeIgniter\Debug\Toolbar\Collectors\Database::collect(Object(CodeIgniter\Database\Query))
 7 SYSTEMPATH\Database\BaseConnection.php(639): CodeIgniter\Events\Events::trigger('DBQuery', Object(CodeIgniter\Database\Query))
 8 SYSTEMPATH\Database\BaseBuilder.php(2046): CodeIgniter\Database\BaseConnection->query('UPDATE `tbl_tabungan` SET `nasabah_id` = :nasabah_id.1:, `nominal_masuk` = :nominal_masuk:, `tgl_masuk` = :tgl_masuk:, `nasabah` = :nasabah:, `tabungan` = :tabungan:, `tot_saldo` = :tot_saldo:
WHERE `nasabah_id` = :nasabah_id:', [...], false)
 9 APPPATH\Models\ModelTabungan.php(29): CodeIgniter\Database\BaseBuilder->update([...])
10 APPPATH\Controllers\Tabungan.php(71): App\Models\ModelTabungan->editData([...])
11 SYSTEMPATH\CodeIgniter.php(896): App\Controllers\Tabungan->editData('16')
12 SYSTEMPATH\CodeIgniter.php(466): CodeIgniter\CodeIgniter->runController(Object(App\Controllers\Tabungan))
13 SYSTEMPATH\CodeIgniter.php(349): CodeIgniter\CodeIgniter->handleRequest(null, Object(Config\Cache), false)
14 FCPATH\index.php(55): CodeIgniter\CodeIgniter->run()
15 SYSTEMPATH\Commands\Server\rewrite.php(43): require_once('FCPATH\\index.php')
CRITICAL - 2023-09-01 02:45:56 --> Array to string conversion
in SYSTEMPATH\Database\Query.php on line 329.
 1 [internal function]: CodeIgniter\Debug\Exceptions->errorHandler(8, 'Array to string conversion', 'SYSTEMPATH\\Database\\Query.php', 329, [...])
 2 SYSTEMPATH\Database\Query.php(329): implode(',', [...])
 3 SYSTEMPATH\Database\Query.php(310): CodeIgniter\Database\Query->matchNamedBinds('UPDATE `tbl_tabungan` SET `nasabah_id` = :nasabah_id.1:, `nominal_masuk` = :nominal_masuk:, `tgl_masuk` = :tgl_masuk:, `nasabah` = :nasabah:, `tabungan` = :tabungan:, `tot_saldo` = :tot_saldo:
WHERE `nasabah_id` = :nasabah_id:', [...])
 4 SYSTEMPATH\Database\Query.php(159): CodeIgniter\Database\Query->compileBinds()
 5 SYSTEMPATH\Debug\Toolbar\Collectors\Database.php(86): CodeIgniter\Database\Query->getQuery()
 6 SYSTEMPATH\Events\Events.php(149): CodeIgniter\Debug\Toolbar\Collectors\Database::collect(Object(CodeIgniter\Database\Query))
 7 SYSTEMPATH\Database\BaseConnection.php(639): CodeIgniter\Events\Events::trigger('DBQuery', Object(CodeIgniter\Database\Query))
 8 SYSTEMPATH\Database\BaseBuilder.php(2046): CodeIgniter\Database\BaseConnection->query('UPDATE `tbl_tabungan` SET `nasabah_id` = :nasabah_id.1:, `nominal_masuk` = :nominal_masuk:, `tgl_masuk` = :tgl_masuk:, `nasabah` = :nasabah:, `tabungan` = :tabungan:, `tot_saldo` = :tot_saldo:
WHERE `nasabah_id` = :nasabah_id:', [...], false)
 9 APPPATH\Models\ModelTabungan.php(29): CodeIgniter\Database\BaseBuilder->update([...])
10 APPPATH\Controllers\Tabungan.php(71): App\Models\ModelTabungan->editData([...])
11 SYSTEMPATH\CodeIgniter.php(896): App\Controllers\Tabungan->editData('16')
12 SYSTEMPATH\CodeIgniter.php(466): CodeIgniter\CodeIgniter->runController(Object(App\Controllers\Tabungan))
13 SYSTEMPATH\CodeIgniter.php(349): CodeIgniter\CodeIgniter->handleRequest(null, Object(Config\Cache), false)
14 FCPATH\index.php(55): CodeIgniter\CodeIgniter->run()
15 SYSTEMPATH\Commands\Server\rewrite.php(43): require_once('FCPATH\\index.php')
CRITICAL - 2023-09-01 02:46:03 --> Array to string conversion
in SYSTEMPATH\Database\Query.php on line 329.
 1 [internal function]: CodeIgniter\Debug\Exceptions->errorHandler(8, 'Array to string conversion', 'SYSTEMPATH\\Database\\Query.php', 329, [...])
 2 SYSTEMPATH\Database\Query.php(329): implode(',', [...])
 3 SYSTEMPATH\Database\Query.php(310): CodeIgniter\Database\Query->matchNamedBinds('UPDATE `tbl_tabungan` SET `nasabah_id` = :nasabah_id.1:, `nominal_masuk` = :nominal_masuk:, `tgl_masuk` = :tgl_masuk:, `nasabah` = :nasabah:, `tabungan` = :tabungan:, `tot_saldo` = :tot_saldo:
WHERE `nasabah_id` = :nasabah_id:', [...])
 4 SYSTEMPATH\Database\Query.php(159): CodeIgniter\Database\Query->compileBinds()
 5 SYSTEMPATH\Debug\Toolbar\Collectors\Database.php(86): CodeIgniter\Database\Query->getQuery()
 6 SYSTEMPATH\Events\Events.php(149): CodeIgniter\Debug\Toolbar\Collectors\Database::collect(Object(CodeIgniter\Database\Query))
 7 SYSTEMPATH\Database\BaseConnection.php(639): CodeIgniter\Events\Events::trigger('DBQuery', Object(CodeIgniter\Database\Query))
 8 SYSTEMPATH\Database\BaseBuilder.php(2046): CodeIgniter\Database\BaseConnection->query('UPDATE `tbl_tabungan` SET `nasabah_id` = :nasabah_id.1:, `nominal_masuk` = :nominal_masuk:, `tgl_masuk` = :tgl_masuk:, `nasabah` = :nasabah:, `tabungan` = :tabungan:, `tot_saldo` = :tot_saldo:
WHERE `nasabah_id` = :nasabah_id:', [...], false)
 9 APPPATH\Models\ModelTabungan.php(29): CodeIgniter\Database\BaseBuilder->update([...])
10 APPPATH\Controllers\Tabungan.php(71): App\Models\ModelTabungan->editData([...])
11 SYSTEMPATH\CodeIgniter.php(896): App\Controllers\Tabungan->editData('2')
12 SYSTEMPATH\CodeIgniter.php(466): CodeIgniter\CodeIgniter->runController(Object(App\Controllers\Tabungan))
13 SYSTEMPATH\CodeIgniter.php(349): CodeIgniter\CodeIgniter->handleRequest(null, Object(Config\Cache), false)
14 FCPATH\index.php(55): CodeIgniter\CodeIgniter->run()
15 SYSTEMPATH\Commands\Server\rewrite.php(43): require_once('FCPATH\\index.php')
CRITICAL - 2023-09-01 02:46:41 --> Array to string conversion
in SYSTEMPATH\Database\Query.php on line 329.
 1 [internal function]: CodeIgniter\Debug\Exceptions->errorHandler(8, 'Array to string conversion', 'SYSTEMPATH\\Database\\Query.php', 329, [...])
 2 SYSTEMPATH\Database\Query.php(329): implode(',', [...])
 3 SYSTEMPATH\Database\Query.php(310): CodeIgniter\Database\Query->matchNamedBinds('UPDATE `tbl_tabungan` SET `nasabah_id` = :nasabah_id.1:, `nominal_masuk` = :nominal_masuk:, `tgl_masuk` = :tgl_masuk:, `nasabah` = :nasabah:, `tabungan` = :tabungan:, `tot_saldo` = :tot_saldo:
WHERE `nasabah_id` = :nasabah_id:', [...])
 4 SYSTEMPATH\Database\Query.php(159): CodeIgniter\Database\Query->compileBinds()
 5 SYSTEMPATH\Debug\Toolbar\Collectors\Database.php(86): CodeIgniter\Database\Query->getQuery()
 6 SYSTEMPATH\Events\Events.php(149): CodeIgniter\Debug\Toolbar\Collectors\Database::collect(Object(CodeIgniter\Database\Query))
 7 SYSTEMPATH\Database\BaseConnection.php(639): CodeIgniter\Events\Events::trigger('DBQuery', Object(CodeIgniter\Database\Query))
 8 SYSTEMPATH\Database\BaseBuilder.php(2046): CodeIgniter\Database\BaseConnection->query('UPDATE `tbl_tabungan` SET `nasabah_id` = :nasabah_id.1:, `nominal_masuk` = :nominal_masuk:, `tgl_masuk` = :tgl_masuk:, `nasabah` = :nasabah:, `tabungan` = :tabungan:, `tot_saldo` = :tot_saldo:
WHERE `nasabah_id` = :nasabah_id:', [...], false)
 9 APPPATH\Models\ModelTabungan.php(29): CodeIgniter\Database\BaseBuilder->update([...])
10 APPPATH\Controllers\Tabungan.php(71): App\Models\ModelTabungan->editData([...])
11 SYSTEMPATH\CodeIgniter.php(896): App\Controllers\Tabungan->editData('2')
12 SYSTEMPATH\CodeIgniter.php(466): CodeIgniter\CodeIgniter->runController(Object(App\Controllers\Tabungan))
13 SYSTEMPATH\CodeIgniter.php(349): CodeIgniter\CodeIgniter->handleRequest(null, Object(Config\Cache), false)
14 FCPATH\index.php(55): CodeIgniter\CodeIgniter->run()
15 SYSTEMPATH\Commands\Server\rewrite.php(43): require_once('FCPATH\\index.php')
CRITICAL - 2023-09-01 02:48:08 --> Undefined index: id_tabungan
in APPPATH\Models\ModelTabungan.php on line 28.
 1 APPPATH\Models\ModelTabungan.php(28): CodeIgniter\Debug\Exceptions->errorHandler(8, 'Undefined index: id_tabungan', 'APPPATH\\Models\\ModelTabungan.php', 28, [...])
 2 APPPATH\Controllers\Tabungan.php(65): App\Models\ModelTabungan->editData([...])
 3 SYSTEMPATH\CodeIgniter.php(896): App\Controllers\Tabungan->editData('2')
 4 SYSTEMPATH\CodeIgniter.php(466): CodeIgniter\CodeIgniter->runController(Object(App\Controllers\Tabungan))
 5 SYSTEMPATH\CodeIgniter.php(349): CodeIgniter\CodeIgniter->handleRequest(null, Object(Config\Cache), false)
 6 FCPATH\index.php(55): CodeIgniter\CodeIgniter->run()
 7 SYSTEMPATH\Commands\Server\rewrite.php(43): require_once('FCPATH\\index.php')
CRITICAL - 2023-09-01 02:48:20 --> Undefined index: id_tabungan
in APPPATH\Models\ModelTabungan.php on line 28.
 1 APPPATH\Models\ModelTabungan.php(28): CodeIgniter\Debug\Exceptions->errorHandler(8, 'Undefined index: id_tabungan', 'APPPATH\\Models\\ModelTabungan.php', 28, [...])
 2 APPPATH\Controllers\Tabungan.php(65): App\Models\ModelTabungan->editData([...])
 3 SYSTEMPATH\CodeIgniter.php(896): App\Controllers\Tabungan->editData('16')
 4 SYSTEMPATH\CodeIgniter.php(466): CodeIgniter\CodeIgniter->runController(Object(App\Controllers\Tabungan))
 5 SYSTEMPATH\CodeIgniter.php(349): CodeIgniter\CodeIgniter->handleRequest(null, Object(Config\Cache), false)
 6 FCPATH\index.php(55): CodeIgniter\CodeIgniter->run()
 7 SYSTEMPATH\Commands\Server\rewrite.php(43): require_once('FCPATH\\index.php')
CRITICAL - 2023-09-01 02:56:51 --> Undefined variable: mutasi
in APPPATH\Views\v_Mutasi.php on line 42.
 1 APPPATH\Views\v_Mutasi.php(42): CodeIgniter\Debug\Exceptions->errorHandler(8, 'Undefined variable: mutasi', 'APPPATH\\Views\\v_Mutasi.php', 42, [...])
 2 SYSTEMPATH\View\View.php(213): include('APPPATH\\Views\\v_Mutasi.php')
 3 SYSTEMPATH\View\View.php(216): CodeIgniter\View\View->CodeIgniter\View\{closure}()
 4 SYSTEMPATH\Common.php(1135): CodeIgniter\View\View->render('v_Mutasi', [], true)
 5 APPPATH\Controllers\Mutasi.php(26): view('v_Mutasi', [...])
 6 SYSTEMPATH\CodeIgniter.php(896): App\Controllers\Mutasi->index()
 7 SYSTEMPATH\CodeIgniter.php(466): CodeIgniter\CodeIgniter->runController(Object(App\Controllers\Mutasi))
 8 SYSTEMPATH\CodeIgniter.php(349): CodeIgniter\CodeIgniter->handleRequest(null, Object(Config\Cache), false)
 9 FCPATH\index.php(55): CodeIgniter\CodeIgniter->run()
10 SYSTEMPATH\Commands\Server\rewrite.php(43): require_once('FCPATH\\index.php')
CRITICAL - 2023-09-01 03:04:56 --> Undefined variable: validation
in APPPATH\Views\v_Mutasi.php on line 90.
 1 APPPATH\Views\v_Mutasi.php(90): CodeIgniter\Debug\Exceptions->errorHandler(8, 'Undefined variable: validation', 'APPPATH\\Views\\v_Mutasi.php', 90, [...])
 2 SYSTEMPATH\View\View.php(213): include('APPPATH\\Views\\v_Mutasi.php')
 3 SYSTEMPATH\View\View.php(216): CodeIgniter\View\View->CodeIgniter\View\{closure}()
 4 SYSTEMPATH\Common.php(1135): CodeIgniter\View\View->render('v_Mutasi', [], true)
 5 APPPATH\Controllers\Mutasi.php(26): view('v_Mutasi', [...])
 6 SYSTEMPATH\CodeIgniter.php(896): App\Controllers\Mutasi->index()
 7 SYSTEMPATH\CodeIgniter.php(466): CodeIgniter\CodeIgniter->runController(Object(App\Controllers\Mutasi))
 8 SYSTEMPATH\CodeIgniter.php(349): CodeIgniter\CodeIgniter->handleRequest(null, Object(Config\Cache), false)
 9 FCPATH\index.php(55): CodeIgniter\CodeIgniter->run()
10 SYSTEMPATH\Commands\Server\rewrite.php(43): require_once('FCPATH\\index.php')
CRITICAL - 2023-09-01 03:32:17 --> Trying to access array offset on value of type null
in APPPATH/Views/v_detailTabungan.php on line 12.
 1 APPPATH/Views/v_detailTabungan.php(12): CodeIgniter\Debug\Exceptions->errorHandler()
 2 SYSTEMPATH/View/View.php(213): include('APPPATH/Views/v_detailTabungan.php')
 3 SYSTEMPATH/View/View.php(216): CodeIgniter\View\View->CodeIgniter\View\{closure}()
 4 SYSTEMPATH/Common.php(1135): CodeIgniter\View\View->render()
 5 APPPATH/Controllers/Tabungan.php(43): view()
 6 SYSTEMPATH/CodeIgniter.php(896): App\Controllers\Tabungan->detailTabungan()
 7 SYSTEMPATH/CodeIgniter.php(466): CodeIgniter\CodeIgniter->runController()
 8 SYSTEMPATH/CodeIgniter.php(349): CodeIgniter\CodeIgniter->handleRequest()
 9 FCPATH/index.php(55): CodeIgniter\CodeIgniter->run()
10 SYSTEMPATH/Commands/Server/rewrite.php(43): require_once('FCPATH/index.php')
CRITICAL - 2023-09-01 04:28:45 --> Undefined index: id
in APPPATH/Views/v_detailTabungan.php on line 81.
 1 APPPATH/Views/v_detailTabungan.php(81): CodeIgniter\Debug\Exceptions->errorHandler()
 2 SYSTEMPATH/View/View.php(213): include('APPPATH/Views/v_detailTabungan.php')
 3 SYSTEMPATH/View/View.php(216): CodeIgniter\View\View->CodeIgniter\View\{closure}()
 4 SYSTEMPATH/Common.php(1135): CodeIgniter\View\View->render()
 5 APPPATH/Controllers/Tabungan.php(43): view()
 6 SYSTEMPATH/CodeIgniter.php(896): App\Controllers\Tabungan->detailTabungan()
 7 SYSTEMPATH/CodeIgniter.php(466): CodeIgniter\CodeIgniter->runController()
 8 SYSTEMPATH/CodeIgniter.php(349): CodeIgniter\CodeIgniter->handleRequest()
 9 FCPATH/index.php(55): CodeIgniter\CodeIgniter->run()
10 SYSTEMPATH/Commands/Server/rewrite.php(43): require_once('FCPATH/index.php')
