CRITICAL - 2023-08-30 03:18:19 --> Undefined variable: pelanggan
in APPPATH\Views\v_Pelanggan.php on line 125.
 1 APPPATH\Views\v_Pelanggan.php(125): CodeIgniter\Debug\Exceptions->errorHandler(8, 'Undefined variable: pelanggan', 'APPPATH\\Views\\v_Pelanggan.php', 125, [...])
 2 SYSTEMPATH\View\View.php(213): include('APPPATH\\Views\\v_Pelanggan.php')
 3 SYSTEMPATH\View\View.php(216): CodeIgniter\View\View->CodeIgniter\View\{closure}()
 4 SYSTEMPATH\Common.php(1135): CodeIgniter\View\View->render('v_Pelanggan', [], true)
 5 APPPATH\Controllers\Pelanggan.php(26): view('v_Pelanggan', [...])
 6 SYSTEMPATH\CodeIgniter.php(896): App\Controllers\Pelanggan->index()
 7 SYSTEMPATH\CodeIgniter.php(466): CodeIgniter\CodeIgniter->runController(Object(App\Controllers\Pelanggan))
 8 SYSTEMPATH\CodeIgniter.php(349): CodeIgniter\CodeIgniter->handleRequest(null, Object(Config\Cache), false)
 9 FCPATH\index.php(55): CodeIgniter\CodeIgniter->run()
10 SYSTEMPATH\Commands\Server\rewrite.php(43): require_once('FCPATH\\index.php')
CRITICAL - 2023-08-30 03:18:49 --> Undefined variable: nasabah
in APPPATH\Views\v_Pelanggan.php on line 52.
 1 APPPATH\Views\v_Pelanggan.php(52): CodeIgniter\Debug\Exceptions->errorHandler(8, 'Undefined variable: nasabah', 'APPPATH\\Views\\v_Pelanggan.php', 52, [...])
 2 SYSTEMPATH\View\View.php(213): include('APPPATH\\Views\\v_Pelanggan.php')
 3 SYSTEMPATH\View\View.php(216): CodeIgniter\View\View->CodeIgniter\View\{closure}()
 4 SYSTEMPATH\Common.php(1135): CodeIgniter\View\View->render('v_Pelanggan', [], true)
 5 APPPATH\Controllers\Pelanggan.php(26): view('v_Pelanggan', [...])
 6 SYSTEMPATH\CodeIgniter.php(896): App\Controllers\Pelanggan->index()
 7 SYSTEMPATH\CodeIgniter.php(466): CodeIgniter\CodeIgniter->runController(Object(App\Controllers\Pelanggan))
 8 SYSTEMPATH\CodeIgniter.php(349): CodeIgniter\CodeIgniter->handleRequest(null, Object(Config\Cache), false)
 9 FCPATH\index.php(55): CodeIgniter\CodeIgniter->run()
10 SYSTEMPATH\Commands\Server\rewrite.php(43): require_once('FCPATH\\index.php')
CRITICAL - 2023-08-30 03:20:55 --> The original file is not a valid file.
in SYSTEMPATH\HTTP\Files\UploadedFile.php on line 137.
 1 SYSTEMPATH\HTTP\Files\UploadedFile.php(137): CodeIgniter\HTTP\Exceptions\HTTPException::forInvalidFile()
 2 APPPATH\Controllers\Pelanggan.php(40): CodeIgniter\HTTP\Files\UploadedFile->move('FCPATH\\foto', '1693383654_ee746178e952a4030185')
 3 SYSTEMPATH\CodeIgniter.php(896): App\Controllers\Pelanggan->insertData()
 4 SYSTEMPATH\CodeIgniter.php(466): CodeIgniter\CodeIgniter->runController(Object(App\Controllers\Pelanggan))
 5 SYSTEMPATH\CodeIgniter.php(349): CodeIgniter\CodeIgniter->handleRequest(null, Object(Config\Cache), false)
 6 FCPATH\index.php(55): CodeIgniter\CodeIgniter->run()
 7 SYSTEMPATH\Commands\Server\rewrite.php(43): require_once('FCPATH\\index.php')
CRITICAL - 2023-08-30 03:22:33 --> Undefined variable: file
in APPPATH\Controllers\Pelanggan.php on line 32.
 1 APPPATH\Controllers\Pelanggan.php(32): CodeIgniter\Debug\Exceptions->errorHandler(8, 'Undefined variable: file', 'APPPATH\\Controllers\\Pelanggan.php', 32, [])
 2 SYSTEMPATH\CodeIgniter.php(896): App\Controllers\Pelanggan->insertData()
 3 SYSTEMPATH\CodeIgniter.php(466): CodeIgniter\CodeIgniter->runController(Object(App\Controllers\Pelanggan))
 4 SYSTEMPATH\CodeIgniter.php(349): CodeIgniter\CodeIgniter->handleRequest(null, Object(Config\Cache), false)
 5 FCPATH\index.php(55): CodeIgniter\CodeIgniter->run()
 6 SYSTEMPATH\Commands\Server\rewrite.php(43): require_once('FCPATH\\index.php')
CRITICAL - 2023-08-30 03:23:00 --> Undefined variable: file
in APPPATH\Controllers\Pelanggan.php on line 40.
 1 APPPATH\Controllers\Pelanggan.php(40): CodeIgniter\Debug\Exceptions->errorHandler(8, 'Undefined variable: file', 'APPPATH\\Controllers\\Pelanggan.php', 40, [...])
 2 SYSTEMPATH\CodeIgniter.php(896): App\Controllers\Pelanggan->insertData()
 3 SYSTEMPATH\CodeIgniter.php(466): CodeIgniter\CodeIgniter->runController(Object(App\Controllers\Pelanggan))
 4 SYSTEMPATH\CodeIgniter.php(349): CodeIgniter\CodeIgniter->handleRequest(null, Object(Config\Cache), false)
 5 FCPATH\index.php(55): CodeIgniter\CodeIgniter->run()
 6 SYSTEMPATH\Commands\Server\rewrite.php(43): require_once('FCPATH\\index.php')
CRITICAL - 2023-08-30 03:31:46 --> syntax error, unexpected 'else' (T_ELSE), expecting function (T_FUNCTION) or const (T_CONST)
in APPPATH\Controllers\Pelanggan.php on line 50.
 1 SYSTEMPATH\Router\Router.php(499): CodeIgniter\Router\AutoRouter->getRoute('Pelanggan')
 2 SYSTEMPATH\Router\Router.php(205): CodeIgniter\Router\Router->autoRoute('Pelanggan')
 3 SYSTEMPATH\CodeIgniter.php(771): CodeIgniter\Router\Router->handle('Pelanggan')
 4 SYSTEMPATH\CodeIgniter.php(415): CodeIgniter\CodeIgniter->tryToRouteIt(Object(CodeIgniter\Router\RouteCollection))
 5 SYSTEMPATH\CodeIgniter.php(349): CodeIgniter\CodeIgniter->handleRequest(null, Object(Config\Cache), false)
 6 FCPATH\index.php(55): CodeIgniter\CodeIgniter->run()
 7 SYSTEMPATH\Commands\Server\rewrite.php(43): require_once('FCPATH\\index.php')
CRITICAL - 2023-08-30 03:35:20 --> Undefined index: username_pelanggan
in APPPATH\Views\v_Pelanggan.php on line 156.
 1 APPPATH\Views\v_Pelanggan.php(156): CodeIgniter\Debug\Exceptions->errorHandler(8, 'Undefined index: username_pelanggan', 'APPPATH\\Views\\v_Pelanggan.php', 156, [...])
 2 SYSTEMPATH\View\View.php(213): include('APPPATH\\Views\\v_Pelanggan.php')
 3 SYSTEMPATH\View\View.php(216): CodeIgniter\View\View->CodeIgniter\View\{closure}()
 4 SYSTEMPATH\Common.php(1135): CodeIgniter\View\View->render('v_Pelanggan', [], true)
 5 APPPATH\Controllers\Pelanggan.php(26): view('v_Pelanggan', [...])
 6 SYSTEMPATH\CodeIgniter.php(896): App\Controllers\Pelanggan->index()
 7 SYSTEMPATH\CodeIgniter.php(466): CodeIgniter\CodeIgniter->runController(Object(App\Controllers\Pelanggan))
 8 SYSTEMPATH\CodeIgniter.php(349): CodeIgniter\CodeIgniter->handleRequest(null, Object(Config\Cache), false)
 9 FCPATH\index.php(55): CodeIgniter\CodeIgniter->run()
10 SYSTEMPATH\Commands\Server\rewrite.php(43): require_once('FCPATH\\index.php')
CRITICAL - 2023-08-30 03:36:30 --> Undefined index: id_pelanggan
in APPPATH\Models\ModelPelanggan.php on line 26.
 1 APPPATH\Models\ModelPelanggan.php(26): CodeIgniter\Debug\Exceptions->errorHandler(8, 'Undefined index: id_pelanggan', 'APPPATH\\Models\\ModelPelanggan.php', 26, [...])
 2 APPPATH\Controllers\Pelanggan.php(49): App\Models\ModelPelanggan->editData([...])
 3 SYSTEMPATH\CodeIgniter.php(896): App\Controllers\Pelanggan->editData('1')
 4 SYSTEMPATH\CodeIgniter.php(466): CodeIgniter\CodeIgniter->runController(Object(App\Controllers\Pelanggan))
 5 SYSTEMPATH\CodeIgniter.php(349): CodeIgniter\CodeIgniter->handleRequest(null, Object(Config\Cache), false)
 6 FCPATH\index.php(55): CodeIgniter\CodeIgniter->run()
 7 SYSTEMPATH\Commands\Server\rewrite.php(43): require_once('FCPATH\\index.php')
CRITICAL - 2023-08-30 03:45:27 --> Undefined variable: lembaga
in APPPATH\Views\v_Lembaga.php on line 50.
 1 APPPATH\Views\v_Lembaga.php(50): CodeIgniter\Debug\Exceptions->errorHandler(8, 'Undefined variable: lembaga', 'APPPATH\\Views\\v_Lembaga.php', 50, [...])
 2 SYSTEMPATH\View\View.php(213): include('APPPATH\\Views\\v_Lembaga.php')
 3 SYSTEMPATH\View\View.php(216): CodeIgniter\View\View->CodeIgniter\View\{closure}()
 4 SYSTEMPATH\Common.php(1135): CodeIgniter\View\View->render('v_Lembaga', [], true)
 5 APPPATH\Controllers\Lembaga.php(23): view('v_Lembaga', [...])
 6 SYSTEMPATH\CodeIgniter.php(896): App\Controllers\Lembaga->index()
 7 SYSTEMPATH\CodeIgniter.php(466): CodeIgniter\CodeIgniter->runController(Object(App\Controllers\Lembaga))
 8 SYSTEMPATH\CodeIgniter.php(349): CodeIgniter\CodeIgniter->handleRequest(null, Object(Config\Cache), false)
 9 FCPATH\index.php(55): CodeIgniter\CodeIgniter->run()
10 SYSTEMPATH\Commands\Server\rewrite.php(43): require_once('FCPATH\\index.php')
CRITICAL - 2023-08-30 07:52:27 --> Class 'App\Models\ModelTabungan' not found
in APPPATH\Controllers\Tabungan.php on line 12.
 1 SYSTEMPATH\CodeIgniter.php(858): App\Controllers\Tabungan->__construct()
 2 SYSTEMPATH\CodeIgniter.php(457): CodeIgniter\CodeIgniter->createController()
 3 SYSTEMPATH\CodeIgniter.php(349): CodeIgniter\CodeIgniter->handleRequest(null, Object(Config\Cache), false)
 4 FCPATH\index.php(55): CodeIgniter\CodeIgniter->run()
 5 SYSTEMPATH\Commands\Server\rewrite.php(43): require_once('FCPATH\\index.php')
CRITICAL - 2023-08-30 07:56:32 --> Undefined property: App\Controllers\Tabungan::$ModelNasabah
in APPPATH\Controllers\Tabungan.php on line 24.
 1 APPPATH\Controllers\Tabungan.php(24): CodeIgniter\Debug\Exceptions->errorHandler(8, 'Undefined property: App\\Controllers\\Tabungan::$ModelNasabah', 'APPPATH\\Controllers\\Tabungan.php', 24, [])
 2 SYSTEMPATH\CodeIgniter.php(896): App\Controllers\Tabungan->index()
 3 SYSTEMPATH\CodeIgniter.php(466): CodeIgniter\CodeIgniter->runController(Object(App\Controllers\Tabungan))
 4 SYSTEMPATH\CodeIgniter.php(349): CodeIgniter\CodeIgniter->handleRequest(null, Object(Config\Cache), false)
 5 FCPATH\index.php(55): CodeIgniter\CodeIgniter->run()
 6 SYSTEMPATH\Commands\Server\rewrite.php(43): require_once('FCPATH\\index.php')
CRITICAL - 2023-08-30 08:26:23 --> Undefined property: App\Controllers\Tabungan::$ModelNasabah
in APPPATH\Controllers\Tabungan.php on line 24.
 1 APPPATH\Controllers\Tabungan.php(24): CodeIgniter\Debug\Exceptions->errorHandler(8, 'Undefined property: App\\Controllers\\Tabungan::$ModelNasabah', 'APPPATH\\Controllers\\Tabungan.php', 24, [])
 2 SYSTEMPATH\CodeIgniter.php(896): App\Controllers\Tabungan->index()
 3 SYSTEMPATH\CodeIgniter.php(466): CodeIgniter\CodeIgniter->runController(Object(App\Controllers\Tabungan))
 4 SYSTEMPATH\CodeIgniter.php(349): CodeIgniter\CodeIgniter->handleRequest(null, Object(Config\Cache), false)
 5 FCPATH\index.php(55): CodeIgniter\CodeIgniter->run()
 6 SYSTEMPATH\Commands\Server\rewrite.php(43): require_once('FCPATH\\index.php')
CRITICAL - 2023-08-30 08:26:55 --> Undefined index: id_tabungan
in APPPATH\Views\v_Tabungan.php on line 57.
 1 APPPATH\Views\v_Tabungan.php(57): CodeIgniter\Debug\Exceptions->errorHandler(8, 'Undefined index: id_tabungan', 'APPPATH\\Views\\v_Tabungan.php', 57, [...])
 2 SYSTEMPATH\View\View.php(213): include('APPPATH\\Views\\v_Tabungan.php')
 3 SYSTEMPATH\View\View.php(216): CodeIgniter\View\View->CodeIgniter\View\{closure}()
 4 SYSTEMPATH\Common.php(1135): CodeIgniter\View\View->render('v_Tabungan', [], true)
 5 APPPATH\Controllers\Tabungan.php(26): view('v_Tabungan', [...])
 6 SYSTEMPATH\CodeIgniter.php(896): App\Controllers\Tabungan->index()
 7 SYSTEMPATH\CodeIgniter.php(466): CodeIgniter\CodeIgniter->runController(Object(App\Controllers\Tabungan))
 8 SYSTEMPATH\CodeIgniter.php(349): CodeIgniter\CodeIgniter->handleRequest(null, Object(Config\Cache), false)
 9 FCPATH\index.php(55): CodeIgniter\CodeIgniter->run()
10 SYSTEMPATH\Commands\Server\rewrite.php(43): require_once('FCPATH\\index.php')
ERROR - 2023-08-30 08:33:59 --> Unknown column 'nama_lembaga' in 'field list'
CRITICAL - 2023-08-30 08:33:59 --> Unknown column 'nama_lembaga' in 'field list'
in SYSTEMPATH\Database\MySQLi\Connection.php on line 292.
 1 SYSTEMPATH\Database\MySQLi\Connection.php(292): mysqli->query('INSERT INTO `tbl_tabungan` (`nama_lembaga`, `telp`, `alamat`, `nominal_masuk`, `tgl_masuk`) VALUES (NULL, NULL, NULL, \'2000000\', \'2023-08-30\')', 0)
 2 SYSTEMPATH\Database\BaseConnection.php(695): CodeIgniter\Database\MySQLi\Connection->execute('INSERT INTO `tbl_tabungan` (`nama_lembaga`, `telp`, `alamat`, `nominal_masuk`, `tgl_masuk`) VALUES (NULL, NULL, NULL, \'2000000\', \'2023-08-30\')')
 3 SYSTEMPATH\Database\BaseConnection.php(609): CodeIgniter\Database\BaseConnection->simpleQuery('INSERT INTO `tbl_tabungan` (`nama_lembaga`, `telp`, `alamat`, `nominal_masuk`, `tgl_masuk`) VALUES (NULL, NULL, NULL, \'2000000\', \'2023-08-30\')')
 4 SYSTEMPATH\Database\BaseBuilder.php(1904): CodeIgniter\Database\BaseConnection->query('INSERT INTO `tbl_tabungan` (`nama_lembaga`, `telp`, `alamat`, `nominal_masuk`, `tgl_masuk`) VALUES (:nama_lembaga:, :telp:, :alamat:, :nominal_masuk:, :tgl_masuk:)', [...], false)
 5 APPPATH\Models\ModelTabungan.php(21): CodeIgniter\Database\BaseBuilder->insert([...])
 6 APPPATH\Controllers\Tabungan.php(38): App\Models\ModelTabungan->insertData([...])
 7 SYSTEMPATH\CodeIgniter.php(896): App\Controllers\Tabungan->insertData()
 8 SYSTEMPATH\CodeIgniter.php(466): CodeIgniter\CodeIgniter->runController(Object(App\Controllers\Tabungan))
 9 SYSTEMPATH\CodeIgniter.php(349): CodeIgniter\CodeIgniter->handleRequest(null, Object(Config\Cache), false)
10 FCPATH\index.php(55): CodeIgniter\CodeIgniter->run()
11 SYSTEMPATH\Commands\Server\rewrite.php(43): require_once('FCPATH\\index.php')
ERROR - 2023-08-30 08:36:07 --> Unknown column 'telp' in 'field list'
CRITICAL - 2023-08-30 08:36:07 --> Unknown column 'telp' in 'field list'
in SYSTEMPATH\Database\MySQLi\Connection.php on line 292.
 1 SYSTEMPATH\Database\MySQLi\Connection.php(292): mysqli->query('INSERT INTO `tbl_tabungan` (`nasabah_id`, `telp`, `alamat`, `nominal_masuk`, `tgl_masuk`) VALUES (\'2\', NULL, NULL, \'2000000\', \'2023-08-30\')', 0)
 2 SYSTEMPATH\Database\BaseConnection.php(695): CodeIgniter\Database\MySQLi\Connection->execute('INSERT INTO `tbl_tabungan` (`nasabah_id`, `telp`, `alamat`, `nominal_masuk`, `tgl_masuk`) VALUES (\'2\', NULL, NULL, \'2000000\', \'2023-08-30\')')
 3 SYSTEMPATH\Database\BaseConnection.php(609): CodeIgniter\Database\BaseConnection->simpleQuery('INSERT INTO `tbl_tabungan` (`nasabah_id`, `telp`, `alamat`, `nominal_masuk`, `tgl_masuk`) VALUES (\'2\', NULL, NULL, \'2000000\', \'2023-08-30\')')
 4 SYSTEMPATH\Database\BaseBuilder.php(1904): CodeIgniter\Database\BaseConnection->query('INSERT INTO `tbl_tabungan` (`nasabah_id`, `telp`, `alamat`, `nominal_masuk`, `tgl_masuk`) VALUES (:nasabah_id:, :telp:, :alamat:, :nominal_masuk:, :tgl_masuk:)', [...], false)
 5 APPPATH\Models\ModelTabungan.php(21): CodeIgniter\Database\BaseBuilder->insert([...])
 6 APPPATH\Controllers\Tabungan.php(38): App\Models\ModelTabungan->insertData([...])
 7 SYSTEMPATH\CodeIgniter.php(896): App\Controllers\Tabungan->insertData()
 8 SYSTEMPATH\CodeIgniter.php(466): CodeIgniter\CodeIgniter->runController(Object(App\Controllers\Tabungan))
 9 SYSTEMPATH\CodeIgniter.php(349): CodeIgniter\CodeIgniter->handleRequest(null, Object(Config\Cache), false)
10 FCPATH\index.php(55): CodeIgniter\CodeIgniter->run()
11 SYSTEMPATH\Commands\Server\rewrite.php(43): require_once('FCPATH\\index.php')
CRITICAL - 2023-08-30 08:40:07 --> Undefined index: nasabah_id
in APPPATH\Views\v_Tabungan.php on line 57.
 1 APPPATH\Views\v_Tabungan.php(57): CodeIgniter\Debug\Exceptions->errorHandler(8, 'Undefined index: nasabah_id', 'APPPATH\\Views\\v_Tabungan.php', 57, [...])
 2 SYSTEMPATH\View\View.php(213): include('APPPATH\\Views\\v_Tabungan.php')
 3 SYSTEMPATH\View\View.php(216): CodeIgniter\View\View->CodeIgniter\View\{closure}()
 4 SYSTEMPATH\Common.php(1135): CodeIgniter\View\View->render('v_Tabungan', [], true)
 5 APPPATH\Controllers\Tabungan.php(26): view('v_Tabungan', [...])
 6 SYSTEMPATH\CodeIgniter.php(896): App\Controllers\Tabungan->index()
 7 SYSTEMPATH\CodeIgniter.php(466): CodeIgniter\CodeIgniter->runController(Object(App\Controllers\Tabungan))
 8 SYSTEMPATH\CodeIgniter.php(349): CodeIgniter\CodeIgniter->handleRequest(null, Object(Config\Cache), false)
 9 FCPATH\index.php(55): CodeIgniter\CodeIgniter->run()
10 SYSTEMPATH\Commands\Server\rewrite.php(43): require_once('FCPATH\\index.php')
CRITICAL - 2023-08-30 09:01:18 --> Undefined variable: nasabah
in APPPATH\Views\v_detailTabungan.php on line 63.
 1 APPPATH\Views\v_detailTabungan.php(63): CodeIgniter\Debug\Exceptions->errorHandler(8, 'Undefined variable: nasabah', 'APPPATH\\Views\\v_detailTabungan.php', 63, [...])
 2 SYSTEMPATH\View\View.php(213): include('APPPATH\\Views\\v_detailTabungan.php')
 3 SYSTEMPATH\View\View.php(216): CodeIgniter\View\View->CodeIgniter\View\{closure}()
 4 SYSTEMPATH\Common.php(1135): CodeIgniter\View\View->render('v_detailTabungan', [], true)
 5 APPPATH\Controllers\Tabungan.php(36): view('v_detailTabungan', [...])
 6 SYSTEMPATH\CodeIgniter.php(896): App\Controllers\Tabungan->detailTabungan('2')
 7 SYSTEMPATH\CodeIgniter.php(466): CodeIgniter\CodeIgniter->runController(Object(App\Controllers\Tabungan))
 8 SYSTEMPATH\CodeIgniter.php(349): CodeIgniter\CodeIgniter->handleRequest(null, Object(Config\Cache), false)
 9 FCPATH\index.php(55): CodeIgniter\CodeIgniter->run()
10 SYSTEMPATH\Commands\Server\rewrite.php(43): require_once('FCPATH\\index.php')
CRITICAL - 2023-08-30 09:03:19 --> Trying to access array offset on value of type null
in APPPATH\Views\v_detailTabungan.php on line 18.
 1 APPPATH\Views\v_detailTabungan.php(18): CodeIgniter\Debug\Exceptions->errorHandler(8, 'Trying to access array offset on value of type null', 'APPPATH\\Views\\v_detailTabungan.php', 18, [...])
 2 SYSTEMPATH\View\View.php(213): include('APPPATH\\Views\\v_detailTabungan.php')
 3 SYSTEMPATH\View\View.php(216): CodeIgniter\View\View->CodeIgniter\View\{closure}()
 4 SYSTEMPATH\Common.php(1135): CodeIgniter\View\View->render('v_detailTabungan', [], true)
 5 APPPATH\Controllers\Tabungan.php(36): view('v_detailTabungan', [...])
 6 SYSTEMPATH\CodeIgniter.php(896): App\Controllers\Tabungan->detailTabungan('2')
 7 SYSTEMPATH\CodeIgniter.php(466): CodeIgniter\CodeIgniter->runController(Object(App\Controllers\Tabungan))
 8 SYSTEMPATH\CodeIgniter.php(349): CodeIgniter\CodeIgniter->handleRequest(null, Object(Config\Cache), false)
 9 FCPATH\index.php(55): CodeIgniter\CodeIgniter->run()
10 SYSTEMPATH\Commands\Server\rewrite.php(43): require_once('FCPATH\\index.php')
CRITICAL - 2023-08-30 09:03:47 --> Trying to access array offset on value of type null
in APPPATH\Views\v_detailTabungan.php on line 18.
 1 APPPATH\Views\v_detailTabungan.php(18): CodeIgniter\Debug\Exceptions->errorHandler(8, 'Trying to access array offset on value of type null', 'APPPATH\\Views\\v_detailTabungan.php', 18, [...])
 2 SYSTEMPATH\View\View.php(213): include('APPPATH\\Views\\v_detailTabungan.php')
 3 SYSTEMPATH\View\View.php(216): CodeIgniter\View\View->CodeIgniter\View\{closure}()
 4 SYSTEMPATH\Common.php(1135): CodeIgniter\View\View->render('v_detailTabungan', [], true)
 5 APPPATH\Controllers\Tabungan.php(36): view('v_detailTabungan', [...])
 6 SYSTEMPATH\CodeIgniter.php(896): App\Controllers\Tabungan->detailTabungan('2')
 7 SYSTEMPATH\CodeIgniter.php(466): CodeIgniter\CodeIgniter->runController(Object(App\Controllers\Tabungan))
 8 SYSTEMPATH\CodeIgniter.php(349): CodeIgniter\CodeIgniter->handleRequest(null, Object(Config\Cache), false)
 9 FCPATH\index.php(55): CodeIgniter\CodeIgniter->run()
10 SYSTEMPATH\Commands\Server\rewrite.php(43): require_once('FCPATH\\index.php')
CRITICAL - 2023-08-30 09:14:53 --> Undefined index: id_tabungan
in APPPATH\Views\v_Tabungan.php on line 57.
 1 APPPATH\Views\v_Tabungan.php(57): CodeIgniter\Debug\Exceptions->errorHandler(8, 'Undefined index: id_tabungan', 'APPPATH\\Views\\v_Tabungan.php', 57, [...])
 2 SYSTEMPATH\View\View.php(213): include('APPPATH\\Views\\v_Tabungan.php')
 3 SYSTEMPATH\View\View.php(216): CodeIgniter\View\View->CodeIgniter\View\{closure}()
 4 SYSTEMPATH\Common.php(1135): CodeIgniter\View\View->render('v_Tabungan', [], true)
 5 APPPATH\Controllers\Tabungan.php(26): view('v_Tabungan', [...])
 6 SYSTEMPATH\CodeIgniter.php(896): App\Controllers\Tabungan->index()
 7 SYSTEMPATH\CodeIgniter.php(466): CodeIgniter\CodeIgniter->runController(Object(App\Controllers\Tabungan))
 8 SYSTEMPATH\CodeIgniter.php(349): CodeIgniter\CodeIgniter->handleRequest(null, Object(Config\Cache), false)
 9 FCPATH\index.php(55): CodeIgniter\CodeIgniter->run()
10 SYSTEMPATH\Commands\Server\rewrite.php(43): require_once('FCPATH\\index.php')
CRITICAL - 2023-08-30 09:42:21 --> Illegal string offset 'tgl_masuk'
in APPPATH\Views\v_detailTabungan.php on line 49.
 1 APPPATH\Views\v_detailTabungan.php(49): CodeIgniter\Debug\Exceptions->errorHandler(2, 'Illegal string offset \'tgl_masuk\'', 'APPPATH\\Views\\v_detailTabungan.php', 49, [...])
 2 SYSTEMPATH\View\View.php(213): include('APPPATH\\Views\\v_detailTabungan.php')
 3 SYSTEMPATH\View\View.php(216): CodeIgniter\View\View->CodeIgniter\View\{closure}()
 4 SYSTEMPATH\Common.php(1135): CodeIgniter\View\View->render('v_detailTabungan', [], true)
 5 APPPATH\Controllers\Tabungan.php(37): view('v_detailTabungan', [...])
 6 SYSTEMPATH\CodeIgniter.php(896): App\Controllers\Tabungan->detailTabungan('1')
 7 SYSTEMPATH\CodeIgniter.php(466): CodeIgniter\CodeIgniter->runController(Object(App\Controllers\Tabungan))
 8 SYSTEMPATH\CodeIgniter.php(349): CodeIgniter\CodeIgniter->handleRequest(null, Object(Config\Cache), false)
 9 FCPATH\index.php(55): CodeIgniter\CodeIgniter->run()
10 SYSTEMPATH\Commands\Server\rewrite.php(43): require_once('FCPATH\\index.php')
CRITICAL - 2023-08-30 09:45:06 --> Illegal string offset 'tgl_masuk'
in APPPATH\Views\v_detailTabungan.php on line 49.
 1 APPPATH\Views\v_detailTabungan.php(49): CodeIgniter\Debug\Exceptions->errorHandler(2, 'Illegal string offset \'tgl_masuk\'', 'APPPATH\\Views\\v_detailTabungan.php', 49, [...])
 2 SYSTEMPATH\View\View.php(213): include('APPPATH\\Views\\v_detailTabungan.php')
 3 SYSTEMPATH\View\View.php(216): CodeIgniter\View\View->CodeIgniter\View\{closure}()
 4 SYSTEMPATH\Common.php(1135): CodeIgniter\View\View->render('v_detailTabungan', [], true)
 5 APPPATH\Controllers\Tabungan.php(37): view('v_detailTabungan', [...])
 6 SYSTEMPATH\CodeIgniter.php(896): App\Controllers\Tabungan->detailTabungan('1')
 7 SYSTEMPATH\CodeIgniter.php(466): CodeIgniter\CodeIgniter->runController(Object(App\Controllers\Tabungan))
 8 SYSTEMPATH\CodeIgniter.php(349): CodeIgniter\CodeIgniter->handleRequest(null, Object(Config\Cache), false)
 9 FCPATH\index.php(55): CodeIgniter\CodeIgniter->run()
10 SYSTEMPATH\Commands\Server\rewrite.php(43): require_once('FCPATH\\index.php')
CRITICAL - 2023-08-30 09:56:53 --> Illegal string offset 'tgl_masuk'
in APPPATH\Views\v_detailTabungan.php on line 50.
 1 APPPATH\Views\v_detailTabungan.php(50): CodeIgniter\Debug\Exceptions->errorHandler(2, 'Illegal string offset \'tgl_masuk\'', 'APPPATH\\Views\\v_detailTabungan.php', 50, [...])
 2 SYSTEMPATH\View\View.php(213): include('APPPATH\\Views\\v_detailTabungan.php')
 3 SYSTEMPATH\View\View.php(216): CodeIgniter\View\View->CodeIgniter\View\{closure}()
 4 SYSTEMPATH\Common.php(1135): CodeIgniter\View\View->render('v_detailTabungan', [], true)
 5 APPPATH\Controllers\Tabungan.php(37): view('v_detailTabungan', [...])
 6 SYSTEMPATH\CodeIgniter.php(896): App\Controllers\Tabungan->detailTabungan('1')
 7 SYSTEMPATH\CodeIgniter.php(466): CodeIgniter\CodeIgniter->runController(Object(App\Controllers\Tabungan))
 8 SYSTEMPATH\CodeIgniter.php(349): CodeIgniter\CodeIgniter->handleRequest(null, Object(Config\Cache), false)
 9 FCPATH\index.php(55): CodeIgniter\CodeIgniter->run()
10 SYSTEMPATH\Commands\Server\rewrite.php(43): require_once('FCPATH\\index.php')
CRITICAL - 2023-08-30 09:59:26 --> Illegal string offset 'tgl_masuk'
in APPPATH\Views\v_detailTabungan.php on line 49.
 1 APPPATH\Views\v_detailTabungan.php(49): CodeIgniter\Debug\Exceptions->errorHandler(2, 'Illegal string offset \'tgl_masuk\'', 'APPPATH\\Views\\v_detailTabungan.php', 49, [...])
 2 SYSTEMPATH\View\View.php(213): include('APPPATH\\Views\\v_detailTabungan.php')
 3 SYSTEMPATH\View\View.php(216): CodeIgniter\View\View->CodeIgniter\View\{closure}()
 4 SYSTEMPATH\Common.php(1135): CodeIgniter\View\View->render('v_detailTabungan', [], true)
 5 APPPATH\Controllers\Tabungan.php(37): view('v_detailTabungan', [...])
 6 SYSTEMPATH\CodeIgniter.php(896): App\Controllers\Tabungan->detailTabungan('1')
 7 SYSTEMPATH\CodeIgniter.php(466): CodeIgniter\CodeIgniter->runController(Object(App\Controllers\Tabungan))
 8 SYSTEMPATH\CodeIgniter.php(349): CodeIgniter\CodeIgniter->handleRequest(null, Object(Config\Cache), false)
 9 FCPATH\index.php(55): CodeIgniter\CodeIgniter->run()
10 SYSTEMPATH\Commands\Server\rewrite.php(43): require_once('FCPATH\\index.php')
CRITICAL - 2023-08-30 10:02:04 --> Illegal string offset 'tgl_masuk'
in APPPATH\Views\v_detailTabungan.php on line 49.
 1 APPPATH\Views\v_detailTabungan.php(49): CodeIgniter\Debug\Exceptions->errorHandler(2, 'Illegal string offset \'tgl_masuk\'', 'APPPATH\\Views\\v_detailTabungan.php', 49, [...])
 2 SYSTEMPATH\View\View.php(213): include('APPPATH\\Views\\v_detailTabungan.php')
 3 SYSTEMPATH\View\View.php(216): CodeIgniter\View\View->CodeIgniter\View\{closure}()
 4 SYSTEMPATH\Common.php(1135): CodeIgniter\View\View->render('v_detailTabungan', [], true)
 5 APPPATH\Controllers\Tabungan.php(37): view('v_detailTabungan', [...])
 6 SYSTEMPATH\CodeIgniter.php(896): App\Controllers\Tabungan->detailTabungan('1')
 7 SYSTEMPATH\CodeIgniter.php(466): CodeIgniter\CodeIgniter->runController(Object(App\Controllers\Tabungan))
 8 SYSTEMPATH\CodeIgniter.php(349): CodeIgniter\CodeIgniter->handleRequest(null, Object(Config\Cache), false)
 9 FCPATH\index.php(55): CodeIgniter\CodeIgniter->run()
10 SYSTEMPATH\Commands\Server\rewrite.php(43): require_once('FCPATH\\index.php')
CRITICAL - 2023-08-30 10:06:10 --> Illegal string offset 'tgl_masuk'
in APPPATH\Views\v_detailTabungan.php on line 48.
 1 APPPATH\Views\v_detailTabungan.php(48): CodeIgniter\Debug\Exceptions->errorHandler(2, 'Illegal string offset \'tgl_masuk\'', 'APPPATH\\Views\\v_detailTabungan.php', 48, [...])
 2 SYSTEMPATH\View\View.php(213): include('APPPATH\\Views\\v_detailTabungan.php')
 3 SYSTEMPATH\View\View.php(216): CodeIgniter\View\View->CodeIgniter\View\{closure}()
 4 SYSTEMPATH\Common.php(1135): CodeIgniter\View\View->render('v_detailTabungan', [], true)
 5 APPPATH\Controllers\Tabungan.php(37): view('v_detailTabungan', [...])
 6 SYSTEMPATH\CodeIgniter.php(896): App\Controllers\Tabungan->detailTabungan('1')
 7 SYSTEMPATH\CodeIgniter.php(466): CodeIgniter\CodeIgniter->runController(Object(App\Controllers\Tabungan))
 8 SYSTEMPATH\CodeIgniter.php(349): CodeIgniter\CodeIgniter->handleRequest(null, Object(Config\Cache), false)
 9 FCPATH\index.php(55): CodeIgniter\CodeIgniter->run()
10 SYSTEMPATH\Commands\Server\rewrite.php(43): require_once('FCPATH\\index.php')
CRITICAL - 2023-08-30 10:08:51 --> Illegal string offset 'tabungan'
in APPPATH\Views\v_detailTabungan.php on line 48.
 1 APPPATH\Views\v_detailTabungan.php(48): CodeIgniter\Debug\Exceptions->errorHandler(2, 'Illegal string offset \'tabungan\'', 'APPPATH\\Views\\v_detailTabungan.php', 48, [...])
 2 SYSTEMPATH\View\View.php(213): include('APPPATH\\Views\\v_detailTabungan.php')
 3 SYSTEMPATH\View\View.php(216): CodeIgniter\View\View->CodeIgniter\View\{closure}()
 4 SYSTEMPATH\Common.php(1135): CodeIgniter\View\View->render('v_detailTabungan', [], true)
 5 APPPATH\Controllers\Tabungan.php(37): view('v_detailTabungan', [...])
 6 SYSTEMPATH\CodeIgniter.php(896): App\Controllers\Tabungan->detailTabungan('1')
 7 SYSTEMPATH\CodeIgniter.php(466): CodeIgniter\CodeIgniter->runController(Object(App\Controllers\Tabungan))
 8 SYSTEMPATH\CodeIgniter.php(349): CodeIgniter\CodeIgniter->handleRequest(null, Object(Config\Cache), false)
 9 FCPATH\index.php(55): CodeIgniter\CodeIgniter->run()
10 SYSTEMPATH\Commands\Server\rewrite.php(43): require_once('FCPATH\\index.php')
CRITICAL - 2023-08-30 10:10:47 --> Illegal string offset 'tgl_masuk'
in APPPATH\Views\v_detailTabungan.php on line 48.
 1 APPPATH\Views\v_detailTabungan.php(48): CodeIgniter\Debug\Exceptions->errorHandler(2, 'Illegal string offset \'tgl_masuk\'', 'APPPATH\\Views\\v_detailTabungan.php', 48, [...])
 2 SYSTEMPATH\View\View.php(213): include('APPPATH\\Views\\v_detailTabungan.php')
 3 SYSTEMPATH\View\View.php(216): CodeIgniter\View\View->CodeIgniter\View\{closure}()
 4 SYSTEMPATH\Common.php(1135): CodeIgniter\View\View->render('v_detailTabungan', [], true)
 5 APPPATH\Controllers\Tabungan.php(37): view('v_detailTabungan', [...])
 6 SYSTEMPATH\CodeIgniter.php(896): App\Controllers\Tabungan->detailTabungan('1')
 7 SYSTEMPATH\CodeIgniter.php(466): CodeIgniter\CodeIgniter->runController(Object(App\Controllers\Tabungan))
 8 SYSTEMPATH\CodeIgniter.php(349): CodeIgniter\CodeIgniter->handleRequest(null, Object(Config\Cache), false)
 9 FCPATH\index.php(55): CodeIgniter\CodeIgniter->run()
10 SYSTEMPATH\Commands\Server\rewrite.php(43): require_once('FCPATH\\index.php')
CRITICAL - 2023-08-30 10:14:06 --> Illegal string offset 'tgl_masuk'
in APPPATH\Views\v_detailTabungan.php on line 48.
 1 APPPATH\Views\v_detailTabungan.php(48): CodeIgniter\Debug\Exceptions->errorHandler(2, 'Illegal string offset \'tgl_masuk\'', 'APPPATH\\Views\\v_detailTabungan.php', 48, [...])
 2 SYSTEMPATH\View\View.php(213): include('APPPATH\\Views\\v_detailTabungan.php')
 3 SYSTEMPATH\View\View.php(216): CodeIgniter\View\View->CodeIgniter\View\{closure}()
 4 SYSTEMPATH\Common.php(1135): CodeIgniter\View\View->render('v_detailTabungan', [], true)
 5 APPPATH\Controllers\Tabungan.php(37): view('v_detailTabungan', [...])
 6 SYSTEMPATH\CodeIgniter.php(896): App\Controllers\Tabungan->detailTabungan('1')
 7 SYSTEMPATH\CodeIgniter.php(466): CodeIgniter\CodeIgniter->runController(Object(App\Controllers\Tabungan))
 8 SYSTEMPATH\CodeIgniter.php(349): CodeIgniter\CodeIgniter->handleRequest(null, Object(Config\Cache), false)
 9 FCPATH\index.php(55): CodeIgniter\CodeIgniter->run()
10 SYSTEMPATH\Commands\Server\rewrite.php(43): require_once('FCPATH\\index.php')
CRITICAL - 2023-08-30 10:20:31 --> Illegal string offset 'tgl_masuk'
in APPPATH\Views\v_detailTabungan.php on line 51.
 1 APPPATH\Views\v_detailTabungan.php(51): CodeIgniter\Debug\Exceptions->errorHandler(2, 'Illegal string offset \'tgl_masuk\'', 'APPPATH\\Views\\v_detailTabungan.php', 51, [...])
 2 SYSTEMPATH\View\View.php(213): include('APPPATH\\Views\\v_detailTabungan.php')
 3 SYSTEMPATH\View\View.php(216): CodeIgniter\View\View->CodeIgniter\View\{closure}()
 4 SYSTEMPATH\Common.php(1135): CodeIgniter\View\View->render('v_detailTabungan', [], true)
 5 APPPATH\Controllers\Tabungan.php(37): view('v_detailTabungan', [...])
 6 SYSTEMPATH\CodeIgniter.php(896): App\Controllers\Tabungan->detailTabungan('1')
 7 SYSTEMPATH\CodeIgniter.php(466): CodeIgniter\CodeIgniter->runController(Object(App\Controllers\Tabungan))
 8 SYSTEMPATH\CodeIgniter.php(349): CodeIgniter\CodeIgniter->handleRequest(null, Object(Config\Cache), false)
 9 FCPATH\index.php(55): CodeIgniter\CodeIgniter->run()
10 SYSTEMPATH\Commands\Server\rewrite.php(43): require_once('FCPATH\\index.php')
CRITICAL - 2023-08-30 10:25:53 --> Illegal string offset 'tgl_masuk'
in APPPATH\Views\v_detailTabungan.php on line 48.
 1 APPPATH\Views\v_detailTabungan.php(48): CodeIgniter\Debug\Exceptions->errorHandler(2, 'Illegal string offset \'tgl_masuk\'', 'APPPATH\\Views\\v_detailTabungan.php', 48, [...])
 2 SYSTEMPATH\View\View.php(213): include('APPPATH\\Views\\v_detailTabungan.php')
 3 SYSTEMPATH\View\View.php(216): CodeIgniter\View\View->CodeIgniter\View\{closure}()
 4 SYSTEMPATH\Common.php(1135): CodeIgniter\View\View->render('v_detailTabungan', [], true)
 5 APPPATH\Controllers\Tabungan.php(37): view('v_detailTabungan', [...])
 6 SYSTEMPATH\CodeIgniter.php(896): App\Controllers\Tabungan->detailTabungan('1')
 7 SYSTEMPATH\CodeIgniter.php(466): CodeIgniter\CodeIgniter->runController(Object(App\Controllers\Tabungan))
 8 SYSTEMPATH\CodeIgniter.php(349): CodeIgniter\CodeIgniter->handleRequest(null, Object(Config\Cache), false)
 9 FCPATH\index.php(55): CodeIgniter\CodeIgniter->run()
10 SYSTEMPATH\Commands\Server\rewrite.php(43): require_once('FCPATH\\index.php')
CRITICAL - 2023-08-30 10:27:09 --> Illegal string offset 'tgl_masuk'
in APPPATH\Views\v_detailTabungan.php on line 50.
 1 APPPATH\Views\v_detailTabungan.php(50): CodeIgniter\Debug\Exceptions->errorHandler(2, 'Illegal string offset \'tgl_masuk\'', 'APPPATH\\Views\\v_detailTabungan.php', 50, [...])
 2 SYSTEMPATH\View\View.php(213): include('APPPATH\\Views\\v_detailTabungan.php')
 3 SYSTEMPATH\View\View.php(216): CodeIgniter\View\View->CodeIgniter\View\{closure}()
 4 SYSTEMPATH\Common.php(1135): CodeIgniter\View\View->render('v_detailTabungan', [], true)
 5 APPPATH\Controllers\Tabungan.php(37): view('v_detailTabungan', [...])
 6 SYSTEMPATH\CodeIgniter.php(896): App\Controllers\Tabungan->detailTabungan('1')
 7 SYSTEMPATH\CodeIgniter.php(466): CodeIgniter\CodeIgniter->runController(Object(App\Controllers\Tabungan))
 8 SYSTEMPATH\CodeIgniter.php(349): CodeIgniter\CodeIgniter->handleRequest(null, Object(Config\Cache), false)
 9 FCPATH\index.php(55): CodeIgniter\CodeIgniter->run()
10 SYSTEMPATH\Commands\Server\rewrite.php(43): require_once('FCPATH\\index.php')
CRITICAL - 2023-08-30 10:28:33 --> Illegal string offset 'tgl_masuk'
in APPPATH\Views\v_detailTabungan.php on line 48.
 1 APPPATH\Views\v_detailTabungan.php(48): CodeIgniter\Debug\Exceptions->errorHandler(2, 'Illegal string offset \'tgl_masuk\'', 'APPPATH\\Views\\v_detailTabungan.php', 48, [...])
 2 SYSTEMPATH\View\View.php(213): include('APPPATH\\Views\\v_detailTabungan.php')
 3 SYSTEMPATH\View\View.php(216): CodeIgniter\View\View->CodeIgniter\View\{closure}()
 4 SYSTEMPATH\Common.php(1135): CodeIgniter\View\View->render('v_detailTabungan', [], true)
 5 APPPATH\Controllers\Tabungan.php(37): view('v_detailTabungan', [...])
 6 SYSTEMPATH\CodeIgniter.php(896): App\Controllers\Tabungan->detailTabungan('1')
 7 SYSTEMPATH\CodeIgniter.php(466): CodeIgniter\CodeIgniter->runController(Object(App\Controllers\Tabungan))
 8 SYSTEMPATH\CodeIgniter.php(349): CodeIgniter\CodeIgniter->handleRequest(null, Object(Config\Cache), false)
 9 FCPATH\index.php(55): CodeIgniter\CodeIgniter->run()
10 SYSTEMPATH\Commands\Server\rewrite.php(43): require_once('FCPATH\\index.php')
CRITICAL - 2023-08-30 10:31:09 --> Undefined index: nama_nasabah
in APPPATH\Views\v_detailTabungan.php on line 12.
 1 APPPATH\Views\v_detailTabungan.php(12): CodeIgniter\Debug\Exceptions->errorHandler(8, 'Undefined index: nama_nasabah', 'APPPATH\\Views\\v_detailTabungan.php', 12, [...])
 2 SYSTEMPATH\View\View.php(213): include('APPPATH\\Views\\v_detailTabungan.php')
 3 SYSTEMPATH\View\View.php(216): CodeIgniter\View\View->CodeIgniter\View\{closure}()
 4 SYSTEMPATH\Common.php(1135): CodeIgniter\View\View->render('v_detailTabungan', [], true)
 5 APPPATH\Controllers\Tabungan.php(37): view('v_detailTabungan', [...])
 6 SYSTEMPATH\CodeIgniter.php(896): App\Controllers\Tabungan->detailTabungan('1')
 7 SYSTEMPATH\CodeIgniter.php(466): CodeIgniter\CodeIgniter->runController(Object(App\Controllers\Tabungan))
 8 SYSTEMPATH\CodeIgniter.php(349): CodeIgniter\CodeIgniter->handleRequest(null, Object(Config\Cache), false)
 9 FCPATH\index.php(55): CodeIgniter\CodeIgniter->run()
10 SYSTEMPATH\Commands\Server\rewrite.php(43): require_once('FCPATH\\index.php')
CRITICAL - 2023-08-30 10:31:33 --> Illegal string offset 'tgl_masuk'
in APPPATH\Views\v_detailTabungan.php on line 48.
 1 APPPATH\Views\v_detailTabungan.php(48): CodeIgniter\Debug\Exceptions->errorHandler(2, 'Illegal string offset \'tgl_masuk\'', 'APPPATH\\Views\\v_detailTabungan.php', 48, [...])
 2 SYSTEMPATH\View\View.php(213): include('APPPATH\\Views\\v_detailTabungan.php')
 3 SYSTEMPATH\View\View.php(216): CodeIgniter\View\View->CodeIgniter\View\{closure}()
 4 SYSTEMPATH\Common.php(1135): CodeIgniter\View\View->render('v_detailTabungan', [], true)
 5 APPPATH\Controllers\Tabungan.php(37): view('v_detailTabungan', [...])
 6 SYSTEMPATH\CodeIgniter.php(896): App\Controllers\Tabungan->detailTabungan('1')
 7 SYSTEMPATH\CodeIgniter.php(466): CodeIgniter\CodeIgniter->runController(Object(App\Controllers\Tabungan))
 8 SYSTEMPATH\CodeIgniter.php(349): CodeIgniter\CodeIgniter->handleRequest(null, Object(Config\Cache), false)
 9 FCPATH\index.php(55): CodeIgniter\CodeIgniter->run()
10 SYSTEMPATH\Commands\Server\rewrite.php(43): require_once('FCPATH\\index.php')
CRITICAL - 2023-08-30 19:30:05 --> Illegal string offset 'tgl_masuk'
in APPPATH\Views\v_detailTabungan.php on line 48.
 1 APPPATH\Views\v_detailTabungan.php(48): CodeIgniter\Debug\Exceptions->errorHandler(2, 'Illegal string offset \'tgl_masuk\'', 'APPPATH\\Views\\v_detailTabungan.php', 48, [...])
 2 SYSTEMPATH\View\View.php(213): include('APPPATH\\Views\\v_detailTabungan.php')
 3 SYSTEMPATH\View\View.php(216): CodeIgniter\View\View->CodeIgniter\View\{closure}()
 4 SYSTEMPATH\Common.php(1135): CodeIgniter\View\View->render('v_detailTabungan', [], true)
 5 APPPATH\Controllers\Tabungan.php(37): view('v_detailTabungan', [...])
 6 SYSTEMPATH\CodeIgniter.php(896): App\Controllers\Tabungan->detailTabungan('1')
 7 SYSTEMPATH\CodeIgniter.php(466): CodeIgniter\CodeIgniter->runController(Object(App\Controllers\Tabungan))
 8 SYSTEMPATH\CodeIgniter.php(349): CodeIgniter\CodeIgniter->handleRequest(null, Object(Config\Cache), false)
 9 FCPATH\index.php(55): CodeIgniter\CodeIgniter->run()
10 SYSTEMPATH\Commands\Server\rewrite.php(43): require_once('FCPATH\\index.php')
CRITICAL - 2023-08-30 19:30:56 --> Too few arguments to function App\Controllers\Tabungan::detailTabungan(), 0 passed in C:\xampp\htdocs\gogogreen\system\CodeIgniter.php on line 896 and exactly 1 expected
in APPPATH\Controllers\Tabungan.php on line 29.
 1 SYSTEMPATH\CodeIgniter.php(896): App\Controllers\Tabungan->detailTabungan()
 2 SYSTEMPATH\CodeIgniter.php(466): CodeIgniter\CodeIgniter->runController(Object(App\Controllers\Tabungan))
 3 SYSTEMPATH\CodeIgniter.php(349): CodeIgniter\CodeIgniter->handleRequest(null, Object(Config\Cache), false)
 4 FCPATH\index.php(55): CodeIgniter\CodeIgniter->run()
 5 SYSTEMPATH\Commands\Server\rewrite.php(43): require_once('FCPATH\\index.php')
CRITICAL - 2023-08-30 19:31:17 --> Too few arguments to function App\Controllers\Tabungan::detailTabungan(), 0 passed in C:\xampp\htdocs\gogogreen\system\CodeIgniter.php on line 896 and exactly 1 expected
in APPPATH\Controllers\Tabungan.php on line 29.
 1 SYSTEMPATH\CodeIgniter.php(896): App\Controllers\Tabungan->detailTabungan()
 2 SYSTEMPATH\CodeIgniter.php(466): CodeIgniter\CodeIgniter->runController(Object(App\Controllers\Tabungan))
 3 SYSTEMPATH\CodeIgniter.php(349): CodeIgniter\CodeIgniter->handleRequest(null, Object(Config\Cache), false)
 4 FCPATH\index.php(55): CodeIgniter\CodeIgniter->run()
 5 SYSTEMPATH\Commands\Server\rewrite.php(43): require_once('FCPATH\\index.php')
CRITICAL - 2023-08-30 19:31:25 --> Illegal string offset 'tgl_masuk'
in APPPATH\Views\v_detailTabungan.php on line 48.
 1 APPPATH\Views\v_detailTabungan.php(48): CodeIgniter\Debug\Exceptions->errorHandler(2, 'Illegal string offset \'tgl_masuk\'', 'APPPATH\\Views\\v_detailTabungan.php', 48, [...])
 2 SYSTEMPATH\View\View.php(213): include('APPPATH\\Views\\v_detailTabungan.php')
 3 SYSTEMPATH\View\View.php(216): CodeIgniter\View\View->CodeIgniter\View\{closure}()
 4 SYSTEMPATH\Common.php(1135): CodeIgniter\View\View->render('v_detailTabungan', [], true)
 5 APPPATH\Controllers\Tabungan.php(37): view('v_detailTabungan', [...])
 6 SYSTEMPATH\CodeIgniter.php(896): App\Controllers\Tabungan->detailTabungan('1')
 7 SYSTEMPATH\CodeIgniter.php(466): CodeIgniter\CodeIgniter->runController(Object(App\Controllers\Tabungan))
 8 SYSTEMPATH\CodeIgniter.php(349): CodeIgniter\CodeIgniter->handleRequest(null, Object(Config\Cache), false)
 9 FCPATH\index.php(55): CodeIgniter\CodeIgniter->run()
10 SYSTEMPATH\Commands\Server\rewrite.php(43): require_once('FCPATH\\index.php')
CRITICAL - 2023-08-30 19:31:44 --> Illegal string offset 'tgl_masuk'
in APPPATH\Views\v_detailTabungan.php on line 27.
 1 APPPATH\Views\v_detailTabungan.php(27): CodeIgniter\Debug\Exceptions->errorHandler(2, 'Illegal string offset \'tgl_masuk\'', 'APPPATH\\Views\\v_detailTabungan.php', 27, [...])
 2 SYSTEMPATH\View\View.php(213): include('APPPATH\\Views\\v_detailTabungan.php')
 3 SYSTEMPATH\View\View.php(216): CodeIgniter\View\View->CodeIgniter\View\{closure}()
 4 SYSTEMPATH\Common.php(1135): CodeIgniter\View\View->render('v_detailTabungan', [], true)
 5 APPPATH\Controllers\Tabungan.php(37): view('v_detailTabungan', [...])
 6 SYSTEMPATH\CodeIgniter.php(896): App\Controllers\Tabungan->detailTabungan('1')
 7 SYSTEMPATH\CodeIgniter.php(466): CodeIgniter\CodeIgniter->runController(Object(App\Controllers\Tabungan))
 8 SYSTEMPATH\CodeIgniter.php(349): CodeIgniter\CodeIgniter->handleRequest(null, Object(Config\Cache), false)
 9 FCPATH\index.php(55): CodeIgniter\CodeIgniter->run()
10 SYSTEMPATH\Commands\Server\rewrite.php(43): require_once('FCPATH\\index.php')
CRITICAL - 2023-08-30 19:32:25 --> Undefined variable: no
in APPPATH\Views\v_detailTabungan.php on line 45.
 1 APPPATH\Views\v_detailTabungan.php(45): CodeIgniter\Debug\Exceptions->errorHandler(8, 'Undefined variable: no', 'APPPATH\\Views\\v_detailTabungan.php', 45, [...])
 2 SYSTEMPATH\View\View.php(213): include('APPPATH\\Views\\v_detailTabungan.php')
 3 SYSTEMPATH\View\View.php(216): CodeIgniter\View\View->CodeIgniter\View\{closure}()
 4 SYSTEMPATH\Common.php(1135): CodeIgniter\View\View->render('v_detailTabungan', [], true)
 5 APPPATH\Controllers\Tabungan.php(37): view('v_detailTabungan', [...])
 6 SYSTEMPATH\CodeIgniter.php(896): App\Controllers\Tabungan->detailTabungan('1')
 7 SYSTEMPATH\CodeIgniter.php(466): CodeIgniter\CodeIgniter->runController(Object(App\Controllers\Tabungan))
 8 SYSTEMPATH\CodeIgniter.php(349): CodeIgniter\CodeIgniter->handleRequest(null, Object(Config\Cache), false)
 9 FCPATH\index.php(55): CodeIgniter\CodeIgniter->run()
10 SYSTEMPATH\Commands\Server\rewrite.php(43): require_once('FCPATH\\index.php')
CRITICAL - 2023-08-30 19:33:58 --> Illegal string offset 'tgl_masuk'
in APPPATH\Views\v_detailTabungan.php on line 48.
 1 APPPATH\Views\v_detailTabungan.php(48): CodeIgniter\Debug\Exceptions->errorHandler(2, 'Illegal string offset \'tgl_masuk\'', 'APPPATH\\Views\\v_detailTabungan.php', 48, [...])
 2 SYSTEMPATH\View\View.php(213): include('APPPATH\\Views\\v_detailTabungan.php')
 3 SYSTEMPATH\View\View.php(216): CodeIgniter\View\View->CodeIgniter\View\{closure}()
 4 SYSTEMPATH\Common.php(1135): CodeIgniter\View\View->render('v_detailTabungan', [], true)
 5 APPPATH\Controllers\Tabungan.php(37): view('v_detailTabungan', [...])
 6 SYSTEMPATH\CodeIgniter.php(896): App\Controllers\Tabungan->detailTabungan('1')
 7 SYSTEMPATH\CodeIgniter.php(466): CodeIgniter\CodeIgniter->runController(Object(App\Controllers\Tabungan))
 8 SYSTEMPATH\CodeIgniter.php(349): CodeIgniter\CodeIgniter->handleRequest(null, Object(Config\Cache), false)
 9 FCPATH\index.php(55): CodeIgniter\CodeIgniter->run()
10 SYSTEMPATH\Commands\Server\rewrite.php(43): require_once('FCPATH\\index.php')
CRITICAL - 2023-08-30 19:35:07 --> Undefined variable: data_array
in APPPATH\Views\v_detailTabungan.php on line 46.
 1 APPPATH\Views\v_detailTabungan.php(46): CodeIgniter\Debug\Exceptions->errorHandler(8, 'Undefined variable: data_array', 'APPPATH\\Views\\v_detailTabungan.php', 46, [...])
 2 SYSTEMPATH\View\View.php(213): include('APPPATH\\Views\\v_detailTabungan.php')
 3 SYSTEMPATH\View\View.php(216): CodeIgniter\View\View->CodeIgniter\View\{closure}()
 4 SYSTEMPATH\Common.php(1135): CodeIgniter\View\View->render('v_detailTabungan', [], true)
 5 APPPATH\Controllers\Tabungan.php(37): view('v_detailTabungan', [...])
 6 SYSTEMPATH\CodeIgniter.php(896): App\Controllers\Tabungan->detailTabungan('1')
 7 SYSTEMPATH\CodeIgniter.php(466): CodeIgniter\CodeIgniter->runController(Object(App\Controllers\Tabungan))
 8 SYSTEMPATH\CodeIgniter.php(349): CodeIgniter\CodeIgniter->handleRequest(null, Object(Config\Cache), false)
 9 FCPATH\index.php(55): CodeIgniter\CodeIgniter->run()
10 SYSTEMPATH\Commands\Server\rewrite.php(43): require_once('FCPATH\\index.php')
CRITICAL - 2023-08-30 19:35:14 --> Illegal string offset 'tgl_masuk'
in APPPATH\Views\v_detailTabungan.php on line 50.
 1 APPPATH\Views\v_detailTabungan.php(50): CodeIgniter\Debug\Exceptions->errorHandler(2, 'Illegal string offset \'tgl_masuk\'', 'APPPATH\\Views\\v_detailTabungan.php', 50, [...])
 2 SYSTEMPATH\View\View.php(213): include('APPPATH\\Views\\v_detailTabungan.php')
 3 SYSTEMPATH\View\View.php(216): CodeIgniter\View\View->CodeIgniter\View\{closure}()
 4 SYSTEMPATH\Common.php(1135): CodeIgniter\View\View->render('v_detailTabungan', [], true)
 5 APPPATH\Controllers\Tabungan.php(37): view('v_detailTabungan', [...])
 6 SYSTEMPATH\CodeIgniter.php(896): App\Controllers\Tabungan->detailTabungan('1')
 7 SYSTEMPATH\CodeIgniter.php(466): CodeIgniter\CodeIgniter->runController(Object(App\Controllers\Tabungan))
 8 SYSTEMPATH\CodeIgniter.php(349): CodeIgniter\CodeIgniter->handleRequest(null, Object(Config\Cache), false)
 9 FCPATH\index.php(55): CodeIgniter\CodeIgniter->run()
10 SYSTEMPATH\Commands\Server\rewrite.php(43): require_once('FCPATH\\index.php')
CRITICAL - 2023-08-30 19:37:14 --> Undefined variable: dtabungan
in APPPATH\Views\v_detailTabungan.php on line 45.
 1 APPPATH\Views\v_detailTabungan.php(45): CodeIgniter\Debug\Exceptions->errorHandler(8, 'Undefined variable: dtabungan', 'APPPATH\\Views\\v_detailTabungan.php', 45, [...])
 2 SYSTEMPATH\View\View.php(213): include('APPPATH\\Views\\v_detailTabungan.php')
 3 SYSTEMPATH\View\View.php(216): CodeIgniter\View\View->CodeIgniter\View\{closure}()
 4 SYSTEMPATH\Common.php(1135): CodeIgniter\View\View->render('v_detailTabungan', [], true)
 5 APPPATH\Controllers\Tabungan.php(37): view('v_detailTabungan', [...])
 6 SYSTEMPATH\CodeIgniter.php(896): App\Controllers\Tabungan->detailTabungan('1')
 7 SYSTEMPATH\CodeIgniter.php(466): CodeIgniter\CodeIgniter->runController(Object(App\Controllers\Tabungan))
 8 SYSTEMPATH\CodeIgniter.php(349): CodeIgniter\CodeIgniter->handleRequest(null, Object(Config\Cache), false)
 9 FCPATH\index.php(55): CodeIgniter\CodeIgniter->run()
10 SYSTEMPATH\Commands\Server\rewrite.php(43): require_once('FCPATH\\index.php')
CRITICAL - 2023-08-30 19:37:22 --> Undefined variable: data_array
in APPPATH\Views\v_detailTabungan.php on line 49.
 1 APPPATH\Views\v_detailTabungan.php(49): CodeIgniter\Debug\Exceptions->errorHandler(8, 'Undefined variable: data_array', 'APPPATH\\Views\\v_detailTabungan.php', 49, [...])
 2 SYSTEMPATH\View\View.php(213): include('APPPATH\\Views\\v_detailTabungan.php')
 3 SYSTEMPATH\View\View.php(216): CodeIgniter\View\View->CodeIgniter\View\{closure}()
 4 SYSTEMPATH\Common.php(1135): CodeIgniter\View\View->render('v_detailTabungan', [], true)
 5 APPPATH\Controllers\Tabungan.php(37): view('v_detailTabungan', [...])
 6 SYSTEMPATH\CodeIgniter.php(896): App\Controllers\Tabungan->detailTabungan('1')
 7 SYSTEMPATH\CodeIgniter.php(466): CodeIgniter\CodeIgniter->runController(Object(App\Controllers\Tabungan))
 8 SYSTEMPATH\CodeIgniter.php(349): CodeIgniter\CodeIgniter->handleRequest(null, Object(Config\Cache), false)
 9 FCPATH\index.php(55): CodeIgniter\CodeIgniter->run()
10 SYSTEMPATH\Commands\Server\rewrite.php(43): require_once('FCPATH\\index.php')
CRITICAL - 2023-08-30 20:08:06 --> You must set the database table to be used with your query.
in SYSTEMPATH\Database\BaseConnection.php on line 874.
 1 SYSTEMPATH\Model.php(586): CodeIgniter\Database\BaseConnection->table(null)
 2 SYSTEMPATH\Model.php(169): CodeIgniter\Model->builder()
 3 SYSTEMPATH\BaseModel.php(523): CodeIgniter\Model->doFind(true, '2')
 4 APPPATH\Controllers\Tabungan.php(67): CodeIgniter\BaseModel->find('2')
 5 SYSTEMPATH\CodeIgniter.php(896): App\Controllers\Tabungan->insertData()
 6 SYSTEMPATH\CodeIgniter.php(466): CodeIgniter\CodeIgniter->runController(Object(App\Controllers\Tabungan))
 7 SYSTEMPATH\CodeIgniter.php(349): CodeIgniter\CodeIgniter->handleRequest(null, Object(Config\Cache), false)
 8 FCPATH\index.php(55): CodeIgniter\CodeIgniter->run()
 9 SYSTEMPATH\Commands\Server\rewrite.php(43): require_once('FCPATH\\index.php')
ERROR - 2023-08-30 20:16:17 --> Table 'db_gogogreen.tabungan' doesn't exist
CRITICAL - 2023-08-30 20:16:17 --> Table 'db_gogogreen.tabungan' doesn't exist
in SYSTEMPATH\Database\MySQLi\Connection.php on line 292.
 1 SYSTEMPATH\Database\MySQLi\Connection.php(292): mysqli->query('SELECT *
FROM `tabungan`
WHERE `tabungan`.`nasabah_id` = \'2\'', 0)
 2 SYSTEMPATH\Database\BaseConnection.php(695): CodeIgniter\Database\MySQLi\Connection->execute('SELECT *
FROM `tabungan`
WHERE `tabungan`.`nasabah_id` = \'2\'')
 3 SYSTEMPATH\Database\BaseConnection.php(609): CodeIgniter\Database\BaseConnection->simpleQuery('SELECT *
FROM `tabungan`
WHERE `tabungan`.`nasabah_id` = \'2\'')
 4 SYSTEMPATH\Database\BaseBuilder.php(1585): CodeIgniter\Database\BaseConnection->query('SELECT *
FROM `tabungan`
WHERE `tabungan`.`nasabah_id` = :tabungan.nasabah_id:', [...], false)
 5 SYSTEMPATH\Model.php(181): CodeIgniter\Database\BaseBuilder->get()
 6 SYSTEMPATH\BaseModel.php(523): CodeIgniter\Model->doFind(true, '2')
 7 APPPATH\Controllers\Tabungan.php(67): CodeIgniter\BaseModel->find('2')
 8 SYSTEMPATH\CodeIgniter.php(896): App\Controllers\Tabungan->insertData()
 9 SYSTEMPATH\CodeIgniter.php(466): CodeIgniter\CodeIgniter->runController(Object(App\Controllers\Tabungan))
10 SYSTEMPATH\CodeIgniter.php(349): CodeIgniter\CodeIgniter->handleRequest(null, Object(Config\Cache), false)
11 FCPATH\index.php(55): CodeIgniter\CodeIgniter->run()
12 SYSTEMPATH\Commands\Server\rewrite.php(43): require_once('FCPATH\\index.php')
CRITICAL - 2023-08-30 20:16:42 --> A non-numeric value encountered
in APPPATH\Controllers\Tabungan.php on line 69.
 1 APPPATH\Controllers\Tabungan.php(69): CodeIgniter\Debug\Exceptions->errorHandler(2, 'A non-numeric value encountered', 'APPPATH\\Controllers\\Tabungan.php', 69, [...])
 2 SYSTEMPATH\CodeIgniter.php(896): App\Controllers\Tabungan->insertData()
 3 SYSTEMPATH\CodeIgniter.php(466): CodeIgniter\CodeIgniter->runController(Object(App\Controllers\Tabungan))
 4 SYSTEMPATH\CodeIgniter.php(349): CodeIgniter\CodeIgniter->handleRequest(null, Object(Config\Cache), false)
 5 FCPATH\index.php(55): CodeIgniter\CodeIgniter->run()
 6 SYSTEMPATH\Commands\Server\rewrite.php(43): require_once('FCPATH\\index.php')
CRITICAL - 2023-08-30 20:22:19 --> Illegal string offset 'tgl_masuk'
in APPPATH\Views\v_detailTabungan.php on line 45.
 1 APPPATH\Views\v_detailTabungan.php(45): CodeIgniter\Debug\Exceptions->errorHandler(2, 'Illegal string offset \'tgl_masuk\'', 'APPPATH\\Views\\v_detailTabungan.php', 45, [...])
 2 SYSTEMPATH\View\View.php(213): include('APPPATH\\Views\\v_detailTabungan.php')
 3 SYSTEMPATH\View\View.php(216): CodeIgniter\View\View->CodeIgniter\View\{closure}()
 4 SYSTEMPATH\Common.php(1135): CodeIgniter\View\View->render('v_detailTabungan', [], true)
 5 APPPATH\Controllers\Tabungan.php(37): view('v_detailTabungan', [...])
 6 SYSTEMPATH\CodeIgniter.php(896): App\Controllers\Tabungan->detailTabungan('6')
 7 SYSTEMPATH\CodeIgniter.php(466): CodeIgniter\CodeIgniter->runController(Object(App\Controllers\Tabungan))
 8 SYSTEMPATH\CodeIgniter.php(349): CodeIgniter\CodeIgniter->handleRequest(null, Object(Config\Cache), false)
 9 FCPATH\index.php(55): CodeIgniter\CodeIgniter->run()
10 SYSTEMPATH\Commands\Server\rewrite.php(43): require_once('FCPATH\\index.php')
CRITICAL - 2023-08-30 20:28:09 --> Illegal string offset 'tgl_masuk'
in APPPATH\Views\v_detailTabungan.php on line 45.
 1 APPPATH\Views\v_detailTabungan.php(45): CodeIgniter\Debug\Exceptions->errorHandler(2, 'Illegal string offset \'tgl_masuk\'', 'APPPATH\\Views\\v_detailTabungan.php', 45, [...])
 2 SYSTEMPATH\View\View.php(213): include('APPPATH\\Views\\v_detailTabungan.php')
 3 SYSTEMPATH\View\View.php(216): CodeIgniter\View\View->CodeIgniter\View\{closure}()
 4 SYSTEMPATH\Common.php(1135): CodeIgniter\View\View->render('v_detailTabungan', [], true)
 5 APPPATH\Controllers\Tabungan.php(38): view('v_detailTabungan', [...])
 6 SYSTEMPATH\CodeIgniter.php(896): App\Controllers\Tabungan->detailTabungan('6')
 7 SYSTEMPATH\CodeIgniter.php(466): CodeIgniter\CodeIgniter->runController(Object(App\Controllers\Tabungan))
 8 SYSTEMPATH\CodeIgniter.php(349): CodeIgniter\CodeIgniter->handleRequest(null, Object(Config\Cache), false)
 9 FCPATH\index.php(55): CodeIgniter\CodeIgniter->run()
10 SYSTEMPATH\Commands\Server\rewrite.php(43): require_once('FCPATH\\index.php')
CRITICAL - 2023-08-30 20:29:45 --> Illegal string offset 'tgl_masuk'
in APPPATH\Views\v_detailTabungan.php on line 45.
 1 APPPATH\Views\v_detailTabungan.php(45): CodeIgniter\Debug\Exceptions->errorHandler(2, 'Illegal string offset \'tgl_masuk\'', 'APPPATH\\Views\\v_detailTabungan.php', 45, [...])
 2 SYSTEMPATH\View\View.php(213): include('APPPATH\\Views\\v_detailTabungan.php')
 3 SYSTEMPATH\View\View.php(216): CodeIgniter\View\View->CodeIgniter\View\{closure}()
 4 SYSTEMPATH\Common.php(1135): CodeIgniter\View\View->render('v_detailTabungan', [], true)
 5 APPPATH\Controllers\Tabungan.php(38): view('v_detailTabungan', [...])
 6 SYSTEMPATH\CodeIgniter.php(896): App\Controllers\Tabungan->detailTabungan('6')
 7 SYSTEMPATH\CodeIgniter.php(466): CodeIgniter\CodeIgniter->runController(Object(App\Controllers\Tabungan))
 8 SYSTEMPATH\CodeIgniter.php(349): CodeIgniter\CodeIgniter->handleRequest(null, Object(Config\Cache), false)
 9 FCPATH\index.php(55): CodeIgniter\CodeIgniter->run()
10 SYSTEMPATH\Commands\Server\rewrite.php(43): require_once('FCPATH\\index.php')
CRITICAL - 2023-08-30 20:34:05 --> Undefined index: nama_nasabah
in APPPATH\Views\v_detailTabungan.php on line 12.
 1 APPPATH\Views\v_detailTabungan.php(12): CodeIgniter\Debug\Exceptions->errorHandler(8, 'Undefined index: nama_nasabah', 'APPPATH\\Views\\v_detailTabungan.php', 12, [...])
 2 SYSTEMPATH\View\View.php(213): include('APPPATH\\Views\\v_detailTabungan.php')
 3 SYSTEMPATH\View\View.php(216): CodeIgniter\View\View->CodeIgniter\View\{closure}()
 4 SYSTEMPATH\Common.php(1135): CodeIgniter\View\View->render('v_detailTabungan', [], true)
 5 APPPATH\Controllers\Tabungan.php(37): view('v_detailTabungan', [...])
 6 SYSTEMPATH\CodeIgniter.php(896): App\Controllers\Tabungan->detailTabungan('6')
 7 SYSTEMPATH\CodeIgniter.php(466): CodeIgniter\CodeIgniter->runController(Object(App\Controllers\Tabungan))
 8 SYSTEMPATH\CodeIgniter.php(349): CodeIgniter\CodeIgniter->handleRequest(null, Object(Config\Cache), false)
 9 FCPATH\index.php(55): CodeIgniter\CodeIgniter->run()
10 SYSTEMPATH\Commands\Server\rewrite.php(43): require_once('FCPATH\\index.php')
CRITICAL - 2023-08-30 20:34:40 --> Undefined variable: nasabah
in APPPATH\Views\v_detailTabungan.php on line 12.
 1 APPPATH\Views\v_detailTabungan.php(12): CodeIgniter\Debug\Exceptions->errorHandler(8, 'Undefined variable: nasabah', 'APPPATH\\Views\\v_detailTabungan.php', 12, [...])
 2 SYSTEMPATH\View\View.php(213): include('APPPATH\\Views\\v_detailTabungan.php')
 3 SYSTEMPATH\View\View.php(216): CodeIgniter\View\View->CodeIgniter\View\{closure}()
 4 SYSTEMPATH\Common.php(1135): CodeIgniter\View\View->render('v_detailTabungan', [], true)
 5 APPPATH\Controllers\Tabungan.php(37): view('v_detailTabungan', [...])
 6 SYSTEMPATH\CodeIgniter.php(896): App\Controllers\Tabungan->detailTabungan('6')
 7 SYSTEMPATH\CodeIgniter.php(466): CodeIgniter\CodeIgniter->runController(Object(App\Controllers\Tabungan))
 8 SYSTEMPATH\CodeIgniter.php(349): CodeIgniter\CodeIgniter->handleRequest(null, Object(Config\Cache), false)
 9 FCPATH\index.php(55): CodeIgniter\CodeIgniter->run()
10 SYSTEMPATH\Commands\Server\rewrite.php(43): require_once('FCPATH\\index.php')
CRITICAL - 2023-08-30 20:34:55 --> Undefined index: nama_nasabah
in APPPATH\Views\v_detailTabungan.php on line 12.
 1 APPPATH\Views\v_detailTabungan.php(12): CodeIgniter\Debug\Exceptions->errorHandler(8, 'Undefined index: nama_nasabah', 'APPPATH\\Views\\v_detailTabungan.php', 12, [...])
 2 SYSTEMPATH\View\View.php(213): include('APPPATH\\Views\\v_detailTabungan.php')
 3 SYSTEMPATH\View\View.php(216): CodeIgniter\View\View->CodeIgniter\View\{closure}()
 4 SYSTEMPATH\Common.php(1135): CodeIgniter\View\View->render('v_detailTabungan', [], true)
 5 APPPATH\Controllers\Tabungan.php(37): view('v_detailTabungan', [...])
 6 SYSTEMPATH\CodeIgniter.php(896): App\Controllers\Tabungan->detailTabungan('6')
 7 SYSTEMPATH\CodeIgniter.php(466): CodeIgniter\CodeIgniter->runController(Object(App\Controllers\Tabungan))
 8 SYSTEMPATH\CodeIgniter.php(349): CodeIgniter\CodeIgniter->handleRequest(null, Object(Config\Cache), false)
 9 FCPATH\index.php(55): CodeIgniter\CodeIgniter->run()
10 SYSTEMPATH\Commands\Server\rewrite.php(43): require_once('FCPATH\\index.php')
CRITICAL - 2023-08-30 20:39:30 --> Undefined variable: nasabah
in APPPATH\Views\v_detailTabungan.php on line 12.
 1 APPPATH\Views\v_detailTabungan.php(12): CodeIgniter\Debug\Exceptions->errorHandler(8, 'Undefined variable: nasabah', 'APPPATH\\Views\\v_detailTabungan.php', 12, [...])
 2 SYSTEMPATH\View\View.php(213): include('APPPATH\\Views\\v_detailTabungan.php')
 3 SYSTEMPATH\View\View.php(216): CodeIgniter\View\View->CodeIgniter\View\{closure}()
 4 SYSTEMPATH\Common.php(1135): CodeIgniter\View\View->render('v_detailTabungan', [], true)
 5 APPPATH\Controllers\Tabungan.php(37): view('v_detailTabungan', [...])
 6 SYSTEMPATH\CodeIgniter.php(896): App\Controllers\Tabungan->detailTabungan('6')
 7 SYSTEMPATH\CodeIgniter.php(466): CodeIgniter\CodeIgniter->runController(Object(App\Controllers\Tabungan))
 8 SYSTEMPATH\CodeIgniter.php(349): CodeIgniter\CodeIgniter->handleRequest(null, Object(Config\Cache), false)
 9 FCPATH\index.php(55): CodeIgniter\CodeIgniter->run()
10 SYSTEMPATH\Commands\Server\rewrite.php(43): require_once('FCPATH\\index.php')
CRITICAL - 2023-08-30 20:41:03 --> Undefined index: nasabah
in APPPATH\Views\v_detailTabungan.php on line 12.
 1 APPPATH\Views\v_detailTabungan.php(12): CodeIgniter\Debug\Exceptions->errorHandler(8, 'Undefined index: nasabah', 'APPPATH\\Views\\v_detailTabungan.php', 12, [...])
 2 SYSTEMPATH\View\View.php(213): include('APPPATH\\Views\\v_detailTabungan.php')
 3 SYSTEMPATH\View\View.php(216): CodeIgniter\View\View->CodeIgniter\View\{closure}()
 4 SYSTEMPATH\Common.php(1135): CodeIgniter\View\View->render('v_detailTabungan', [], true)
 5 APPPATH\Controllers\Tabungan.php(37): view('v_detailTabungan', [...])
 6 SYSTEMPATH\CodeIgniter.php(896): App\Controllers\Tabungan->detailTabungan('6')
 7 SYSTEMPATH\CodeIgniter.php(466): CodeIgniter\CodeIgniter->runController(Object(App\Controllers\Tabungan))
 8 SYSTEMPATH\CodeIgniter.php(349): CodeIgniter\CodeIgniter->handleRequest(null, Object(Config\Cache), false)
 9 FCPATH\index.php(55): CodeIgniter\CodeIgniter->run()
10 SYSTEMPATH\Commands\Server\rewrite.php(43): require_once('FCPATH\\index.php')
CRITICAL - 2023-08-30 20:44:06 --> Undefined index: nasabah
in APPPATH\Views\v_detailTabungan.php on line 12.
 1 APPPATH\Views\v_detailTabungan.php(12): CodeIgniter\Debug\Exceptions->errorHandler(8, 'Undefined index: nasabah', 'APPPATH\\Views\\v_detailTabungan.php', 12, [...])
 2 SYSTEMPATH\View\View.php(213): include('APPPATH\\Views\\v_detailTabungan.php')
 3 SYSTEMPATH\View\View.php(216): CodeIgniter\View\View->CodeIgniter\View\{closure}()
 4 SYSTEMPATH\Common.php(1135): CodeIgniter\View\View->render('v_detailTabungan', [], true)
 5 APPPATH\Controllers\Tabungan.php(37): view('v_detailTabungan', [...])
 6 SYSTEMPATH\CodeIgniter.php(896): App\Controllers\Tabungan->detailTabungan('6')
 7 SYSTEMPATH\CodeIgniter.php(466): CodeIgniter\CodeIgniter->runController(Object(App\Controllers\Tabungan))
 8 SYSTEMPATH\CodeIgniter.php(349): CodeIgniter\CodeIgniter->handleRequest(null, Object(Config\Cache), false)
 9 FCPATH\index.php(55): CodeIgniter\CodeIgniter->run()
10 SYSTEMPATH\Commands\Server\rewrite.php(43): require_once('FCPATH\\index.php')
CRITICAL - 2023-08-30 20:47:34 --> Too few arguments to function App\Controllers\Tabungan::detailTabungan(), 1 passed in C:\xampp\htdocs\gogogreen\system\CodeIgniter.php on line 896 and exactly 2 expected
in APPPATH\Controllers\Tabungan.php on line 29.
 1 SYSTEMPATH\CodeIgniter.php(896): App\Controllers\Tabungan->detailTabungan('6')
 2 SYSTEMPATH\CodeIgniter.php(466): CodeIgniter\CodeIgniter->runController(Object(App\Controllers\Tabungan))
 3 SYSTEMPATH\CodeIgniter.php(349): CodeIgniter\CodeIgniter->handleRequest(null, Object(Config\Cache), false)
 4 FCPATH\index.php(55): CodeIgniter\CodeIgniter->run()
 5 SYSTEMPATH\Commands\Server\rewrite.php(43): require_once('FCPATH\\index.php')
CRITICAL - 2023-08-30 20:48:09 --> Trying to access array offset on value of type null
in APPPATH\Views\v_detailTabungan.php on line 12.
 1 APPPATH\Views\v_detailTabungan.php(12): CodeIgniter\Debug\Exceptions->errorHandler(8, 'Trying to access array offset on value of type null', 'APPPATH\\Views\\v_detailTabungan.php', 12, [...])
 2 SYSTEMPATH\View\View.php(213): include('APPPATH\\Views\\v_detailTabungan.php')
 3 SYSTEMPATH\View\View.php(216): CodeIgniter\View\View->CodeIgniter\View\{closure}()
 4 SYSTEMPATH\Common.php(1135): CodeIgniter\View\View->render('v_detailTabungan', [], true)
 5 APPPATH\Controllers\Tabungan.php(37): view('v_detailTabungan', [...])
 6 SYSTEMPATH\CodeIgniter.php(896): App\Controllers\Tabungan->detailTabungan('6')
 7 SYSTEMPATH\CodeIgniter.php(466): CodeIgniter\CodeIgniter->runController(Object(App\Controllers\Tabungan))
 8 SYSTEMPATH\CodeIgniter.php(349): CodeIgniter\CodeIgniter->handleRequest(null, Object(Config\Cache), false)
 9 FCPATH\index.php(55): CodeIgniter\CodeIgniter->run()
10 SYSTEMPATH\Commands\Server\rewrite.php(43): require_once('FCPATH\\index.php')
CRITICAL - 2023-08-30 20:48:26 --> Trying to access array offset on value of type null
in APPPATH\Views\v_detailTabungan.php on line 12.
 1 APPPATH\Views\v_detailTabungan.php(12): CodeIgniter\Debug\Exceptions->errorHandler(8, 'Trying to access array offset on value of type null', 'APPPATH\\Views\\v_detailTabungan.php', 12, [...])
 2 SYSTEMPATH\View\View.php(213): include('APPPATH\\Views\\v_detailTabungan.php')
 3 SYSTEMPATH\View\View.php(216): CodeIgniter\View\View->CodeIgniter\View\{closure}()
 4 SYSTEMPATH\Common.php(1135): CodeIgniter\View\View->render('v_detailTabungan', [], true)
 5 APPPATH\Controllers\Tabungan.php(37): view('v_detailTabungan', [...])
 6 SYSTEMPATH\CodeIgniter.php(896): App\Controllers\Tabungan->detailTabungan('1')
 7 SYSTEMPATH\CodeIgniter.php(466): CodeIgniter\CodeIgniter->runController(Object(App\Controllers\Tabungan))
 8 SYSTEMPATH\CodeIgniter.php(349): CodeIgniter\CodeIgniter->handleRequest(null, Object(Config\Cache), false)
 9 FCPATH\index.php(55): CodeIgniter\CodeIgniter->run()
10 SYSTEMPATH\Commands\Server\rewrite.php(43): require_once('FCPATH\\index.php')
CRITICAL - 2023-08-30 20:48:52 --> Trying to access array offset on value of type null
in APPPATH\Views\v_detailTabungan.php on line 12.
 1 APPPATH\Views\v_detailTabungan.php(12): CodeIgniter\Debug\Exceptions->errorHandler(8, 'Trying to access array offset on value of type null', 'APPPATH\\Views\\v_detailTabungan.php', 12, [...])
 2 SYSTEMPATH\View\View.php(213): include('APPPATH\\Views\\v_detailTabungan.php')
 3 SYSTEMPATH\View\View.php(216): CodeIgniter\View\View->CodeIgniter\View\{closure}()
 4 SYSTEMPATH\Common.php(1135): CodeIgniter\View\View->render('v_detailTabungan', [], true)
 5 APPPATH\Controllers\Tabungan.php(37): view('v_detailTabungan', [...])
 6 SYSTEMPATH\CodeIgniter.php(896): App\Controllers\Tabungan->detailTabungan('1')
 7 SYSTEMPATH\CodeIgniter.php(466): CodeIgniter\CodeIgniter->runController(Object(App\Controllers\Tabungan))
 8 SYSTEMPATH\CodeIgniter.php(349): CodeIgniter\CodeIgniter->handleRequest(null, Object(Config\Cache), false)
 9 FCPATH\index.php(55): CodeIgniter\CodeIgniter->run()
10 SYSTEMPATH\Commands\Server\rewrite.php(43): require_once('FCPATH\\index.php')
CRITICAL - 2023-08-30 20:52:11 --> Undefined index: saldo
in APPPATH\Views\v_detailTabungan.php on line 29.
 1 APPPATH\Views\v_detailTabungan.php(29): CodeIgniter\Debug\Exceptions->errorHandler(8, 'Undefined index: saldo', 'APPPATH\\Views\\v_detailTabungan.php', 29, [...])
 2 SYSTEMPATH\View\View.php(213): include('APPPATH\\Views\\v_detailTabungan.php')
 3 SYSTEMPATH\View\View.php(216): CodeIgniter\View\View->CodeIgniter\View\{closure}()
 4 SYSTEMPATH\Common.php(1135): CodeIgniter\View\View->render('v_detailTabungan', [], true)
 5 APPPATH\Controllers\Tabungan.php(37): view('v_detailTabungan', [...])
 6 SYSTEMPATH\CodeIgniter.php(896): App\Controllers\Tabungan->detailTabungan('2')
 7 SYSTEMPATH\CodeIgniter.php(466): CodeIgniter\CodeIgniter->runController(Object(App\Controllers\Tabungan))
 8 SYSTEMPATH\CodeIgniter.php(349): CodeIgniter\CodeIgniter->handleRequest(null, Object(Config\Cache), false)
 9 FCPATH\index.php(55): CodeIgniter\CodeIgniter->run()
10 SYSTEMPATH\Commands\Server\rewrite.php(43): require_once('FCPATH\\index.php')
CRITICAL - 2023-08-30 20:58:02 --> Undefined index: saldo
in APPPATH\Views\v_detailTabungan.php on line 29.
 1 APPPATH\Views\v_detailTabungan.php(29): CodeIgniter\Debug\Exceptions->errorHandler(8, 'Undefined index: saldo', 'APPPATH\\Views\\v_detailTabungan.php', 29, [...])
 2 SYSTEMPATH\View\View.php(213): include('APPPATH\\Views\\v_detailTabungan.php')
 3 SYSTEMPATH\View\View.php(216): CodeIgniter\View\View->CodeIgniter\View\{closure}()
 4 SYSTEMPATH\Common.php(1135): CodeIgniter\View\View->render('v_detailTabungan', [], true)
 5 APPPATH\Controllers\Tabungan.php(37): view('v_detailTabungan', [...])
 6 SYSTEMPATH\CodeIgniter.php(896): App\Controllers\Tabungan->detailTabungan('2')
 7 SYSTEMPATH\CodeIgniter.php(466): CodeIgniter\CodeIgniter->runController(Object(App\Controllers\Tabungan))
 8 SYSTEMPATH\CodeIgniter.php(349): CodeIgniter\CodeIgniter->handleRequest(null, Object(Config\Cache), false)
 9 FCPATH\index.php(55): CodeIgniter\CodeIgniter->run()
10 SYSTEMPATH\Commands\Server\rewrite.php(43): require_once('FCPATH\\index.php')
CRITICAL - 2023-08-30 21:00:18 --> Undefined index: saldo
in APPPATH\Views\v_detailTabungan.php on line 29.
 1 APPPATH\Views\v_detailTabungan.php(29): CodeIgniter\Debug\Exceptions->errorHandler(8, 'Undefined index: saldo', 'APPPATH\\Views\\v_detailTabungan.php', 29, [...])
 2 SYSTEMPATH\View\View.php(213): include('APPPATH\\Views\\v_detailTabungan.php')
 3 SYSTEMPATH\View\View.php(216): CodeIgniter\View\View->CodeIgniter\View\{closure}()
 4 SYSTEMPATH\Common.php(1135): CodeIgniter\View\View->render('v_detailTabungan', [], true)
 5 APPPATH\Controllers\Tabungan.php(37): view('v_detailTabungan', [...])
 6 SYSTEMPATH\CodeIgniter.php(896): App\Controllers\Tabungan->detailTabungan('2')
 7 SYSTEMPATH\CodeIgniter.php(466): CodeIgniter\CodeIgniter->runController(Object(App\Controllers\Tabungan))
 8 SYSTEMPATH\CodeIgniter.php(349): CodeIgniter\CodeIgniter->handleRequest(null, Object(Config\Cache), false)
 9 FCPATH\index.php(55): CodeIgniter\CodeIgniter->run()
10 SYSTEMPATH\Commands\Server\rewrite.php(43): require_once('FCPATH\\index.php')
CRITICAL - 2023-08-30 21:02:42 --> Undefined index: saldo
in APPPATH\Controllers\Tabungan.php on line 80.
 1 APPPATH\Controllers\Tabungan.php(80): CodeIgniter\Debug\Exceptions->errorHandler(8, 'Undefined index: saldo', 'APPPATH\\Controllers\\Tabungan.php', 80, [...])
 2 SYSTEMPATH\CodeIgniter.php(896): App\Controllers\Tabungan->insertData()
 3 SYSTEMPATH\CodeIgniter.php(466): CodeIgniter\CodeIgniter->runController(Object(App\Controllers\Tabungan))
 4 SYSTEMPATH\CodeIgniter.php(349): CodeIgniter\CodeIgniter->handleRequest(null, Object(Config\Cache), false)
 5 FCPATH\index.php(55): CodeIgniter\CodeIgniter->run()
 6 SYSTEMPATH\Commands\Server\rewrite.php(43): require_once('FCPATH\\index.php')
CRITICAL - 2023-08-30 21:06:15 --> Undefined index: saldo
in APPPATH\Views\v_detailTabungan.php on line 28.
 1 APPPATH\Views\v_detailTabungan.php(28): CodeIgniter\Debug\Exceptions->errorHandler(8, 'Undefined index: saldo', 'APPPATH\\Views\\v_detailTabungan.php', 28, [...])
 2 SYSTEMPATH\View\View.php(213): include('APPPATH\\Views\\v_detailTabungan.php')
 3 SYSTEMPATH\View\View.php(216): CodeIgniter\View\View->CodeIgniter\View\{closure}()
 4 SYSTEMPATH\Common.php(1135): CodeIgniter\View\View->render('v_detailTabungan', [], true)
 5 APPPATH\Controllers\Tabungan.php(37): view('v_detailTabungan', [...])
 6 SYSTEMPATH\CodeIgniter.php(896): App\Controllers\Tabungan->detailTabungan('2')
 7 SYSTEMPATH\CodeIgniter.php(466): CodeIgniter\CodeIgniter->runController(Object(App\Controllers\Tabungan))
 8 SYSTEMPATH\CodeIgniter.php(349): CodeIgniter\CodeIgniter->handleRequest(null, Object(Config\Cache), false)
 9 FCPATH\index.php(55): CodeIgniter\CodeIgniter->run()
10 SYSTEMPATH\Commands\Server\rewrite.php(43): require_once('FCPATH\\index.php')
CRITICAL - 2023-08-30 21:11:20 --> Call to undefined method App\Models\ModelTabungan::findNasabah
in SYSTEMPATH\Model.php on line 773.
 1 APPPATH\Controllers\Tabungan.php(143): CodeIgniter\Model->__call('findNasabah', [...])
 2 SYSTEMPATH\CodeIgniter.php(896): App\Controllers\Tabungan->insertData()
 3 SYSTEMPATH\CodeIgniter.php(466): CodeIgniter\CodeIgniter->runController(Object(App\Controllers\Tabungan))
 4 SYSTEMPATH\CodeIgniter.php(349): CodeIgniter\CodeIgniter->handleRequest(null, Object(Config\Cache), false)
 5 FCPATH\index.php(55): CodeIgniter\CodeIgniter->run()
 6 SYSTEMPATH\Commands\Server\rewrite.php(43): require_once('FCPATH\\index.php')
CRITICAL - 2023-08-30 21:13:12 --> Undefined index: saldo
in APPPATH\Controllers\Tabungan.php on line 146.
 1 APPPATH\Controllers\Tabungan.php(146): CodeIgniter\Debug\Exceptions->errorHandler(8, 'Undefined index: saldo', 'APPPATH\\Controllers\\Tabungan.php', 146, [...])
 2 SYSTEMPATH\CodeIgniter.php(896): App\Controllers\Tabungan->insertData()
 3 SYSTEMPATH\CodeIgniter.php(466): CodeIgniter\CodeIgniter->runController(Object(App\Controllers\Tabungan))
 4 SYSTEMPATH\CodeIgniter.php(349): CodeIgniter\CodeIgniter->handleRequest(null, Object(Config\Cache), false)
 5 FCPATH\index.php(55): CodeIgniter\CodeIgniter->run()
 6 SYSTEMPATH\Commands\Server\rewrite.php(43): require_once('FCPATH\\index.php')
CRITICAL - 2023-08-30 21:14:44 --> Undefined index: saldo
in APPPATH\Controllers\Tabungan.php on line 146.
 1 APPPATH\Controllers\Tabungan.php(146): CodeIgniter\Debug\Exceptions->errorHandler(8, 'Undefined index: saldo', 'APPPATH\\Controllers\\Tabungan.php', 146, [...])
 2 SYSTEMPATH\CodeIgniter.php(896): App\Controllers\Tabungan->insertData()
 3 SYSTEMPATH\CodeIgniter.php(466): CodeIgniter\CodeIgniter->runController(Object(App\Controllers\Tabungan))
 4 SYSTEMPATH\CodeIgniter.php(349): CodeIgniter\CodeIgniter->handleRequest(null, Object(Config\Cache), false)
 5 FCPATH\index.php(55): CodeIgniter\CodeIgniter->run()
 6 SYSTEMPATH\Commands\Server\rewrite.php(43): require_once('FCPATH\\index.php')
CRITICAL - 2023-08-30 21:15:50 --> Call to undefined method App\Models\ModelTabungan::findNasah
in SYSTEMPATH\Model.php on line 773.
 1 APPPATH\Controllers\Tabungan.php(143): CodeIgniter\Model->__call('findNasah', [...])
 2 SYSTEMPATH\CodeIgniter.php(896): App\Controllers\Tabungan->insertData()
 3 SYSTEMPATH\CodeIgniter.php(466): CodeIgniter\CodeIgniter->runController(Object(App\Controllers\Tabungan))
 4 SYSTEMPATH\CodeIgniter.php(349): CodeIgniter\CodeIgniter->handleRequest(null, Object(Config\Cache), false)
 5 FCPATH\index.php(55): CodeIgniter\CodeIgniter->run()
 6 SYSTEMPATH\Commands\Server\rewrite.php(43): require_once('FCPATH\\index.php')
ERROR - 2023-08-30 21:16:05 --> Unknown column 'saldo' in 'field list'
CRITICAL - 2023-08-30 21:16:05 --> Unknown column 'saldo' in 'field list'
in SYSTEMPATH\Database\MySQLi\Connection.php on line 292.
 1 SYSTEMPATH\Database\MySQLi\Connection.php(292): mysqli->query('UPDATE `tbl_tabungan` SET `saldo` = 2000000
WHERE `nasabah_id` = \'2\'', 0)
 2 SYSTEMPATH\Database\BaseConnection.php(695): CodeIgniter\Database\MySQLi\Connection->execute('UPDATE `tbl_tabungan` SET `saldo` = 2000000
WHERE `nasabah_id` = \'2\'')
 3 SYSTEMPATH\Database\BaseConnection.php(609): CodeIgniter\Database\BaseConnection->simpleQuery('UPDATE `tbl_tabungan` SET `saldo` = 2000000
WHERE `nasabah_id` = \'2\'')
 4 SYSTEMPATH\Database\BaseBuilder.php(2046): CodeIgniter\Database\BaseConnection->query('UPDATE `tbl_tabungan` SET `saldo` = :saldo:
WHERE `nasabah_id` = :nasabah_id:', [...], false)
 5 SYSTEMPATH\Model.php(337): CodeIgniter\Database\BaseBuilder->update()
 6 SYSTEMPATH\BaseModel.php(865): CodeIgniter\Model->doUpdate(null, [...])
 7 SYSTEMPATH\Model.php(692): CodeIgniter\BaseModel->update(null, [...])
 8 APPPATH\Models\ModelTabungan.php(73): CodeIgniter\Model->update()
 9 APPPATH\Controllers\Tabungan.php(148): App\Models\ModelTabungan->updateSaldo('2', 2000000.0)
10 SYSTEMPATH\CodeIgniter.php(896): App\Controllers\Tabungan->insertData()
11 SYSTEMPATH\CodeIgniter.php(466): CodeIgniter\CodeIgniter->runController(Object(App\Controllers\Tabungan))
12 SYSTEMPATH\CodeIgniter.php(349): CodeIgniter\CodeIgniter->handleRequest(null, Object(Config\Cache), false)
13 FCPATH\index.php(55): CodeIgniter\CodeIgniter->run()
14 SYSTEMPATH\Commands\Server\rewrite.php(43): require_once('FCPATH\\index.php')
ERROR - 2023-08-30 21:17:18 --> Unknown column 'saldo' in 'field list'
CRITICAL - 2023-08-30 21:17:18 --> Unknown column 'saldo' in 'field list'
in SYSTEMPATH\Database\MySQLi\Connection.php on line 292.
 1 SYSTEMPATH\Database\MySQLi\Connection.php(292): mysqli->query('UPDATE `tbl_tabungan` SET `saldo` = 2000000
WHERE `nasabah_id` = \'2\'', 0)
 2 SYSTEMPATH\Database\BaseConnection.php(695): CodeIgniter\Database\MySQLi\Connection->execute('UPDATE `tbl_tabungan` SET `saldo` = 2000000
WHERE `nasabah_id` = \'2\'')
 3 SYSTEMPATH\Database\BaseConnection.php(609): CodeIgniter\Database\BaseConnection->simpleQuery('UPDATE `tbl_tabungan` SET `saldo` = 2000000
WHERE `nasabah_id` = \'2\'')
 4 SYSTEMPATH\Database\BaseBuilder.php(2046): CodeIgniter\Database\BaseConnection->query('UPDATE `tbl_tabungan` SET `saldo` = :saldo:
WHERE `nasabah_id` = :nasabah_id:', [...], false)
 5 SYSTEMPATH\Model.php(337): CodeIgniter\Database\BaseBuilder->update()
 6 SYSTEMPATH\BaseModel.php(865): CodeIgniter\Model->doUpdate(null, [...])
 7 SYSTEMPATH\Model.php(692): CodeIgniter\BaseModel->update(null, [...])
 8 APPPATH\Models\ModelTabungan.php(73): CodeIgniter\Model->update()
 9 APPPATH\Controllers\Tabungan.php(148): App\Models\ModelTabungan->updateSaldo('2', 2000000.0)
10 SYSTEMPATH\CodeIgniter.php(896): App\Controllers\Tabungan->insertData()
11 SYSTEMPATH\CodeIgniter.php(466): CodeIgniter\CodeIgniter->runController(Object(App\Controllers\Tabungan))
12 SYSTEMPATH\CodeIgniter.php(349): CodeIgniter\CodeIgniter->handleRequest(null, Object(Config\Cache), false)
13 FCPATH\index.php(55): CodeIgniter\CodeIgniter->run()
14 SYSTEMPATH\Commands\Server\rewrite.php(43): require_once('FCPATH\\index.php')
