CRITICAL - 2023-08-31 17:32:54 --> Undefined variable: nasabah
in APPPATH\Views\v_detailTabungan.php on line 12.
 1 APPPATH\Views\v_detailTabungan.php(12): CodeIgniter\Debug\Exceptions->errorHandler(8, 'Undefined variable: nasabah', 'APPPATH\\Views\\v_detailTabungan.php', 12, [...])
 2 SYSTEMPATH\View\View.php(213): include('APPPATH\\Views\\v_detailTabungan.php')
 3 SYSTEMPATH\View\View.php(216): CodeIgniter\View\View->CodeIgniter\View\{closure}()
 4 SYSTEMPATH\Common.php(1135): CodeIgniter\View\View->render('v_detailTabungan', [], true)
 5 APPPATH\Controllers\Tabungan.php(37): view('v_detailTabungan', [...])
 6 SYSTEMPATH\CodeIgniter.php(896): App\Controllers\Tabungan->detailTabungan('2')
 7 SYSTEMPATH\CodeIgniter.php(466): CodeIgniter\CodeIgniter->runController(Object(App\Controllers\Tabungan))
 8 SYSTEMPATH\CodeIgniter.php(349): CodeIgniter\CodeIgniter->handleRequest(null, Object(Config\Cache), false)
 9 FCPATH\index.php(55): CodeIgniter\CodeIgniter->run()
10 SYSTEMPATH\Commands\Server\rewrite.php(43): require_once('FCPATH\\index.php')
CRITICAL - 2023-08-31 17:33:45 --> Undefined index: nama_nasabah
in APPPATH\Views\v_detailTabungan.php on line 12.
 1 APPPATH\Views\v_detailTabungan.php(12): CodeIgniter\Debug\Exceptions->errorHandler(8, 'Undefined index: nama_nasabah', 'APPPATH\\Views\\v_detailTabungan.php', 12, [...])
 2 SYSTEMPATH\View\View.php(213): include('APPPATH\\Views\\v_detailTabungan.php')
 3 SYSTEMPATH\View\View.php(216): CodeIgniter\View\View->CodeIgniter\View\{closure}()
 4 SYSTEMPATH\Common.php(1135): CodeIgniter\View\View->render('v_detailTabungan', [], true)
 5 APPPATH\Controllers\Tabungan.php(37): view('v_detailTabungan', [...])
 6 SYSTEMPATH\CodeIgniter.php(896): App\Controllers\Tabungan->detailTabungan('2')
 7 SYSTEMPATH\CodeIgniter.php(466): CodeIgniter\CodeIgniter->runController(Object(App\Controllers\Tabungan))
 8 SYSTEMPATH\CodeIgniter.php(349): CodeIgniter\CodeIgniter->handleRequest(null, Object(Config\Cache), false)
 9 FCPATH\index.php(55): CodeIgniter\CodeIgniter->run()
10 SYSTEMPATH\Commands\Server\rewrite.php(43): require_once('FCPATH\\index.php')
CRITICAL - 2023-08-31 17:35:30 --> Illegal string offset 'tgl_masuk'
in APPPATH\Views\v_detailTabungan.php on line 53.
 1 APPPATH\Views\v_detailTabungan.php(53): CodeIgniter\Debug\Exceptions->errorHandler(2, 'Illegal string offset \'tgl_masuk\'', 'APPPATH\\Views\\v_detailTabungan.php', 53, [...])
 2 SYSTEMPATH\View\View.php(213): include('APPPATH\\Views\\v_detailTabungan.php')
 3 SYSTEMPATH\View\View.php(216): CodeIgniter\View\View->CodeIgniter\View\{closure}()
 4 SYSTEMPATH\Common.php(1135): CodeIgniter\View\View->render('v_detailTabungan', [], true)
 5 APPPATH\Controllers\Tabungan.php(37): view('v_detailTabungan', [...])
 6 SYSTEMPATH\CodeIgniter.php(896): App\Controllers\Tabungan->detailTabungan('2')
 7 SYSTEMPATH\CodeIgniter.php(466): CodeIgniter\CodeIgniter->runController(Object(App\Controllers\Tabungan))
 8 SYSTEMPATH\CodeIgniter.php(349): CodeIgniter\CodeIgniter->handleRequest(null, Object(Config\Cache), false)
 9 FCPATH\index.php(55): CodeIgniter\CodeIgniter->run()
10 SYSTEMPATH\Commands\Server\rewrite.php(43): require_once('FCPATH\\index.php')
