CRITICAL - 2023-09-02 23:50:12 --> Class 'App\Models\ModelJenisSampah' not found
in APPPATH\Controllers\JenisSampah.php on line 12.
 1 SYSTEMPATH\CodeIgniter.php(858): App\Controllers\JenisSampah->__construct()
 2 SYSTEMPATH\CodeIgniter.php(457): CodeIgniter\CodeIgniter->createController()
 3 SYSTEMPATH\CodeIgniter.php(349): CodeIgniter\CodeIgniter->handleRequest(null, Object(Config\Cache), false)
 4 FCPATH\index.php(55): CodeIgniter\CodeIgniter->run()
 5 SYSTEMPATH\Commands\Server\rewrite.php(43): require_once('FCPATH\\index.php')
ERROR - 2023-09-02 23:56:55 --> Column 'jenis_sampah' cannot be null
CRITICAL - 2023-09-02 23:56:55 --> Column 'jenis_sampah' cannot be null
in SYSTEMPATH\Database\MySQLi\Connection.php on line 292.
 1 SYSTEMPATH\Database\MySQLi\Connection.php(292): mysqli->query('INSERT INTO `tbl_jenis_sampah` (`jenis_sampah`, `harga`) VALUES (NULL, \'2500\')', 0)
 2 SYSTEMPATH\Database\BaseConnection.php(695): CodeIgniter\Database\MySQLi\Connection->execute('INSERT INTO `tbl_jenis_sampah` (`jenis_sampah`, `harga`) VALUES (NULL, \'2500\')')
 3 SYSTEMPATH\Database\BaseConnection.php(609): CodeIgniter\Database\BaseConnection->simpleQuery('INSERT INTO `tbl_jenis_sampah` (`jenis_sampah`, `harga`) VALUES (NULL, \'2500\')')
 4 SYSTEMPATH\Database\BaseBuilder.php(1904): CodeIgniter\Database\BaseConnection->query('INSERT INTO `tbl_jenis_sampah` (`jenis_sampah`, `harga`) VALUES (:jenis_sampah:, :harga:)', [...], false)
 5 APPPATH\Models\ModelJenisSampah.php(20): CodeIgniter\Database\BaseBuilder->insert([...])
 6 APPPATH\Controllers\JenisSampah.php(32): App\Models\ModelJenisSampah->insertData([...])
 7 SYSTEMPATH\CodeIgniter.php(896): App\Controllers\JenisSampah->insertData()
 8 SYSTEMPATH\CodeIgniter.php(466): CodeIgniter\CodeIgniter->runController(Object(App\Controllers\JenisSampah))
 9 SYSTEMPATH\CodeIgniter.php(349): CodeIgniter\CodeIgniter->handleRequest(null, Object(Config\Cache), false)
10 FCPATH\index.php(55): CodeIgniter\CodeIgniter->run()
11 SYSTEMPATH\Commands\Server\rewrite.php(43): require_once('FCPATH\\index.php')
